This is pdfTeX, Version 3.141592-1.40.3 (Web2C 7.5.6) (format=pdflatex 2008.3.24)  16 MAR 2009 13:20
entering extended mode
**BJ08
(./BJ08.tex
LaTeX2e <2005/12/01>
Babel <v3.8h> and hyphenation patterns for english, usenglishmax, dumylang, noh
yphenation, arabic, basque, bulgarian, coptic, welsh, czech, slovak, german, ng
erman, danish, esperanto, spanish, catalan, galician, estonian, farsi, finnish,
 french, greek, monogreek, ancientgreek, croatian, hungarian, interlingua, ibyc
us, indonesian, icelandic, italian, latin, mongolian, dutch, norsk, polish, por
tuguese, pinyin, romanian, russian, slovenian, uppersorbian, serbian, swedish, 
turkish, ukenglish, ukrainian, loaded.
(/opt/local/share/texmf-dist/tex/latex/base/article.cls
Document Class: article 2005/09/16 v1.4f Standard LaTeX document class
(/opt/local/share/texmf-dist/tex/latex/base/size10.clo
File: size10.clo 2005/09/16 v1.4f Standard LaTeX file (size option)
)
\c@part=\count79
\c@section=\count80
\c@subsection=\count81
\c@subsubsection=\count82
\c@paragraph=\count83
\c@subparagraph=\count84
\c@figure=\count85
\c@table=\count86
\abovecaptionskip=\skip41
\belowcaptionskip=\skip42
\bibindent=\dimen102
)
(/opt/local/share/texmf-dist/tex/latex/tools/multicol.sty
Package: multicol 2006/05/18 v1.6g multicolumn formatting (FMi)
\c@tracingmulticols=\count87
\mult@box=\box26
\multicol@leftmargin=\dimen103
\c@unbalance=\count88
\c@collectmore=\count89
\doublecol@number=\count90
\multicoltolerance=\count91
\multicolpretolerance=\count92
\full@width=\dimen104
\page@free=\dimen105
\premulticols=\dimen106
\postmulticols=\dimen107
\multicolsep=\skip43
\multicolbaselineskip=\skip44
\partial@page=\box27
\last@line=\box28
\mult@rightbox=\box29
\mult@grightbox=\box30
\mult@gfirstbox=\box31
\mult@firstbox=\box32
\@tempa=\box33
\@tempa=\box34
\@tempa=\box35
\@tempa=\box36
\@tempa=\box37
\@tempa=\box38
\@tempa=\box39
\@tempa=\box40
\@tempa=\box41
\@tempa=\box42
\@tempa=\box43
\@tempa=\box44
\@tempa=\box45
\@tempa=\box46
\@tempa=\box47
\@tempa=\box48
\@tempa=\box49
\c@columnbadness=\count93
\c@finalcolumnbadness=\count94
\last@try=\dimen108
\multicolovershoot=\dimen109
\multicolundershoot=\dimen110
\mult@nat@firstbox=\box50
\colbreak@box=\box51
)
(/opt/local/share/texmf-dist/tex/latex/amsmath/amsmath.sty
Package: amsmath 2000/07/18 v2.13 AMS math features
\@mathmargin=\skip45

For additional information on amsmath, use the `?' option.
(/opt/local/share/texmf-dist/tex/latex/amsmath/amstext.sty
Package: amstext 2000/06/29 v2.01

(/opt/local/share/texmf-dist/tex/latex/amsmath/amsgen.sty
File: amsgen.sty 1999/11/30 v2.0
\@emptytoks=\toks14
\ex@=\dimen111
))
(/opt/local/share/texmf-dist/tex/latex/amsmath/amsbsy.sty
Package: amsbsy 1999/11/29 v1.2d
\pmbraise@=\dimen112
)
(/opt/local/share/texmf-dist/tex/latex/amsmath/amsopn.sty
Package: amsopn 1999/12/14 v2.01 operator names
)
\inf@bad=\count95
LaTeX Info: Redefining \frac on input line 211.
\uproot@=\count96
\leftroot@=\count97
LaTeX Info: Redefining \overline on input line 307.
\classnum@=\count98
\DOTSCASE@=\count99
LaTeX Info: Redefining \ldots on input line 379.
LaTeX Info: Redefining \dots on input line 382.
LaTeX Info: Redefining \cdots on input line 467.
\Mathstrutbox@=\box52
\strutbox@=\box53
\big@size=\dimen113
LaTeX Font Info:    Redeclaring font encoding OML on input line 567.
LaTeX Font Info:    Redeclaring font encoding OMS on input line 568.
\macc@depth=\count100
\c@MaxMatrixCols=\count101
\dotsspace@=\muskip10
\c@parentequation=\count102
\dspbrk@lvl=\count103
\tag@help=\toks15
\row@=\count104
\column@=\count105
\maxfields@=\count106
\andhelp@=\toks16
\eqnshift@=\dimen114
\alignsep@=\dimen115
\tagshift@=\dimen116
\tagwidth@=\dimen117
\totwidth@=\dimen118
\lineht@=\dimen119
\@envbody=\toks17
\multlinegap=\skip46
\multlinetaggap=\skip47
\mathdisplay@stack=\toks18
LaTeX Info: Redefining \[ on input line 2666.
LaTeX Info: Redefining \] on input line 2667.
)
(/opt/local/share/texmf-dist/tex/latex/graphics/graphicx.sty
Package: graphicx 1999/02/16 v1.0f Enhanced LaTeX Graphics (DPC,SPQR)

(/opt/local/share/texmf-dist/tex/latex/graphics/keyval.sty
Package: keyval 1999/03/16 v1.13 key=value parser (DPC)
\KV@toks@=\toks19
)
(/opt/local/share/texmf-dist/tex/latex/graphics/graphics.sty
Package: graphics 2006/02/20 v1.0o Standard LaTeX Graphics (DPC,SPQR)

(/opt/local/share/texmf-dist/tex/latex/graphics/trig.sty
Package: trig 1999/03/16 v1.09 sin cos tan (DPC)
)
(/opt/local/share/texmf/tex/latex/config/graphics.cfg
File: graphics.cfg 2007/01/18 v1.5 graphics configuration of teTeX/TeXLive
)
Package graphics Info: Driver file: pdftex.def on input line 90.

(/opt/local/share/texmf-dist/tex/latex/pdftex-def/pdftex.def
File: pdftex.def 2007/01/08 v0.04d Graphics/color for pdfTeX
\Gread@gobject=\count107
))
\Gin@req@height=\dimen120
\Gin@req@width=\dimen121
)
(/opt/local/share/texmf-dist/tex/latex/amsfonts/amsfonts.sty
Package: amsfonts 2001/10/25 v2.2f
\symAMSa=\mathgroup4
\symAMSb=\mathgroup5
LaTeX Font Info:    Overwriting math alphabet `\mathfrak' in version `bold'
(Font)                  U/euf/m/n --> U/euf/b/n on input line 132.
)
(/opt/local/share/texmf-dist/tex/latex/amscls/amsthm.sty
Package: amsthm 2004/08/06 v2.20
\thm@style=\toks20
\thm@bodyfont=\toks21
\thm@headfont=\toks22
\thm@notefont=\toks23
\thm@headpunct=\toks24
\thm@preskip=\skip48
\thm@postskip=\skip49
\thm@headsep=\skip50
\dth@everypar=\toks25
)
(/opt/local/share/texmf-dist/tex/latex/psnfss/times.sty
Package: times 2005/04/12 PSNFSS-v9.2a (SPQR) 
)
(/opt/local/share/texmf-dist/tex/latex/geometry/geometry.sty
Package: geometry 2002/07/08 v3.2 Page Geometry
\Gm@cnth=\count108
\Gm@cntv=\count109
\c@Gm@tempcnt=\count110
\Gm@bindingoffset=\dimen122
\Gm@wd@mp=\dimen123
\Gm@odd@mp=\dimen124
\Gm@even@mp=\dimen125
\Gm@dimlist=\toks26
)
(/opt/local/share/texmf-dist/tex/latex/natbib/natbib.sty
Package: natbib 2007/02/05 8.0 (PWD)
\bibhang=\skip51
\bibsep=\skip52
LaTeX Info: Redefining \cite on input line 602.
\c@NAT@ctr=\count111
)
(/opt/local/share/texmf-dist/tex/latex/hyperref/hyperref.sty
Package: hyperref 2007/02/07 v6.75r Hypertext links for LaTeX
\@linkdim=\dimen126
\Hy@linkcounter=\count112
\Hy@pagecounter=\count113

(/opt/local/share/texmf-dist/tex/latex/hyperref/pd1enc.def
File: pd1enc.def 2007/02/07 v6.75r Hyperref: PDFDocEncoding definition (HO)
)
(/opt/local/share/texmf/tex/latex/config/hyperref.cfg
File: hyperref.cfg 2002/06/06 v1.2 hyperref configuration of TeXLive
)
(/opt/local/share/texmf-dist/tex/latex/oberdiek/kvoptions.sty
Package: kvoptions 2006/08/22 v2.4 Connects package keyval with LaTeX options (
HO)
)
Package hyperref Info: Hyper figures OFF on input line 2288.
Package hyperref Info: Link nesting OFF on input line 2293.
Package hyperref Info: Hyper index ON on input line 2296.
Package hyperref Info: Plain pages OFF on input line 2303.
Package hyperref Info: Backreferencing OFF on input line 2308.

Implicit mode ON; LaTeX internals redefined
Package hyperref Info: Bookmarks ON on input line 2444.
(/opt/local/share/texmf-local/tex/latex/html/url.sty
Package: url 1999/03/02  ver 1.4  Verb mode for urls, email addresses, and file
 names
)
LaTeX Info: Redefining \url on input line 2599.
\Fld@menulength=\count114
\Field@Width=\dimen127
\Fld@charsize=\dimen128
\Choice@toks=\toks27
\Field@toks=\toks28
Package hyperref Info: Hyper figures OFF on input line 3102.
Package hyperref Info: Link nesting OFF on input line 3107.
Package hyperref Info: Hyper index ON on input line 3110.
Package hyperref Info: backreferencing OFF on input line 3117.
Package hyperref Info: Link coloring OFF on input line 3122.
\Hy@abspage=\count115
\c@Item=\count116
\c@Hfootnote=\count117
)
*hyperref using default driver hpdftex*
(/opt/local/share/texmf-dist/tex/latex/hyperref/hpdftex.def
File: hpdftex.def 2007/02/07 v6.75r Hyperref driver for pdfTeX
\Fld@listcount=\count118
) (./BJ08.aux)
\openout1 = `BJ08.aux'.

LaTeX Font Info:    Checking defaults for OML/cmm/m/it on input line 49.
LaTeX Font Info:    ... okay on input line 49.
LaTeX Font Info:    Checking defaults for T1/cmr/m/n on input line 49.
LaTeX Font Info:    ... okay on input line 49.
LaTeX Font Info:    Checking defaults for OT1/cmr/m/n on input line 49.
LaTeX Font Info:    ... okay on input line 49.
LaTeX Font Info:    Checking defaults for OMS/cmsy/m/n on input line 49.
LaTeX Font Info:    ... okay on input line 49.
LaTeX Font Info:    Checking defaults for OMX/cmex/m/n on input line 49.
LaTeX Font Info:    ... okay on input line 49.
LaTeX Font Info:    Checking defaults for U/cmr/m/n on input line 49.
LaTeX Font Info:    ... okay on input line 49.
LaTeX Font Info:    Checking defaults for PD1/pdf/m/n on input line 49.
LaTeX Font Info:    ... okay on input line 49.
LaTeX Font Info:    Try loading font information for OT1+ptm on input line 49.

(/opt/local/share/texmf-dist/tex/latex/psnfss/ot1ptm.fd
File: ot1ptm.fd 2001/06/04 font definitions for OT1/ptm.
)
(/opt/local/share/texmf-dist/tex/context/base/supp-pdf.tex
[Loading MPS to PDF converter (version 2006.09.02).]
\scratchcounter=\count119
\scratchdimen=\dimen129
\scratchbox=\box54
\nofMPsegments=\count120
\nofMParguments=\count121
\MPscratchCnt=\count122
\MPscratchDim=\dimen130
\MPnumerator=\count123
\everyMPtoPDFconversion=\toks29
)
-------------------- Geometry parameters
paper: class default
landscape: --
twocolumn: --
twoside: --
asymmetric: --
h-parts: 92.14519pt, 0.7\paperwidth , 92.14519pt (default)
v-parts: 95.39737pt, 0.7\paperheight , 143.09605pt (default)
hmarginratio: 1:1
vmarginratio: 2:3
lines: --
heightrounded: --
bindingoffset: 0.0pt
truedimen: --
includehead: --
includefoot: --
includemp: --
driver: pdftex
-------------------- Page layout dimensions and switches
\paperwidth  614.295pt
\paperheight 794.96999pt
\textwidth  469.75499pt
\textheight 650.43pt
\oddsidemargin  0.0pt
\evensidemargin 0.0pt
\topmargin  -13.87262pt
\headheight 12.0pt
\headsep    25.0pt
\footskip   30.0pt
\marginparwidth 65.0pt
\marginparsep   11.0pt
\columnsep  10.0pt
\skip\footins  9.0pt plus 4.0pt minus 2.0pt
\hoffset 0.0pt
\voffset 0.0pt
\mag 1000

(1in=72.27pt, 1cm=28.45pt)
-----------------------
Package hyperref Info: Link coloring OFF on input line 49.
 (/opt/local/share/texmf-dist/tex/latex/hyperref/nameref.sty
Package: nameref 2006/12/27 v2.28 Cross-referencing by name of section

(/opt/local/share/texmf-dist/tex/latex/oberdiek/refcount.sty
Package: refcount 2006/02/20 v3.0 Data extraction from references (HO)
)
\c@section@level=\count124
)
LaTeX Info: Redefining \ref on input line 49.
LaTeX Info: Redefining \pageref on input line 49.
 (./BJ08.out)
(./BJ08.out)
\@outlinefile=\write3
\openout3 = `BJ08.out'.

LaTeX Font Info:    Try loading font information for U+msa on input line 51.
 (/opt/local/share/texmf-dist/tex/latex/amsfonts/umsa.fd
File: umsa.fd 2002/01/19 v2.2g AMS font definitions
)
LaTeX Font Info:    Try loading font information for U+msb on input line 51.

(/opt/local/share/texmf-dist/tex/latex/amsfonts/umsb.fd
File: umsb.fd 2002/01/19 v2.2g AMS font definitions
)
LaTeX Font Info:    Font shape `OT1/ptm/bx/n' in size <9> not available
(Font)              Font shape `OT1/ptm/b/n' tried instead on input line 51.
 [1

{/opt/local/share/texmf/fonts/map/pdftex/updmap/pdftex.map}]
LaTeX Font Info:    Font shape `OT1/ptm/bx/n' in size <14.4> not available
(Font)              Font shape `OT1/ptm/b/n' tried instead on input line 67.
 [2] [3] [4] [5]
LaTeX Font Info:    Font shape `OT1/ptm/bx/n' in size <10> not available
(Font)              Font shape `OT1/ptm/b/n' tried instead on input line 235.
 [6] [7] [8] [9]
[10]
LaTeX Font Info:    Font shape `OT1/ptm/bx/n' in size <12> not available
(Font)              Font shape `OT1/ptm/b/n' tried instead on input line 348.
 [11]
LaTeX Font Info:    Font shape `OT1/ptm/bx/n' in size <7> not available
(Font)              Font shape `OT1/ptm/b/n' tried instead on input line 426.
LaTeX Font Info:    Font shape `OT1/ptm/bx/n' in size <5> not available
(Font)              Font shape `OT1/ptm/b/n' tried instead on input line 426.
 [12] [13] [14] [15] [16] [17] [18]
Underfull \hbox (badness 1715) detected at line 822
 []$[]   [] \OML/cmm/m/it/10 P[][][][]\OMS/cmsy/m/n/10 j[][][] \OT1/cmr/m/n/10 
= [] \OML/cmm/m/it/10 P[][]\OT1/cmr/m/n/10 [[][]][] \OMS/cmsy/m/n/10 j \OT1/cmr
/m/n/10 [[][]][]\OML/cmm/m/it/10 ; n[][] \OT1/cmr/m/n/10 + [] \OML/cmm/m/it/10 
P[][]n[]\OMS/cmsy/m/n/10 j[][][] \OT1/cmr/m/n/10 + [] \OML/cmm/m/it/10 P[][][][
]\OMS/cmsy/m/n/10 j[][][]\OML/cmm/m/it/10 ;$ [][]  
 []

[19]
LaTeX Font Info:    Try loading font information for OT1+pcr on input line 835.

 (/opt/local/share/texmf-dist/tex/latex/psnfss/ot1pcr.fd
File: ot1pcr.fd 2001/06/04 font definitions for OT1/pcr.
) [20] [21]
[22] (./BJ08.bbl [23

]
Missing character: There is no Ã in font ptmr7t!
Missing character: There is no ¼ in font ptmr7t!
 [24] [25] [26]) [27] [28] [29

] [30]
<NoisySim_bw.pdf, id=770, 530.98375pt x 390.45876pt>
File: NoisySim_bw.pdf Graphic file (type pdf)
 <use NoisySim_bw.pdf>
[31

 <./NoisySim_bw.pdf>] <SaturSim_bw.pdf, id=785, 467.7475pt x 389.455pt>
File: SaturSim_bw.pdf Graphic file (type pdf)

<use SaturSim_bw.pdf> [32 <./SaturSim_bw.pdf>]
<BurstData_bw.pdf, id=799, 463.7325pt x 272.01625pt>
File: BurstData_bw.pdf Graphic file (type pdf)
 <use BurstData_bw.pdf>
[33 <./BurstData_bw.pdf>] <SaturData_bw.pdf, id=816, 461.725pt x 272.01625pt>
File: SaturData_bw.pdf Graphic file (type pdf)

<use SaturData_bw.pdf> [34 <./SaturData_bw.pdf>]
<ArraySim_bw.pdf, id=833, 444.66125pt x 334.24875pt>
File: ArraySim_bw.pdf Graphic file (type pdf)
 <use ArraySim_bw.pdf>
[35 <./ArraySim_bw.pdf>] <StimSim_bw.pdf, id=854, 468.75125pt x 446.66875pt>
File: StimSim_bw.pdf Graphic file (type pdf)

<use StimSim_bw.pdf>
Underfull \hbox (badness 10000) in paragraph at lines 1011--1013

 []

[36 <./StimSim_bw.pdf>] <StimData_bw.pdf, id=868, 468.75125pt x 331.2375pt>
File: StimData_bw.pdf Graphic file (type pdf)

<use StimData_bw.pdf> [37 <./StimData_bw.pdf>]
<ca_nonlin.pdf, id=883, 396.48125pt x 399.4925pt>
File: ca_nonlin.pdf Graphic file (type pdf)
 <use ca_nonlin.pdf> [38 <./ca_nonlin.pdf>] <SimSampl_bw.pdf, id=920, 468.75125
pt x 490.83376pt>
File: SimSampl_bw.pdf Graphic file (type pdf)

<use SimSampl_bw.pdf> [39 <./SimSampl_bw.pdf>]
<PFapprox2.pdf, id=934, 327.2225pt x 256.96pt>
File: PFapprox2.pdf Graphic file (type pdf)
 <use PFapprox2.pdf> [40 <./PFapprox2.pdf>] (./BJ08.aux) ) 
Here is how much of TeX's memory you used:
 4769 strings out of 94073
 63874 string characters out of 1164797
 139751 words of memory out of 1500000
 7697 multiletter control sequences out of 10000+50000
 36310 words of font info for 85 fonts, out of 1200000 for 2000
 645 hyphenation exceptions out of 8191
 27i,20n,36p,2075b,550s stack positions out of 5000i,500n,6000p,200000b,5000s
{/opt/local/share/tex
mf-dist/fonts/enc/dvips/base/8r.enc}</opt/local/share/texmf-dist/fonts/type1/bl
uesky/cm/cmex10.pfb></opt/local/share/texmf-dist/fonts/type1/bluesky/cm/cmmi10.
pfb></opt/local/share/texmf-dist/fonts/type1/bluesky/cm/cmmi5.pfb></opt/local/s
hare/texmf-dist/fonts/type1/bluesky/cm/cmmi7.pfb></opt/local/share/texmf-dist/f
onts/type1/bluesky/cm/cmmib10.pfb></opt/local/share/texmf-dist/fonts/type1/blue
sky/ams/cmmib5.pfb></opt/local/share/texmf-dist/fonts/type1/bluesky/ams/cmmib7.
pfb></opt/local/share/texmf-dist/fonts/type1/bluesky/cm/cmr10.pfb></opt/local/s
hare/texmf-dist/fonts/type1/bluesky/cm/cmr5.pfb></opt/local/share/texmf-dist/fo
nts/type1/bluesky/cm/cmr7.pfb></opt/local/share/texmf-dist/fonts/type1/bluesky/
cm/cmr8.pfb></opt/local/share/texmf-dist/fonts/type1/bluesky/cm/cmr9.pfb></opt/
local/share/texmf-dist/fonts/type1/bluesky/cm/cmsy10.pfb></opt/local/share/texm
f-dist/fonts/type1/bluesky/cm/cmsy5.pfb></opt/local/share/texmf-dist/fonts/type
1/bluesky/cm/cmsy7.pfb></opt/local/share/texmf-dist/fonts/type1/bluesky/cm/cmsy
8.pfb></opt/local/share/texmf-dist/fonts/type1/bluesky/cm/cmsy9.pfb></opt/local
/share/texmf-dist/fonts/type1/public/cmex/fmex7.pfb></opt/local/share/texmf-dis
t/fonts/type1/bluesky/ams/msbm10.pfb></opt/local/share/texmf-dist/fonts/type1/u
rw/courier/ucrr8a.pfb></opt/local/share/texmf-dist/fonts/type1/urw/times/utmb8a
.pfb></opt/local/share/texmf-dist/fonts/type1/urw/times/utmr8a.pfb></opt/local/
share/texmf-dist/fonts/type1/urw/times/utmr8a.pfb></opt/local/share/texmf-dist/
fonts/type1/urw/times/utmri8a.pfb>
Output written on BJ08.pdf (40 pages, 727689 bytes).
PDF statistics:
 1104 PDF objects out of 1200 (max. 8388607)
 269 named destinations out of 1000 (max. 131072)
 195 words of extra memory for PDF output out of 10000 (max. 10000000)

