#
# An unexpected error has been detected by HotSpot Virtual Machine:
#
#  EXCEPTION_ACCESS_VIOLATION (0xc0000005) at pc=0x6d0e9949, pid=4916, tid=5324
#
# Java VM: Java HotSpot(TM) Client VM (1.5.0_07-b03 mixed mode)
# Problematic frame:
# C  [awt.dll+0xe9949]
#

---------------  T H R E A D  ---------------

Current thread (0x0306f860):  JavaThread "AWT-EventQueue-0" [_thread_in_native, id=5324]

siginfo: ExceptionCode=0xc0000005, reading address 0x00000018

Registers:
EAX=0x0e774278, EBX=0x00000000, ECX=0x0f399998, EDX=0x00000000
ESP=0x0f03f360, EBP=0x0f03f38c, ESI=0x0cabdc80, EDI=0x0306f920
EIP=0x6d0e9949, EFLAGS=0x00010246

Top of Stack: (sp=0x0f03f360)
0x0f03f360:   0cabdc80 6d0ea98d 00000001 0f03f378
0x0f03f370:   0306f860 0cabdc80 00000000 00000000
0x0f03f380:   00000000 00000000 0e7723a8 0f03f3bc
0x0f03f390:   0434826f 0ec4bcda 0f03f3d0 00000001
0x0f03f3a0:   0f03f3a0 00000000 0f03f3d0 0cabf138
0x0f03f3b0:   00000000 0cabdc80 0f03f3cc 0f03f3f0
0x0f03f3c0:   043429fa 00000000 04346453 00000001
0x0f03f3d0:   06653908 0f03f3d4 0cabdcf8 0f03f3f8 

Instructions: (pc=0x6d0e9949)
0x6d0e9939:   4d fc ff 8b 4c 24 08 8b 14 88 8b 0d 74 ff 12 6d
0x6d0e9949:   8b 72 18 e8 df 4d fc ff 8b c6 5e c3 90 90 90 90 


Stack: [0x0efc0000,0x0f040000),  sp=0x0f03f360,  free space=508k
Native frames: (J=compiled Java code, j=interpreted, Vv=VM code, C=native code)
C  [awt.dll+0xe9949]
j  sun.awt.Win32GraphicsConfig.getBounds(I)Ljava/awt/Rectangle;+0
j  sun.awt.Win32GraphicsConfig.getBounds()Ljava/awt/Rectangle;+8
j  com.mathworks.mwswing.MJUtilities.getVirtualScreenBounds()Ljava/awt/Rectangle;+72
j  com.mathworks.widgets.tokenmatch.TokenMatchPopup.outOfScreenBounds(Ljava/awt/Rectangle;ZZ)Z+0
j  com.mathworks.widgets.tokenmatch.TokenMatchPopup.startTimerAndShowPopupIfNecessary(Ljavax/swing/text/JTextComponent;[IZILcom/mathworks/widgets/tokenmatch/TokenMatchPopup$TokenMatchListener;Lcom/mathworks/widgets/tokenmatch/TokenMatchPopup$Language;)V+380
j  com.mathworks.widgets.text.MWCaret$DelimiterMatchingImpl.startTimerAndShowPopupIfNecessary(Ljavax/swing/text/JTextComponent;[IZILcom/mathworks/widgets/tokenmatch/TokenMatchPopup$TokenMatchListener;Lcom/mathworks/widgets/tokenmatch/TokenMatchPopup$Language;)V+12
j  com.mathworks.widgets.text.MWCaret.doTokenMatchPopup([IZI)V+59
j  com.mathworks.widgets.text.MWCaret.drawNewMarks(ZZ[II)V+76
j  com.mathworks.widgets.text.MWCaret.updateMatchBrace(ZI)V+362
j  com.mathworks.widgets.text.MWKit.doBraceMatch(Ljavax/swing/text/JTextComponent;Z)V+60
j  com.mathworks.widgets.text.MWKit.access$300(Ljavax/swing/text/JTextComponent;Z)V+2
j  com.mathworks.widgets.text.MWKit$MWUpAction.actionPerformed(Ljava/awt/event/ActionEvent;Ljavax/swing/text/JTextComponent;)V+8
j  org.netbeans.editor.BaseAction.actionPerformed(Ljava/awt/event/ActionEvent;)V+64
j  javax.swing.SwingUtilities.notifyAction(Ljavax/swing/Action;Ljavax/swing/KeyStroke;Ljava/awt/event/KeyEvent;Ljava/lang/Object;I)Z+132
J  javax.swing.JComponent.processKeyBinding(Ljavax/swing/KeyStroke;Ljava/awt/event/KeyEvent;IZ)Z
J  javax.swing.JComponent.processKeyBindings(Ljava/awt/event/KeyEvent;Z)Z
v  ~RuntimeStub::alignment_frame_return Runtime1 stub
j  javax.swing.JComponent.processKeyEvent(Ljava/awt/event/KeyEvent;)V+51
j  com.mathworks.widgets.SyntaxTextPaneBase.processKeyEvent(Ljava/awt/event/KeyEvent;)V+88
J  java.awt.Component.processEvent(Ljava/awt/AWTEvent;)V
J  java.awt.Container.processEvent(Ljava/awt/AWTEvent;)V
J  java.awt.Component.dispatchEventImpl(Ljava/awt/AWTEvent;)V
J  java.awt.Container.dispatchEventImpl(Ljava/awt/AWTEvent;)V
J  java.awt.DefaultKeyboardFocusManager.dispatchKeyEvent(Ljava/awt/event/KeyEvent;)Z
J  java.awt.DefaultKeyboardFocusManager.preDispatchKeyEvent(Ljava/awt/event/KeyEvent;)Z
j  java.awt.DefaultKeyboardFocusManager.typeAheadAssertions(Ljava/awt/Component;Ljava/awt/AWTEvent;)Z+133
J  java.awt.DefaultKeyboardFocusManager.dispatchEvent(Ljava/awt/AWTEvent;)Z
J  java.awt.Component.dispatchEventImpl(Ljava/awt/AWTEvent;)V
J  java.awt.Container.dispatchEventImpl(Ljava/awt/AWTEvent;)V
J  java.awt.Window.dispatchEventImpl(Ljava/awt/AWTEvent;)V
J  java.awt.EventQueue.dispatchEvent(Ljava/awt/AWTEvent;)V
J  java.awt.EventDispatchThread.pumpOneEventForHierarchy(ILjava/awt/Component;)Z
J  java.awt.EventDispatchThread.pumpEventsForHierarchy(ILjava/awt/Conditional;Ljava/awt/Component;)V
v  ~OSRAdapter
j  java.awt.EventDispatchThread.pumpEvents(ILjava/awt/Conditional;)V+4
j  java.awt.EventDispatchThread.pumpEvents(Ljava/awt/Conditional;)V+3
j  java.awt.EventDispatchThread.run()V+9
v  ~StubRoutines::call_stub
V  [jvm.dll+0x86401]
V  [jvm.dll+0xdb172]
V  [jvm.dll+0x862d2]
V  [jvm.dll+0x8602f]
V  [jvm.dll+0xa0bcb]
V  [jvm.dll+0x10bdad]
V  [jvm.dll+0x10bd7b]
C  [msvcrt.dll+0x262b6]
C  [msvcrt.dll+0x263de]
C  [kernel32.dll+0x43833]
C  [ntdll.dll+0x3a9bd]

Java frames: (J=compiled Java code, j=interpreted, Vv=VM code)
j  sun.awt.Win32GraphicsConfig.getBounds(I)Ljava/awt/Rectangle;+0
j  sun.awt.Win32GraphicsConfig.getBounds()Ljava/awt/Rectangle;+8
j  com.mathworks.mwswing.MJUtilities.getVirtualScreenBounds()Ljava/awt/Rectangle;+72
j  com.mathworks.widgets.tokenmatch.TokenMatchPopup.outOfScreenBounds(Ljava/awt/Rectangle;ZZ)Z+0
j  com.mathworks.widgets.tokenmatch.TokenMatchPopup.startTimerAndShowPopupIfNecessary(Ljavax/swing/text/JTextComponent;[IZILcom/mathworks/widgets/tokenmatch/TokenMatchPopup$TokenMatchListener;Lcom/mathworks/widgets/tokenmatch/TokenMatchPopup$Language;)V+380
j  com.mathworks.widgets.text.MWCaret$DelimiterMatchingImpl.startTimerAndShowPopupIfNecessary(Ljavax/swing/text/JTextComponent;[IZILcom/mathworks/widgets/tokenmatch/TokenMatchPopup$TokenMatchListener;Lcom/mathworks/widgets/tokenmatch/TokenMatchPopup$Language;)V+12
j  com.mathworks.widgets.text.MWCaret.doTokenMatchPopup([IZI)V+59
j  com.mathworks.widgets.text.MWCaret.drawNewMarks(ZZ[II)V+76
j  com.mathworks.widgets.text.MWCaret.updateMatchBrace(ZI)V+362
j  com.mathworks.widgets.text.MWKit.doBraceMatch(Ljavax/swing/text/JTextComponent;Z)V+60
j  com.mathworks.widgets.text.MWKit.access$300(Ljavax/swing/text/JTextComponent;Z)V+2
j  com.mathworks.widgets.text.MWKit$MWUpAction.actionPerformed(Ljava/awt/event/ActionEvent;Ljavax/swing/text/JTextComponent;)V+8
j  org.netbeans.editor.BaseAction.actionPerformed(Ljava/awt/event/ActionEvent;)V+64
j  javax.swing.SwingUtilities.notifyAction(Ljavax/swing/Action;Ljavax/swing/KeyStroke;Ljava/awt/event/KeyEvent;Ljava/lang/Object;I)Z+132
J  javax.swing.JComponent.processKeyBinding(Ljavax/swing/KeyStroke;Ljava/awt/event/KeyEvent;IZ)Z
J  javax.swing.JComponent.processKeyBindings(Ljava/awt/event/KeyEvent;Z)Z
v  ~RuntimeStub::alignment_frame_return Runtime1 stub
j  javax.swing.JComponent.processKeyEvent(Ljava/awt/event/KeyEvent;)V+51
j  com.mathworks.widgets.SyntaxTextPaneBase.processKeyEvent(Ljava/awt/event/KeyEvent;)V+88
J  java.awt.Component.processEvent(Ljava/awt/AWTEvent;)V
J  java.awt.Container.processEvent(Ljava/awt/AWTEvent;)V
J  java.awt.Component.dispatchEventImpl(Ljava/awt/AWTEvent;)V
J  java.awt.Container.dispatchEventImpl(Ljava/awt/AWTEvent;)V
J  java.awt.DefaultKeyboardFocusManager.dispatchKeyEvent(Ljava/awt/event/KeyEvent;)Z
J  java.awt.DefaultKeyboardFocusManager.preDispatchKeyEvent(Ljava/awt/event/KeyEvent;)Z
j  java.awt.DefaultKeyboardFocusManager.typeAheadAssertions(Ljava/awt/Component;Ljava/awt/AWTEvent;)Z+133
J  java.awt.DefaultKeyboardFocusManager.dispatchEvent(Ljava/awt/AWTEvent;)Z
J  java.awt.Component.dispatchEventImpl(Ljava/awt/AWTEvent;)V
J  java.awt.Container.dispatchEventImpl(Ljava/awt/AWTEvent;)V
J  java.awt.Window.dispatchEventImpl(Ljava/awt/AWTEvent;)V
J  java.awt.EventQueue.dispatchEvent(Ljava/awt/AWTEvent;)V
J  java.awt.EventDispatchThread.pumpOneEventForHierarchy(ILjava/awt/Component;)Z
J  java.awt.EventDispatchThread.pumpEventsForHierarchy(ILjava/awt/Conditional;Ljava/awt/Component;)V
v  ~OSRAdapter
j  java.awt.EventDispatchThread.pumpEvents(ILjava/awt/Conditional;)V+4
j  java.awt.EventDispatchThread.pumpEvents(Ljava/awt/Conditional;)V+3
j  java.awt.EventDispatchThread.run()V+9
v  ~StubRoutines::call_stub

---------------  P R O C E S S  ---------------

Java Threads: ( => current thread )
  0x0f44c5a8 JavaThread "Thread-24" [_thread_blocked, id=5576]
  0x0f44c420 JavaThread "Thread-23" [_thread_blocked, id=5572]
  0x0f33fb60 JavaThread "Thread-22" [_thread_blocked, id=5568]
  0x0f33f9d8 JavaThread "Thread-21" [_thread_blocked, id=5564]
  0x0f33f850 JavaThread "Thread-20" [_thread_blocked, id=5552]
  0x0f33f6c8 JavaThread "Thread-19" [_thread_blocked, id=5548]
  0x0f33f540 JavaThread "Thread-18" [_thread_blocked, id=5544]
  0x0f33f3b8 JavaThread "Thread-17" [_thread_blocked, id=5536]
  0x0f33f230 JavaThread "Thread-16" [_thread_blocked, id=5524]
  0x0f33f0a8 JavaThread "Thread-15" [_thread_blocked, id=5512]
  0x0f33ef20 JavaThread "Thread-14" [_thread_blocked, id=5508]
  0x0f33ed98 JavaThread "Thread-13" [_thread_blocked, id=5504]
  0x0f33ea88 JavaThread "Thread-12" [_thread_blocked, id=5500]
  0x0f33e900 JavaThread "Thread-11" [_thread_blocked, id=5496]
  0x0f33e778 JavaThread "Thread-10" [_thread_blocked, id=5488]
  0x0f33e5f0 JavaThread "Thread-9" [_thread_blocked, id=5484]
  0x0f33e2e0 JavaThread "Thread-8" [_thread_blocked, id=5480]
  0x0f33de48 JavaThread "Thread-7" [_thread_blocked, id=5468]
  0x03070c48 JavaThread "Thread-6" [_thread_blocked, id=5464]
  0x03070628 JavaThread "Thread-5" [_thread_blocked, id=5460]
  0x030704a0 JavaThread "Active Reference Queue Daemon" daemon [_thread_blocked, id=5456]
  0x03070318 JavaThread "Timer-2" daemon [_thread_blocked, id=5452]
  0x03070190 JavaThread "Timer-1" daemon [_thread_blocked, id=5416]
  0x0306fe80 JavaThread "TimerQueue" daemon [_thread_blocked, id=5340]
=>0x0306f860 JavaThread "AWT-EventQueue-0" [_thread_in_native, id=5324]
  0x0306f6d8 JavaThread "AWT-Shutdown" [_thread_blocked, id=5320]
  0x0306f3c8 JavaThread "Java2D Disposer" daemon [_thread_blocked, id=5300]
  0x0306f550 JavaThread "AWT-Windows" daemon [_thread_in_native, id=5272]
  0x0306f240 JavaThread "Timer-0" [_thread_blocked, id=5232]
  0x0306f0b8 JavaThread "Low Memory Detector" daemon [_thread_blocked, id=5164]
  0x03071b58 JavaThread "CompilerThread0" daemon [_thread_blocked, id=5160]
  0x0306ef30 JavaThread "Signal Dispatcher" daemon [_thread_blocked, id=5156]
  0x030640f0 JavaThread "Finalizer" daemon [_thread_blocked, id=5144]
  0x03062ae0 JavaThread "Reference Handler" daemon [_thread_blocked, id=5140]
  0x017dfc40 JavaThread "main" [_thread_in_native, id=4920]

Other Threads:
  0x0305e380 VMThread [id=5136]
  0x03083f58 WatcherThread [id=5168]

VM state:not at safepoint (normal execution)

VM Mutex/Monitor currently owned by a thread: None

Heap
 def new generation   total 14912K, used 3362K [0x06340000, 0x07360000, 0x07b40000)
  eden space 13312K,  24% used [0x06340000, 0x066643d0, 0x07040000)
  from space 1600K,   9% used [0x07040000, 0x07064570, 0x071d0000)
  to   space 1600K,   0% used [0x071d0000, 0x071d0000, 0x07360000)
 tenured generation   total 49152K, used 20693K [0x07b40000, 0x0ab40000, 0x0c340000)
   the space 49152K,  42% used [0x07b40000, 0x08f75620, 0x08f75800, 0x0ab40000)
 compacting perm gen  total 32768K, used 20719K [0x0c340000, 0x0e340000, 0x0e340000)
   the space 32768K,  63% used [0x0c340000, 0x0d77bf58, 0x0d77c000, 0x0e340000)
No shared spaces configured.

Dynamic libraries:
0x00400000 - 0x004ee000 	C:\Program Files\MATLAB\R2007a\bin\win32\MATLAB.exe
0x77900000 - 0x77a1e000 	C:\Windows\system32\ntdll.dll
0x768b0000 - 0x76988000 	C:\Windows\system32\kernel32.dll
0x78e80000 - 0x79088000 	C:\Program Files\MATLAB\R2007a\bin\win32\libmwservices.dll
0x76400000 - 0x7649e000 	C:\Windows\system32\USER32.dll
0x763b0000 - 0x763fb000 	C:\Windows\system32\GDI32.dll
0x77840000 - 0x778ff000 	C:\Windows\system32\ADVAPI32.dll
0x77a70000 - 0x77b33000 	C:\Windows\system32\RPCRT4.dll
0x76810000 - 0x76884000 	C:\Windows\system32\comdlg32.dll
0x76ac0000 - 0x76b6a000 	C:\Windows\system32\msvcrt.dll
0x76990000 - 0x769e5000 	C:\Windows\system32\SHLWAPI.dll
0x734d0000 - 0x73556000 	C:\Windows\WinSxS\x86_microsoft.windows.common-controls_6595b64144ccf1df_5.82.6000.16386_none_87e0cb09378714f1\COMCTL32.dll
0x76ca0000 - 0x7776e000 	C:\Windows\system32\SHELL32.dll
0x78530000 - 0x7857c000 	C:\Program Files\MATLAB\R2007a\bin\win32\libmx.dll
0x78200000 - 0x78298000 	C:\Program Files\MATLAB\R2007a\bin\win32\icuuc32.dll
0x10000000 - 0x10006000 	C:\Program Files\MATLAB\R2007a\bin\win32\icudt32.dll
0x725d0000 - 0x7266b000 	C:\Windows\WinSxS\x86_microsoft.vc80.crt_1fc8b3b9a1e18e3b_8.0.50727.312_none_10b2ee7b9bffc2c7\MSVCR80.dll
0x78460000 - 0x7846e000 	C:\Program Files\MATLAB\R2007a\bin\win32\libz.dll
0x78470000 - 0x7852e000 	C:\Program Files\MATLAB\R2007a\bin\win32\libut.dll
0x78100000 - 0x781b5000 	C:\Program Files\MATLAB\R2007a\bin\win32\icuin32.dll
0x781c0000 - 0x781cc000 	C:\Program Files\MATLAB\R2007a\bin\win32\icuio32.dll
0x6f050000 - 0x6f0d7000 	C:\Windows\WinSxS\x86_microsoft.vc80.crt_1fc8b3b9a1e18e3b_8.0.50727.312_none_10b2ee7b9bffc2c7\MSVCP80.dll
0x761d0000 - 0x761f9000 	C:\Windows\system32\imagehlp.dll
0x79730000 - 0x79789000 	C:\Program Files\MATLAB\R2007a\bin\win32\libmwmathutil.dll
0x785b0000 - 0x785c8000 	C:\Program Files\MATLAB\R2007a\bin\win32\mpath.dll
0x75e20000 - 0x75e8a000 	C:\Windows\system32\NETAPI32.dll
0x76120000 - 0x76127000 	C:\Windows\system32\PSAPI.DLL
0x767e0000 - 0x7680d000 	C:\Windows\system32\WS2_32.dll
0x763a0000 - 0x763a6000 	C:\Windows\system32\NSI.dll
0x79540000 - 0x79575000 	C:\Program Files\MATLAB\R2007a\bin\win32\mcr.dll
0x76200000 - 0x76344000 	C:\Windows\system32\ole32.dll
0x78580000 - 0x78590000 	C:\Program Files\MATLAB\R2007a\bin\win32\libmex.dll
0x78750000 - 0x7879d000 	C:\Program Files\MATLAB\R2007a\bin\win32\m_dispatcher.dll
0x782a0000 - 0x7845b000 	C:\Program Files\MATLAB\R2007a\bin\win32\xerces-c_2_6.dll
0x78e60000 - 0x78e7c000 	C:\Program Files\MATLAB\R2007a\bin\win32\datasvcs.dll
0x79290000 - 0x79353000 	C:\Program Files\MATLAB\R2007a\bin\win32\libmwgui.dll
0x786c0000 - 0x78749000 	C:\Program Files\MATLAB\R2007a\bin\win32\udd.dll
0x785d0000 - 0x786b5000 	C:\Program Files\MATLAB\R2007a\bin\win32\mcos.dll
0x787a0000 - 0x78c01000 	C:\Program Files\MATLAB\R2007a\bin\win32\m_interpreter.dll
0x79790000 - 0x79799000 	C:\Program Files\MATLAB\R2007a\bin\win32\libmwmathrng.dll
0x78e20000 - 0x78e31000 	C:\Program Files\MATLAB\R2007a\bin\win32\m_pcodeio.dll
0x00280000 - 0x0028a000 	C:\Program Files\MATLAB\R2007a\bin\win32\mtok.dll
0x78c10000 - 0x78db7000 	C:\Program Files\MATLAB\R2007a\bin\win32\m_parser.dll
0x78dc0000 - 0x78df1000 	C:\Program Files\MATLAB\R2007a\bin\win32\m_ir.dll
0x78e40000 - 0x78e4c000 	C:\Program Files\MATLAB\R2007a\bin\win32\ir_xfmr.dll
0x002d0000 - 0x00300000 	C:\Program Files\MATLAB\R2007a\bin\win32\profiler.dll
0x78590000 - 0x785ac000 	C:\Program Files\MATLAB\R2007a\bin\win32\libmat.dll
0x00320000 - 0x003e8000 	C:\Program Files\MATLAB\R2007a\bin\win32\libhdf5.dll
0x78e00000 - 0x78e15000 	C:\Program Files\MATLAB\R2007a\bin\win32\m_pcodegen.dll
0x7a020000 - 0x7a038000 	C:\Program Files\MATLAB\R2007a\bin\win32\bridge.dll
0x01400000 - 0x0140f000 	C:\Program Files\MATLAB\R2007a\bin\win32\iqm.dll
0x79f80000 - 0x79fca000 	C:\Program Files\MATLAB\R2007a\bin\win32\comcli.dll
0x764b0000 - 0x7653c000 	C:\Windows\system32\OLEAUT32.dll
0x79f40000 - 0x79f77000 	C:\Program Files\MATLAB\R2007a\bin\win32\jmi.dll
0x73be0000 - 0x73be7000 	C:\Windows\system32\WSOCK32.dll
0x791b0000 - 0x79231000 	C:\Program Files\MATLAB\R2007a\bin\win32\uiw.dll
0x79240000 - 0x79273000 	C:\Program Files\MATLAB\R2007a\bin\win32\libuij.dll
0x79510000 - 0x7953c000 	C:\Program Files\MATLAB\R2007a\bin\win32\libmwhardcopy.dll
0x79280000 - 0x79289000 	C:\Program Files\MATLAB\R2007a\bin\win32\uinone.dll
0x01480000 - 0x0158d000 	C:\Windows\WinSxS\x86_microsoft.vc80.mfc_1fc8b3b9a1e18e3b_8.0.50727.163_none_0c187ef99ee1d25a\MFC80.DLL
0x72670000 - 0x726b1000 	C:\Windows\system32\WINSPOOL.DRV
0x7c630000 - 0x7c64b000 	C:\Windows\WinSxS\x86_microsoft.vc80.atl_1fc8b3b9a1e18e3b_8.0.50727.42_none_dc990e4797f81af1\ATL80.DLL
0x79ec0000 - 0x79ed4000 	C:\Program Files\MATLAB\R2007a\bin\win32\mwoles05.DLL
0x79ee0000 - 0x79f3b000 	C:\Program Files\MATLAB\R2007a\bin\win32\udd_mi.dll
0x79fd0000 - 0x79fdb000 	C:\Program Files\MATLAB\R2007a\bin\win32\mlautoregister.dll
0x79360000 - 0x794c3000 	C:\Program Files\MATLAB\R2007a\bin\win32\hg.dll
0x79580000 - 0x79725000 	C:\Program Files\MATLAB\R2007a\bin\win32\numerics.dll
0x79dd0000 - 0x79dd7000 	C:\Program Files\MATLAB\R2007a\bin\win32\libmwamd.dll
0x79de0000 - 0x79e38000 	C:\Program Files\MATLAB\R2007a\bin\win32\libmwcholmod.dll
0x79e40000 - 0x79e47000 	C:\Program Files\MATLAB\R2007a\bin\win32\libmwcolamd.dll
0x797a0000 - 0x797c3000 	C:\Program Files\MATLAB\R2007a\bin\win32\libmwlapack.dll
0x79810000 - 0x79897000 	C:\Program Files\MATLAB\R2007a\bin\win32\libfftw3.dll
0x798a0000 - 0x7993b000 	C:\Program Files\MATLAB\R2007a\bin\win32\libfftw3f.dll
0x79e50000 - 0x79ebc000 	C:\Program Files\MATLAB\R2007a\bin\win32\libmwumfpack.dll
0x76890000 - 0x768ae000 	C:\Windows\system32\IMM32.DLL
0x77770000 - 0x77837000 	C:\Windows\system32\MSCTF.dll
0x764a0000 - 0x764a9000 	C:\Windows\system32\LPK.DLL
0x76760000 - 0x767dd000 	C:\Windows\system32\USP10.dll
0x76020000 - 0x76041000 	C:\Windows\system32\NTMARTA.DLL
0x77a20000 - 0x77a69000 	C:\Windows\system32\WLDAP32.dll
0x76000000 - 0x76011000 	C:\Windows\system32\SAMLIB.dll
0x74f60000 - 0x750f4000 	C:\Windows\WinSxS\x86_microsoft.windows.common-controls_6595b64144ccf1df_6.0.6000.16386_none_5d07289e07e1d100\comctl32.dll
0x5d360000 - 0x5d36e000 	C:\Windows\WinSxS\x86_microsoft.vc80.mfcloc_1fc8b3b9a1e18e3b_8.0.50727.42_none_0e9c2a8d74fd3ce6\MFC80ENU.DLL
0x7bdf0000 - 0x7be25000 	C:\Program Files\MATLAB\R2007a\bin\win32\libguide40.dll
0x797d0000 - 0x797f8000 	C:\Program Files\MATLAB\R2007a\bin\win32\mkl.dll
0x79800000 - 0x79805000 	C:\Program Files\MATLAB\R2007a\bin\win32\mklcompat.dll
0x79940000 - 0x79dc3000 	C:\Program Files\MATLAB\R2007a\bin\win32\mllapack.dll
0x029a0000 - 0x02a4a000 	C:\Program Files\MATLAB\R2007a\bin\win32\libifcoremd.dll
0x02d60000 - 0x02f90000 	C:\Program Files\MATLAB\R2007a\bin\win32\libmmd.dll
0x75350000 - 0x7538f000 	C:\Windows\system32\uxtheme.dll
0x735d0000 - 0x73630000 	C:\Program Files\Common Files\microsoft shared\ink\tiptsf.dll
0x75a00000 - 0x75a08000 	C:\Windows\system32\version.dll
0x6fb00000 - 0x6fb03000 	C:\Windows\system32\icmp.Dll
0x75820000 - 0x75839000 	C:\Windows\system32\iphlpapi.dll
0x757e0000 - 0x75815000 	C:\Windows\system32\dhcpcsvc.DLL
0x75990000 - 0x759bb000 	C:\Windows\system32\DNSAPI.dll
0x76050000 - 0x76064000 	C:\Windows\system32\Secur32.dll
0x757d0000 - 0x757d7000 	C:\Windows\system32\WINNSI.DLL
0x757b0000 - 0x757d0000 	C:\Windows\system32\dhcpcsvc6.DLL
0x6d6c0000 - 0x6d857000 	C:\Program Files\MATLAB\R2007a\sys\java\jre\win32\jre1.5.0_07\bin\client\jvm.dll
0x749f0000 - 0x74a23000 	C:\Windows\system32\WINMM.dll
0x749b0000 - 0x749e8000 	C:\Windows\system32\OLEACC.dll
0x75fa0000 - 0x75fcc000 	C:\Windows\system32\apphelp.dll
0x6d280000 - 0x6d288000 	C:\Program Files\MATLAB\R2007a\sys\java\jre\win32\jre1.5.0_07\bin\hpi.dll
0x6d690000 - 0x6d69c000 	C:\Program Files\MATLAB\R2007a\sys\java\jre\win32\jre1.5.0_07\bin\verify.dll
0x6d300000 - 0x6d31d000 	C:\Program Files\MATLAB\R2007a\sys\java\jre\win32\jre1.5.0_07\bin\java.dll
0x6d6b0000 - 0x6d6bf000 	C:\Program Files\MATLAB\R2007a\sys\java\jre\win32\jre1.5.0_07\bin\zip.dll
0x7b330000 - 0x7b342000 	C:\Program Files\MATLAB\R2007a\bin\win32\nativejava.dll
0x03ab0000 - 0x03ac3000 	C:\Program Files\MATLAB\R2007a\bin\win32\nativejmi.dll
0x03ae0000 - 0x03ae6000 	C:\Program Files\MATLAB\R2007a\bin\win32\nativeservices.dll
0x6d000000 - 0x6d167000 	C:\Program Files\MATLAB\R2007a\sys\java\jre\win32\jre1.5.0_07\bin\awt.dll
0x6d240000 - 0x6d27f000 	C:\Program Files\MATLAB\R2007a\sys\java\jre\win32\jre1.5.0_07\bin\fontmanager.dll
0x6d4c0000 - 0x6d4d3000 	C:\Program Files\MATLAB\R2007a\sys\java\jre\win32\jre1.5.0_07\bin\net.dll
0x75930000 - 0x7596b000 	C:\Windows\system32\mswsock.dll
0x759f0000 - 0x759f6000 	C:\Windows\System32\wship6.dll
0x6d4e0000 - 0x6d4e9000 	C:\Program Files\MATLAB\R2007a\sys\java\jre\win32\jre1.5.0_07\bin\nio.dll
0x0ef10000 - 0x0ef1c000 	C:\Program Files\MATLAB\R2007a\bin\win32\nativecmdwin.dll
0x0f050000 - 0x0f057000 	C:\Program Files\MATLAB\R2007a\bin\win32\nativemlint.dll
0x0fbd0000 - 0x0fc04000 	C:\Program Files\MATLAB\R2007a\bin\win32\mlint.dll
0x7b350000 - 0x7b356000 	C:\Program Files\MATLAB\R2007a\bin\win32\nativelex.dll
0x766d0000 - 0x76754000 	C:\Windows\system32\CLBCatQ.DLL
0x71ee0000 - 0x71eef000 	C:\Program Files\Windows Journal\NBMapTIP.dll
0x71a00000 - 0x71b1f000 	C:\Windows\system32\MFC42u.dll
0x769f0000 - 0x76abf000 	C:\Windows\system32\WININET.dll
0x761c0000 - 0x761c3000 	C:\Windows\system32\Normaliz.dll
0x76350000 - 0x76395000 	C:\Windows\system32\iertutil.dll
0x71c80000 - 0x71ce5000 	C:\Windows\system32\ODBC32.dll
0x71980000 - 0x719b8000 	C:\Windows\system32\odbcint.dll

VM Arguments:
jvm_args: -Xss512k -XX:PermSize=32M -Xms64m -XX:NewRatio=3 -XX:MaxPermSize=32M -Xmx96m -Dsun.java2d.noddraw=true -Dsun.awt.nopixfmt=true -Xshare:off -Djava.library.path=C:\Program Files\MATLAB\R2007a\bin\win32 vfprintf abort
java_command: <unknown>
Launcher Type: generic

Environment Variables:
PATH=c:\program files\miktex 2.6\miktex\bin;C:\Windows\system32;C:\Windows;C:\Windows\system32\wbem;C:\Program Files\MATLAB\R2007a\bin;C:\Program Files\MATLAB\R2007a\bin\win32;;C:\Program Files\WinSCP\
USERNAME=joshuav
OS=Windows_NT
PROCESSOR_IDENTIFIER=x86 Family 6 Model 14 Stepping 8, GenuineIntel



---------------  S Y S T E M  ---------------

OS: Windows NT 6.0 Build 6000 

CPU:total 2 family 6, cmov, cx8, fxsr, mmx, sse, sse2, ht

Memory: 4k page, physical 2086144k(851656k free), swap 4194303k(2573048k free)

vm_info: Java HotSpot(TM) Client VM (1.5.0_07-b03) for windows-x86, built on May  3 2006 01:04:38 by "java_re" with MS VC++ 6.0

