#
# An unexpected error has been detected by HotSpot Virtual Machine:
#
#  EXCEPTION_ACCESS_VIOLATION (0xc0000005) at pc=0x029ffbcb, pid=8016, tid=6116
#
# Java VM: Java HotSpot(TM) Client VM (1.5.0_07-b03 mixed mode)
# Problematic frame:
# C  0x029ffbcb
#

---------------  T H R E A D  ---------------

Current thread (0x0efdbfc8):  JavaThread "Java2D Disposer" daemon [_thread_in_native, id=6116]

siginfo: ExceptionCode=0xc0000005, reading address 0x029ffbcb

Registers:
EAX=0x01007851, EBX=0x0efdbfc8, ECX=0x00010004, EDX=0x0f642744
ESP=0x0fa2fb28, EBP=0x0fa2fb60, ESI=0x00010000, EDI=0x00010004
EIP=0x029ffbcb, EFLAGS=0x00010216

Top of Stack: (sp=0x0fa2fb28)
0x0fa2fb28:   6d0ae76f 0efdc088 0f2d8b80 6d0b27f5
0x0fa2fb38:   0f2d8b80 6d03498c 0efdc088 0f2d8b80
0x0fa2fb48:   6d03496f 0f2d8b80 6d035427 0efdc088
0x0fa2fb58:   0f2d8b80 00000000 0fa2fb88 04b11b14
0x0fa2fb68:   0efdc088 0fa2fb84 6d03496f 00000000
0x0fa2fb78:   0f2d8b80 00000000 0015ccfc 0cca8da8
0x0fa2fb88:   0fa2fba0 04b11950 0f2d8b80 00000000
0x0fa2fb98:   6d03496f 00000000 0fa2fbc8 04602923 

Instructions: (pc=0x029ffbcb)
0x029ffbbb:   
[error occurred during error reporting, step 100, id 0xc0000005]

Stack: [0x0f9b0000,0x0fa30000),  sp=0x0fa2fb28,  free space=510k
Native frames: (J=compiled Java code, j=interpreted, Vv=VM code, C=native code)
C  0x029ffbcb
J  sun.java2d.DefaultDisposerRecord.invokeNativeDispose(JJ)V
J  sun.java2d.DefaultDisposerRecord.dispose()V
j  sun.java2d.Disposer.run()V+19
j  java.lang.Thread.run()V+11
v  ~StubRoutines::call_stub
V  [jvm.dll+0x86401]
V  [jvm.dll+0xdb172]
V  [jvm.dll+0x862d2]
V  [jvm.dll+0x8602f]
V  [jvm.dll+0xa0bcb]
V  [jvm.dll+0x10bdad]
V  [jvm.dll+0x10bd7b]
C  [msvcrt.dll+0x262b6]
C  [msvcrt.dll+0x263de]
C  [kernel32.dll+0x43833]
C  [ntdll.dll+0x3a9bd]

Java frames: (J=compiled Java code, j=interpreted, Vv=VM code)
J  sun.java2d.DefaultDisposerRecord.invokeNativeDispose(JJ)V
J  sun.java2d.DefaultDisposerRecord.dispose()V
j  sun.java2d.Disposer.run()V+19
j  java.lang.Thread.run()V+11
v  ~StubRoutines::call_stub

---------------  P R O C E S S  ---------------

Java Threads: ( => current thread )
  0x0f446eb8 JavaThread "Thread-139" [_thread_blocked, id=2096]
  0x0f2cbb48 JavaThread "Thread-104" [_thread_blocked, id=6724]
  0x0f4bc000 JavaThread "Thread-103" [_thread_blocked, id=9856]
  0x0f4bbe78 JavaThread "Thread-102" [_thread_blocked, id=2920]
  0x0f4bbcf0 JavaThread "Thread-101" [_thread_blocked, id=4388]
  0x0f4bb6d0 JavaThread "Thread-100" [_thread_blocked, id=10108]
  0x0f2e7760 JavaThread "Thread-23" [_thread_blocked, id=3828]
  0x0f3c0e20 JavaThread "Thread-20" [_thread_blocked, id=5452]
  0x0ec9cba0 JavaThread "Active Reference Queue Daemon" daemon [_thread_blocked, id=6012]
  0x02f7e4f8 JavaThread "Timer-5" daemon [_thread_blocked, id=9952]
  0x0f274e40 JavaThread "Prefs Updater" [_thread_blocked, id=4196]
  0x0f25a5c0 JavaThread "Thread-10" [_thread_in_native, id=8784]
  0x0edddc08 JavaThread "Timer-1" daemon [_thread_blocked, id=3044]
  0x0ed93e48 JavaThread "TimerQueue" daemon [_thread_blocked, id=460]
  0x0e94c8b8 JavaThread "AWT-EventQueue-0" [_thread_blocked, id=7084]
  0x0e9495a8 JavaThread "AWT-Shutdown" [_thread_blocked, id=4936]
=>0x0efdbfc8 JavaThread "Java2D Disposer" daemon [_thread_in_native, id=6116]
  0x0efd9f98 JavaThread "AWT-Windows" daemon [_thread_in_native, id=9260]
  0x0e921a08 JavaThread "Timer-0" [_thread_blocked, id=4064]
  0x02f81e58 JavaThread "Low Memory Detector" daemon [_thread_blocked, id=5808]
  0x02f814c8 JavaThread "CompilerThread0" daemon [_thread_blocked, id=6148]
  0x02f80700 JavaThread "Signal Dispatcher" daemon [_thread_blocked, id=3120]
  0x02f73708 JavaThread "Finalizer" daemon [_thread_blocked, id=9296]
  0x02f72b28 JavaThread "Reference Handler" daemon [_thread_blocked, id=8556]
  0x02eb18b8 JavaThread "main" [_thread_in_native, id=5756]

Other Threads:
  0x02f6e390 VMThread [id=7872]
  0x02f830c8 WatcherThread [id=10156]

VM state:not at safepoint (normal execution)

VM Mutex/Monitor currently owned by a thread: None

Heap
 def new generation   total 16384K, used 4779K [0x06600000, 0x077c0000, 0x07e00000)
  eden space 14592K,  21% used [0x06600000, 0x069176e8, 0x07440000)
  from space 1792K,  90% used [0x07600000, 0x077938c0, 0x077c0000)
  to   space 1792K,   0% used [0x07440000, 0x07440000, 0x07600000)
 tenured generation   total 54180K, used 44523K [0x07e00000, 0x0b2e9000, 0x0c600000)
   the space 54180K,  82% used [0x07e00000, 0x0a97adf0, 0x0a97ae00, 0x0b2e9000)
 compacting perm gen  total 32768K, used 24689K [0x0c600000, 0x0e600000, 0x0e600000)
   the space 32768K,  75% used [0x0c600000, 0x0de1c518, 0x0de1c600, 0x0e600000)
No shared spaces configured.

Dynamic libraries:
0x00400000 - 0x004ee000 	C:\Program Files\MATLAB\R2007a\bin\win32\matlab.exe
0x77340000 - 0x7745e000 	C:\Windows\system32\ntdll.dll
0x762b0000 - 0x76388000 	C:\Windows\system32\kernel32.dll
0x78e80000 - 0x79088000 	C:\Program Files\MATLAB\R2007a\bin\win32\libmwservices.dll
0x75f10000 - 0x75fae000 	C:\Windows\system32\USER32.dll
0x76080000 - 0x760cb000 	C:\Windows\system32\GDI32.dll
0x77280000 - 0x7733f000 	C:\Windows\system32\ADVAPI32.dll
0x760d0000 - 0x76193000 	C:\Windows\system32\RPCRT4.dll
0x76390000 - 0x76404000 	C:\Windows\system32\comdlg32.dll
0x764e0000 - 0x7658a000 	C:\Windows\system32\msvcrt.dll
0x77470000 - 0x774c5000 	C:\Windows\system32\SHLWAPI.dll
0x73370000 - 0x733f6000 	C:\Windows\WinSxS\x86_microsoft.windows.common-controls_6595b64144ccf1df_5.82.6000.16386_none_87e0cb09378714f1\COMCTL32.dll
0x767b0000 - 0x7727e000 	C:\Windows\system32\SHELL32.dll
0x78530000 - 0x7857c000 	C:\Program Files\MATLAB\R2007a\bin\win32\libmx.dll
0x78200000 - 0x78298000 	C:\Program Files\MATLAB\R2007a\bin\win32\icuuc32.dll
0x10000000 - 0x10006000 	C:\Program Files\MATLAB\R2007a\bin\win32\icudt32.dll
0x707f0000 - 0x7088b000 	C:\Windows\WinSxS\x86_microsoft.vc80.crt_1fc8b3b9a1e18e3b_8.0.50727.762_none_10b2f55f9bffb8f8\MSVCR80.dll
0x78460000 - 0x7846e000 	C:\Program Files\MATLAB\R2007a\bin\win32\libz.dll
0x78470000 - 0x7852e000 	C:\Program Files\MATLAB\R2007a\bin\win32\libut.dll
0x78100000 - 0x781b5000 	C:\Program Files\MATLAB\R2007a\bin\win32\icuin32.dll
0x781c0000 - 0x781cc000 	C:\Program Files\MATLAB\R2007a\bin\win32\icuio32.dll
0x6fea0000 - 0x6ff27000 	C:\Windows\WinSxS\x86_microsoft.vc80.crt_1fc8b3b9a1e18e3b_8.0.50727.762_none_10b2f55f9bffb8f8\MSVCP80.dll
0x75d50000 - 0x75d79000 	C:\Windows\system32\imagehlp.dll
0x79730000 - 0x79789000 	C:\Program Files\MATLAB\R2007a\bin\win32\libmwmathutil.dll
0x785b0000 - 0x785c8000 	C:\Program Files\MATLAB\R2007a\bin\win32\mpath.dll
0x75560000 - 0x755ca000 	C:\Windows\system32\NETAPI32.dll
0x75bf0000 - 0x75bf7000 	C:\Windows\system32\PSAPI.DLL
0x76590000 - 0x765bd000 	C:\Windows\system32\WS2_32.dll
0x77570000 - 0x77576000 	C:\Windows\system32\NSI.dll
0x79540000 - 0x79575000 	C:\Program Files\MATLAB\R2007a\bin\win32\mcr.dll
0x75c00000 - 0x75d44000 	C:\Windows\system32\ole32.dll
0x78580000 - 0x78590000 	C:\Program Files\MATLAB\R2007a\bin\win32\libmex.dll
0x78750000 - 0x7879d000 	C:\Program Files\MATLAB\R2007a\bin\win32\m_dispatcher.dll
0x782a0000 - 0x7845b000 	C:\Program Files\MATLAB\R2007a\bin\win32\xerces-c_2_6.dll
0x78e60000 - 0x78e7c000 	C:\Program Files\MATLAB\R2007a\bin\win32\datasvcs.dll
0x79290000 - 0x79353000 	C:\Program Files\MATLAB\R2007a\bin\win32\libmwgui.dll
0x786c0000 - 0x78749000 	C:\Program Files\MATLAB\R2007a\bin\win32\udd.dll
0x785d0000 - 0x786b5000 	C:\Program Files\MATLAB\R2007a\bin\win32\mcos.dll
0x787a0000 - 0x78c01000 	C:\Program Files\MATLAB\R2007a\bin\win32\m_interpreter.dll
0x79790000 - 0x79799000 	C:\Program Files\MATLAB\R2007a\bin\win32\libmwmathrng.dll
0x78e20000 - 0x78e31000 	C:\Program Files\MATLAB\R2007a\bin\win32\m_pcodeio.dll
0x00180000 - 0x0018a000 	C:\Program Files\MATLAB\R2007a\bin\win32\mtok.dll
0x78c10000 - 0x78db7000 	C:\Program Files\MATLAB\R2007a\bin\win32\m_parser.dll
0x78dc0000 - 0x78df1000 	C:\Program Files\MATLAB\R2007a\bin\win32\m_ir.dll
0x78e40000 - 0x78e4c000 	C:\Program Files\MATLAB\R2007a\bin\win32\ir_xfmr.dll
0x002f0000 - 0x00320000 	C:\Program Files\MATLAB\R2007a\bin\win32\profiler.dll
0x78590000 - 0x785ac000 	C:\Program Files\MATLAB\R2007a\bin\win32\libmat.dll
0x00320000 - 0x003e8000 	C:\Program Files\MATLAB\R2007a\bin\win32\libhdf5.dll
0x78e00000 - 0x78e15000 	C:\Program Files\MATLAB\R2007a\bin\win32\m_pcodegen.dll
0x7a020000 - 0x7a038000 	C:\Program Files\MATLAB\R2007a\bin\win32\bridge.dll
0x01400000 - 0x0140f000 	C:\Program Files\MATLAB\R2007a\bin\win32\iqm.dll
0x79f80000 - 0x79fca000 	C:\Program Files\MATLAB\R2007a\bin\win32\comcli.dll
0x774e0000 - 0x7756c000 	C:\Windows\system32\OLEAUT32.dll
0x79f40000 - 0x79f77000 	C:\Program Files\MATLAB\R2007a\bin\win32\jmi.dll
0x73970000 - 0x73977000 	C:\Windows\system32\WSOCK32.dll
0x791b0000 - 0x79231000 	C:\Program Files\MATLAB\R2007a\bin\win32\uiw.dll
0x79240000 - 0x79273000 	C:\Program Files\MATLAB\R2007a\bin\win32\libuij.dll
0x79510000 - 0x7953c000 	C:\Program Files\MATLAB\R2007a\bin\win32\libmwhardcopy.dll
0x79280000 - 0x79289000 	C:\Program Files\MATLAB\R2007a\bin\win32\uinone.dll
0x6a600000 - 0x6a70f000 	C:\Windows\WinSxS\x86_microsoft.vc80.mfc_1fc8b3b9a1e18e3b_8.0.50727.762_none_0c178a139ee2a7ed\MFC80.DLL
0x715f0000 - 0x71631000 	C:\Windows\system32\WINSPOOL.DRV
0x7c630000 - 0x7c64b000 	C:\Windows\WinSxS\x86_microsoft.vc80.atl_1fc8b3b9a1e18e3b_8.0.50727.42_none_dc990e4797f81af1\ATL80.DLL
0x79ec0000 - 0x79ed4000 	C:\Program Files\MATLAB\R2007a\bin\win32\mwoles05.DLL
0x79ee0000 - 0x79f3b000 	C:\Program Files\MATLAB\R2007a\bin\win32\udd_mi.dll
0x79fd0000 - 0x79fdb000 	C:\Program Files\MATLAB\R2007a\bin\win32\mlautoregister.dll
0x79360000 - 0x794c3000 	C:\Program Files\MATLAB\R2007a\bin\win32\hg.dll
0x79580000 - 0x79725000 	C:\Program Files\MATLAB\R2007a\bin\win32\numerics.dll
0x79dd0000 - 0x79dd7000 	C:\Program Files\MATLAB\R2007a\bin\win32\libmwamd.dll
0x79de0000 - 0x79e38000 	C:\Program Files\MATLAB\R2007a\bin\win32\libmwcholmod.dll
0x79e40000 - 0x79e47000 	C:\Program Files\MATLAB\R2007a\bin\win32\libmwcolamd.dll
0x797a0000 - 0x797c3000 	C:\Program Files\MATLAB\R2007a\bin\win32\libmwlapack.dll
0x79810000 - 0x79897000 	C:\Program Files\MATLAB\R2007a\bin\win32\libfftw3.dll
0x798a0000 - 0x7993b000 	C:\Program Files\MATLAB\R2007a\bin\win32\libfftw3f.dll
0x79e50000 - 0x79ebc000 	C:\Program Files\MATLAB\R2007a\bin\win32\libmwumfpack.dll
0x76740000 - 0x7675e000 	C:\Windows\system32\IMM32.DLL
0x75fb0000 - 0x76077000 	C:\Windows\system32\MSCTF.dll
0x77460000 - 0x77469000 	C:\Windows\system32\LPK.DLL
0x76230000 - 0x762ad000 	C:\Windows\system32\USP10.dll
0x75a60000 - 0x75a81000 	C:\Windows\system32\NTMARTA.DLL
0x766f0000 - 0x76739000 	C:\Windows\system32\WLDAP32.dll
0x75a40000 - 0x75a51000 	C:\Windows\system32\SAMLIB.dll
0x74990000 - 0x74b24000 	C:\Windows\WinSxS\x86_microsoft.windows.common-controls_6595b64144ccf1df_6.0.6000.16386_none_5d07289e07e1d100\comctl32.dll
0x74390000 - 0x7439e000 	C:\Windows\WinSxS\x86_microsoft.vc80.mfcloc_1fc8b3b9a1e18e3b_8.0.50727.762_none_43efccf17831d131\MFC80ENU.DLL
0x7bdf0000 - 0x7be25000 	C:\Program Files\MATLAB\R2007a\bin\win32\libguide40.dll
0x797d0000 - 0x797f8000 	C:\Program Files\MATLAB\R2007a\bin\win32\mkl.dll
0x79800000 - 0x79805000 	C:\Program Files\MATLAB\R2007a\bin\win32\mklcompat.dll
0x79940000 - 0x79dc3000 	C:\Program Files\MATLAB\R2007a\bin\win32\mllapack.dll
0x02890000 - 0x0293a000 	C:\Program Files\MATLAB\R2007a\bin\win32\libifcoremd.dll
0x02a70000 - 0x02ca0000 	C:\Program Files\MATLAB\R2007a\bin\win32\libmmd.dll
0x74b90000 - 0x74bcf000 	C:\Windows\system32\uxtheme.dll
0x73020000 - 0x73080000 	C:\Program Files\Common Files\microsoft shared\ink\tiptsf.dll
0x753c0000 - 0x753c8000 	C:\Windows\system32\version.dll
0x72260000 - 0x72263000 	C:\Windows\system32\icmp.Dll
0x752d0000 - 0x752e9000 	C:\Windows\system32\iphlpapi.dll
0x75290000 - 0x752c5000 	C:\Windows\system32\dhcpcsvc.DLL
0x755d0000 - 0x755fb000 	C:\Windows\system32\DNSAPI.dll
0x75a90000 - 0x75aa4000 	C:\Windows\system32\Secur32.dll
0x75240000 - 0x75247000 	C:\Windows\system32\WINNSI.DLL
0x751f0000 - 0x75210000 	C:\Windows\system32\dhcpcsvc6.DLL
0x6d6c0000 - 0x6d857000 	C:\Program Files\MATLAB\R2007a\sys\java\jre\win32\jre1.5.0_07\bin\client\jvm.dll
0x745f0000 - 0x74623000 	C:\Windows\system32\WINMM.dll
0x743f0000 - 0x74428000 	C:\Windows\system32\OLEACC.dll
0x759e0000 - 0x75a0c000 	C:\Windows\system32\apphelp.dll
0x6d280000 - 0x6d288000 	C:\Program Files\MATLAB\R2007a\sys\java\jre\win32\jre1.5.0_07\bin\hpi.dll
0x6d690000 - 0x6d69c000 	C:\Program Files\MATLAB\R2007a\sys\java\jre\win32\jre1.5.0_07\bin\verify.dll
0x6d300000 - 0x6d31d000 	C:\Program Files\MATLAB\R2007a\sys\java\jre\win32\jre1.5.0_07\bin\java.dll
0x6d6b0000 - 0x6d6bf000 	C:\Program Files\MATLAB\R2007a\sys\java\jre\win32\jre1.5.0_07\bin\zip.dll
0x7b330000 - 0x7b342000 	C:\Program Files\MATLAB\R2007a\bin\win32\nativejava.dll
0x02d70000 - 0x02d83000 	C:\Program Files\MATLAB\R2007a\bin\win32\nativejmi.dll
0x03980000 - 0x03986000 	C:\Program Files\MATLAB\R2007a\bin\win32\nativeservices.dll
0x6d000000 - 0x6d167000 	C:\Program Files\MATLAB\R2007a\sys\java\jre\win32\jre1.5.0_07\bin\awt.dll
0x6d240000 - 0x6d27f000 	C:\Program Files\MATLAB\R2007a\sys\java\jre\win32\jre1.5.0_07\bin\fontmanager.dll
0x6d4c0000 - 0x6d4d3000 	C:\Program Files\MATLAB\R2007a\sys\java\jre\win32\jre1.5.0_07\bin\net.dll
0x75250000 - 0x7528b000 	C:\Windows\system32\mswsock.dll
0x753b0000 - 0x753b6000 	C:\Windows\System32\wship6.dll
0x6d4e0000 - 0x6d4e9000 	C:\Program Files\MATLAB\R2007a\sys\java\jre\win32\jre1.5.0_07\bin\nio.dll
0x0f0b0000 - 0x0f0bc000 	C:\Program Files\MATLAB\R2007a\bin\win32\nativecmdwin.dll
0x70110000 - 0x701c5000 	C:\Windows\system32\spool\DRIVERS\W32X86\3\PS5UI.DLL
0x761a0000 - 0x76224000 	C:\Windows\system32\CLBCatQ.DLL
0x70b40000 - 0x70b4f000 	C:\Program Files\Windows Journal\NBMapTIP.dll
0x102b0000 - 0x103cf000 	C:\Windows\system32\MFC42u.dll
0x76410000 - 0x764df000 	C:\Windows\system32\WININET.dll
0x774d0000 - 0x774d3000 	C:\Windows\system32\Normaliz.dll
0x76760000 - 0x767a5000 	C:\Windows\system32\iertutil.dll
0x727b0000 - 0x72815000 	C:\Windows\system32\ODBC32.dll
0x72730000 - 0x72768000 	C:\Windows\system32\odbcint.dll
0x74fd0000 - 0x75008000 	C:\Windows\system32\rsaenh.dll
0x6d1c0000 - 0x6d1e3000 	C:\Program Files\MATLAB\R2007a\sys\java\jre\win32\jre1.5.0_07\bin\dcpr.dll

VM Arguments:
jvm_args: -Xss512k -XX:PermSize=32M -Xms64m -XX:NewRatio=3 -XX:MaxPermSize=32M -Xmx96m -Dsun.java2d.noddraw=true -Dsun.awt.nopixfmt=true -Xshare:off -Djava.library.path=C:\Program Files\MATLAB\R2007a\bin\win32 vfprintf abort
java_command: <unknown>
Launcher Type: generic

Environment Variables:
CLASSPATH=.;C:\Program Files\Java\jre1.6.0_03\lib\ext\QTJava.zip; C:\Program Files\Adobe\Acrobat 8.0\Acrobat\Acrobat.exe
PATH=C:\Program Files\MATLAB\R2007a\sys\java\jre\win32\jre1.5.0_07\bin;C:\Program Files\MATLAB\R2007a\sys\webrenderer\windows\corecomponents;C:\Program Files\MATLAB\R2007a\sys\webrenderer\windows;C:\Program Files\Mozilla Firefox;C:\Program Files\MiKTeX 2.7\miktex\bin;C:\Program Files\MiKTeX 2.6\miktex\bin;C:\Windows\system32;C:\Windows;C:\Windows\system32\wbem;C:\Program Files\MATLAB\R2007a\bin;C:\Program Files\MATLAB\R2007a\bin\win32;;C:\Program Files\WinSCP\;C:\Program Files\Common Files\Adobe\AGL;C:\Program Files\QuickTime\QTSystem\
USERNAME=joshuav
OS=Windows_NT
PROCESSOR_IDENTIFIER=x86 Family 6 Model 14 Stepping 8, GenuineIntel



---------------  S Y S T E M  ---------------

OS: Windows NT 6.0 Build 6000 

CPU:total 2 family 6, cmov, cx8, fxsr, mmx, sse, sse2, ht

Memory: 4k page, physical 2086144k(834024k free), swap 4194303k(2250304k free)

vm_info: Java HotSpot(TM) Client VM (1.5.0_07-b03) for windows-x86, built on May  3 2006 01:04:38 by "java_re" with MS VC++ 6.0

