#
# An unexpected error has been detected by HotSpot Virtual Machine:
#
#  EXCEPTION_ACCESS_VIOLATION (0xc0000005) at pc=0x6d0e9949, pid=3128, tid=5880
#
# Java VM: Java HotSpot(TM) Client VM (1.5.0_07-b03 mixed mode)
# Problematic frame:
# C  [awt.dll+0xe9949]
#

---------------  T H R E A D  ---------------

Current thread (0x030d2888):  JavaThread "AWT-EventQueue-0" [_thread_in_native, id=5880]

siginfo: ExceptionCode=0xc0000005, reading address 0x00000018

Registers:
EAX=0x100ef3a8, EBX=0x00000000, ECX=0x1bfe2600, EDX=0x00000000
ESP=0x1088f04c, EBP=0x1088f078, ESI=0x0dad49f0, EDI=0x030d2948
EIP=0x6d0e9949, EFLAGS=0x00010246

Top of Stack: (sp=0x1088f04c)
0x1088f04c:   0dad49f0 6d0ea98d 00000001 1088f064
0x1088f05c:   030d2888 0dad49f0 00000000 00000000
0x1088f06c:   00000000 00000000 030cf0f0 1088f0a8
0x1088f07c:   0536826f 0fcea2ea 1088f0bc 00000001
0x1088f08c:   1088f08c 00000000 1088f0bc 0dad5ea8
0x1088f09c:   00000000 0dad49f0 1088f0b8 1088f0dc
0x1088f0ac:   053629fa 00000000 05366453 00000001
0x1088f0bc:   077e05a0 1088f0c0 0dad4a68 1088f0e4 

Instructions: (pc=0x6d0e9949)
0x6d0e9939:   4d fc ff 8b 4c 24 08 8b 14 88 8b 0d 74 ff 12 6d
0x6d0e9949:   8b 72 18 e8 df 4d fc ff 8b c6 5e c3 90 90 90 90 


Stack: [0x10810000,0x10890000),  sp=0x1088f04c,  free space=508k
Native frames: (J=compiled Java code, j=interpreted, Vv=VM code, C=native code)
C  [awt.dll+0xe9949]
j  sun.awt.Win32GraphicsConfig.getBounds(I)Ljava/awt/Rectangle;+0
j  sun.awt.Win32GraphicsConfig.getBounds()Ljava/awt/Rectangle;+8
j  com.mathworks.mwswing.MJUtilities.getVirtualScreenBounds()Ljava/awt/Rectangle;+72
j  com.mathworks.widgets.tokenmatch.TokenMatchPopup.outOfScreenBounds(Ljava/awt/Rectangle;ZZ)Z+0
j  com.mathworks.widgets.tokenmatch.TokenMatchPopup.startTimerAndShowPopupIfNecessary(Ljavax/swing/text/JTextComponent;[IZILcom/mathworks/widgets/tokenmatch/TokenMatchPopup$TokenMatchListener;Lcom/mathworks/widgets/tokenmatch/TokenMatchPopup$Language;)V+380
j  com.mathworks.widgets.text.MWCaret$DelimiterMatchingImpl.startTimerAndShowPopupIfNecessary(Ljavax/swing/text/JTextComponent;[IZILcom/mathworks/widgets/tokenmatch/TokenMatchPopup$TokenMatchListener;Lcom/mathworks/widgets/tokenmatch/TokenMatchPopup$Language;)V+12
j  com.mathworks.widgets.text.MWCaret.doTokenMatchPopup([IZI)V+59
j  com.mathworks.widgets.text.MWCaret.drawNewMarks(ZZ[II)V+76
J  com.mathworks.widgets.text.MWCaret.updateMatchBrace(ZI)V
v  ~RuntimeStub::alignment_frame_return Runtime1 stub
j  com.mathworks.widgets.text.MWCaret.updateMatchBrace(Z)V+6
j  com.mathworks.widgets.text.MWCaret.doDelimiterMatch(CI)V+20
j  com.mathworks.widgets.text.MWKit$MWDefaultKeyTypedAction.actionPerformed(Ljava/awt/event/ActionEvent;Ljavax/swing/text/JTextComponent;)V+67
J  org.netbeans.editor.BaseAction.actionPerformed(Ljava/awt/event/ActionEvent;)V
J  javax.swing.SwingUtilities.notifyAction(Ljavax/swing/Action;Ljavax/swing/KeyStroke;Ljava/awt/event/KeyEvent;Ljava/lang/Object;I)Z
J  javax.swing.JComponent.processKeyBinding(Ljavax/swing/KeyStroke;Ljava/awt/event/KeyEvent;IZ)Z
J  javax.swing.JComponent.processKeyBindings(Ljava/awt/event/KeyEvent;Z)Z
J  javax.swing.JComponent.processKeyEvent(Ljava/awt/event/KeyEvent;)V
J  com.mathworks.widgets.SyntaxTextPaneBase.processKeyEvent(Ljava/awt/event/KeyEvent;)V
J  java.awt.Component.processEvent(Ljava/awt/AWTEvent;)V
J  java.awt.Container.processEvent(Ljava/awt/AWTEvent;)V
J  java.awt.Component.dispatchEventImpl(Ljava/awt/AWTEvent;)V
J  java.awt.Container.dispatchEventImpl(Ljava/awt/AWTEvent;)V
J  java.awt.DefaultKeyboardFocusManager.dispatchKeyEvent(Ljava/awt/event/KeyEvent;)Z
J  java.awt.DefaultKeyboardFocusManager.preDispatchKeyEvent(Ljava/awt/event/KeyEvent;)Z
J  java.awt.DefaultKeyboardFocusManager.typeAheadAssertions(Ljava/awt/Component;Ljava/awt/AWTEvent;)Z
J  java.awt.DefaultKeyboardFocusManager.dispatchEvent(Ljava/awt/AWTEvent;)Z
J  java.awt.Component.dispatchEventImpl(Ljava/awt/AWTEvent;)V
J  java.awt.Container.dispatchEventImpl(Ljava/awt/AWTEvent;)V
J  java.awt.Window.dispatchEventImpl(Ljava/awt/AWTEvent;)V
J  java.awt.EventQueue.dispatchEvent(Ljava/awt/AWTEvent;)V
J  java.awt.EventDispatchThread.pumpOneEventForHierarchy(ILjava/awt/Component;)Z
J  java.awt.EventDispatchThread.pumpEventsForHierarchy(ILjava/awt/Conditional;Ljava/awt/Component;)V
v  ~OSRAdapter
j  java.awt.EventDispatchThread.pumpEvents(ILjava/awt/Conditional;)V+4
j  java.awt.EventDispatchThread.pumpEvents(Ljava/awt/Conditional;)V+3
j  java.awt.EventDispatchThread.run()V+9
v  ~StubRoutines::call_stub
V  [jvm.dll+0x86401]
V  [jvm.dll+0xdb172]
V  [jvm.dll+0x862d2]
V  [jvm.dll+0x8602f]
V  [jvm.dll+0xa0bcb]
V  [jvm.dll+0x10bdad]
V  [jvm.dll+0x10bd7b]
C  [msvcrt.dll+0x262b6]
C  [msvcrt.dll+0x263de]
C  [kernel32.dll+0x43833]
C  [ntdll.dll+0x3a9bd]

Java frames: (J=compiled Java code, j=interpreted, Vv=VM code)
j  sun.awt.Win32GraphicsConfig.getBounds(I)Ljava/awt/Rectangle;+0
j  sun.awt.Win32GraphicsConfig.getBounds()Ljava/awt/Rectangle;+8
j  com.mathworks.mwswing.MJUtilities.getVirtualScreenBounds()Ljava/awt/Rectangle;+72
j  com.mathworks.widgets.tokenmatch.TokenMatchPopup.outOfScreenBounds(Ljava/awt/Rectangle;ZZ)Z+0
j  com.mathworks.widgets.tokenmatch.TokenMatchPopup.startTimerAndShowPopupIfNecessary(Ljavax/swing/text/JTextComponent;[IZILcom/mathworks/widgets/tokenmatch/TokenMatchPopup$TokenMatchListener;Lcom/mathworks/widgets/tokenmatch/TokenMatchPopup$Language;)V+380
j  com.mathworks.widgets.text.MWCaret$DelimiterMatchingImpl.startTimerAndShowPopupIfNecessary(Ljavax/swing/text/JTextComponent;[IZILcom/mathworks/widgets/tokenmatch/TokenMatchPopup$TokenMatchListener;Lcom/mathworks/widgets/tokenmatch/TokenMatchPopup$Language;)V+12
j  com.mathworks.widgets.text.MWCaret.doTokenMatchPopup([IZI)V+59
j  com.mathworks.widgets.text.MWCaret.drawNewMarks(ZZ[II)V+76
J  com.mathworks.widgets.text.MWCaret.updateMatchBrace(ZI)V
v  ~RuntimeStub::alignment_frame_return Runtime1 stub
j  com.mathworks.widgets.text.MWCaret.updateMatchBrace(Z)V+6
j  com.mathworks.widgets.text.MWCaret.doDelimiterMatch(CI)V+20
j  com.mathworks.widgets.text.MWKit$MWDefaultKeyTypedAction.actionPerformed(Ljava/awt/event/ActionEvent;Ljavax/swing/text/JTextComponent;)V+67
J  org.netbeans.editor.BaseAction.actionPerformed(Ljava/awt/event/ActionEvent;)V
J  javax.swing.SwingUtilities.notifyAction(Ljavax/swing/Action;Ljavax/swing/KeyStroke;Ljava/awt/event/KeyEvent;Ljava/lang/Object;I)Z
J  javax.swing.JComponent.processKeyBinding(Ljavax/swing/KeyStroke;Ljava/awt/event/KeyEvent;IZ)Z
J  javax.swing.JComponent.processKeyBindings(Ljava/awt/event/KeyEvent;Z)Z
J  javax.swing.JComponent.processKeyEvent(Ljava/awt/event/KeyEvent;)V
J  com.mathworks.widgets.SyntaxTextPaneBase.processKeyEvent(Ljava/awt/event/KeyEvent;)V
J  java.awt.Component.processEvent(Ljava/awt/AWTEvent;)V
J  java.awt.Container.processEvent(Ljava/awt/AWTEvent;)V
J  java.awt.Component.dispatchEventImpl(Ljava/awt/AWTEvent;)V
J  java.awt.Container.dispatchEventImpl(Ljava/awt/AWTEvent;)V
J  java.awt.DefaultKeyboardFocusManager.dispatchKeyEvent(Ljava/awt/event/KeyEvent;)Z
J  java.awt.DefaultKeyboardFocusManager.preDispatchKeyEvent(Ljava/awt/event/KeyEvent;)Z
J  java.awt.DefaultKeyboardFocusManager.typeAheadAssertions(Ljava/awt/Component;Ljava/awt/AWTEvent;)Z
J  java.awt.DefaultKeyboardFocusManager.dispatchEvent(Ljava/awt/AWTEvent;)Z
J  java.awt.Component.dispatchEventImpl(Ljava/awt/AWTEvent;)V
J  java.awt.Container.dispatchEventImpl(Ljava/awt/AWTEvent;)V
J  java.awt.Window.dispatchEventImpl(Ljava/awt/AWTEvent;)V
J  java.awt.EventQueue.dispatchEvent(Ljava/awt/AWTEvent;)V
J  java.awt.EventDispatchThread.pumpOneEventForHierarchy(ILjava/awt/Component;)Z
J  java.awt.EventDispatchThread.pumpEventsForHierarchy(ILjava/awt/Conditional;Ljava/awt/Component;)V
v  ~OSRAdapter
j  java.awt.EventDispatchThread.pumpEvents(ILjava/awt/Conditional;)V+4
j  java.awt.EventDispatchThread.pumpEvents(Ljava/awt/Conditional;)V+3
j  java.awt.EventDispatchThread.run()V+9
v  ~StubRoutines::call_stub

---------------  P R O C E S S  ---------------

Java Threads: ( => current thread )
  0x10099518 JavaThread "Thread-256" [_thread_blocked, id=7860]
  0x103cb610 JavaThread "Timer-18" [_thread_blocked, id=11540]
  0x10099390 JavaThread "Thread-253" [_thread_blocked, id=4608]
  0x10099b38 JavaThread "Thread-250" [_thread_blocked, id=6380]
  0x100985c8 JavaThread "Thread-249" [_thread_blocked, id=4124]
  0x10099208 JavaThread "Thread-243" [_thread_blocked, id=8392]
  0x10099828 JavaThread "Thread-241" [_thread_blocked, id=3280]
  0x10098be8 JavaThread "Thread-240" [_thread_blocked, id=4428]
  0x100982b8 JavaThread "Thread-239" [_thread_blocked, id=10380]
  0x10098d70 JavaThread "Timer-14" [_thread_blocked, id=9324]
  0x10373da0 JavaThread "Prefs Updater" [_thread_blocked, id=312]
  0x100e0808 JavaThread "Thread-44" [_thread_in_native, id=7360]
  0x0fb8ecb0 JavaThread "Active Reference Queue Daemon" daemon [_thread_blocked, id=6416]
  0x0fb7a8e0 JavaThread "Timer-2" daemon [_thread_blocked, id=3616]
  0x0fb2e870 JavaThread "Timer-1" daemon [_thread_blocked, id=4460]
  0x0fd402c0 JavaThread "TimerQueue" daemon [_thread_blocked, id=7212]
=>0x030d2888 JavaThread "AWT-EventQueue-0" [_thread_in_native, id=5880]
  0x0fd51e60 JavaThread "AWT-Shutdown" [_thread_blocked, id=4764]
  0x10030468 JavaThread "Java2D Disposer" daemon [_thread_blocked, id=6348]
  0x0fd1a7d8 JavaThread "AWT-Windows" daemon [_thread_in_native, id=4668]
  0x0f6fea58 JavaThread "Timer-0" [_thread_blocked, id=5292]
  0x03100448 JavaThread "Low Memory Detector" daemon [_thread_blocked, id=7388]
  0x030ffab8 JavaThread "CompilerThread0" daemon [_thread_blocked, id=5408]
  0x030fef10 JavaThread "Signal Dispatcher" daemon [_thread_blocked, id=5480]
  0x030f40e8 JavaThread "Finalizer" daemon [_thread_blocked, id=7304]
  0x030f2ad8 JavaThread "Reference Handler" daemon [_thread_blocked, id=8016]
  0x0171fc40 JavaThread "main" [_thread_in_native, id=6632]

Other Threads:
  0x030ee378 VMThread [id=5860]
  0x031019e8 WatcherThread [id=7900]

VM state:not at safepoint (normal execution)

VM Mutex/Monitor currently owned by a thread: None

Heap
 def new generation   total 22144K, used 5948K [0x07360000, 0x08b60000, 0x08b60000)
  eden space 19712K,  23% used [0x07360000, 0x077ebfd8, 0x086a0000)
  from space 2432K,  53% used [0x086a0000, 0x087e30b8, 0x08900000)
  to   space 2432K,   0% used [0x08900000, 0x08900000, 0x08b60000)
 tenured generation   total 73728K, used 51839K [0x08b60000, 0x0d360000, 0x0d360000)
   the space 73728K,  70% used [0x08b60000, 0x0bdffe80, 0x0be00000, 0x0d360000)
 compacting perm gen  total 32768K, used 24659K [0x0d360000, 0x0f360000, 0x0f360000)
   the space 32768K,  75% used [0x0d360000, 0x0eb74dc0, 0x0eb74e00, 0x0f360000)
No shared spaces configured.

Dynamic libraries:
0x00400000 - 0x004ee000 	C:\Program Files\MATLAB\R2007a\bin\win32\MATLAB.exe
0x773c0000 - 0x774de000 	C:\Windows\system32\ntdll.dll
0x77020000 - 0x770f8000 	C:\Windows\system32\kernel32.dll
0x78e80000 - 0x79088000 	C:\Program Files\MATLAB\R2007a\bin\win32\libmwservices.dll
0x76d50000 - 0x76dee000 	C:\Windows\system32\USER32.dll
0x76b00000 - 0x76b4b000 	C:\Windows\system32\GDI32.dll
0x771d0000 - 0x7728f000 	C:\Windows\system32\ADVAPI32.dll
0x75d00000 - 0x75dc3000 	C:\Windows\system32\RPCRT4.dll
0x75c80000 - 0x75cf4000 	C:\Windows\system32\comdlg32.dll
0x75f60000 - 0x7600a000 	C:\Windows\system32\msvcrt.dll
0x76ba0000 - 0x76bf5000 	C:\Windows\system32\SHLWAPI.dll
0x73360000 - 0x733e6000 	C:\Windows\WinSxS\x86_microsoft.windows.common-controls_6595b64144ccf1df_5.82.6000.16386_none_87e0cb09378714f1\COMCTL32.dll
0x76010000 - 0x76ade000 	C:\Windows\system32\SHELL32.dll
0x78530000 - 0x7857c000 	C:\Program Files\MATLAB\R2007a\bin\win32\libmx.dll
0x78200000 - 0x78298000 	C:\Program Files\MATLAB\R2007a\bin\win32\icuuc32.dll
0x10000000 - 0x10006000 	C:\Program Files\MATLAB\R2007a\bin\win32\icudt32.dll
0x721f0000 - 0x7228b000 	C:\Windows\WinSxS\x86_microsoft.vc80.crt_1fc8b3b9a1e18e3b_8.0.50727.312_none_10b2ee7b9bffc2c7\MSVCR80.dll
0x78460000 - 0x7846e000 	C:\Program Files\MATLAB\R2007a\bin\win32\libz.dll
0x78470000 - 0x7852e000 	C:\Program Files\MATLAB\R2007a\bin\win32\libut.dll
0x78100000 - 0x781b5000 	C:\Program Files\MATLAB\R2007a\bin\win32\icuin32.dll
0x781c0000 - 0x781cc000 	C:\Program Files\MATLAB\R2007a\bin\win32\icuio32.dll
0x6eef0000 - 0x6ef77000 	C:\Windows\WinSxS\x86_microsoft.vc80.crt_1fc8b3b9a1e18e3b_8.0.50727.312_none_10b2ee7b9bffc2c7\MSVCP80.dll
0x77580000 - 0x775a9000 	C:\Windows\system32\imagehlp.dll
0x79730000 - 0x79789000 	C:\Program Files\MATLAB\R2007a\bin\win32\libmwmathutil.dll
0x785b0000 - 0x785c8000 	C:\Program Files\MATLAB\R2007a\bin\win32\mpath.dll
0x75930000 - 0x7599a000 	C:\Windows\system32\NETAPI32.dll
0x75be0000 - 0x75be7000 	C:\Windows\system32\PSAPI.DLL
0x76df0000 - 0x76e1d000 	C:\Windows\system32\WS2_32.dll
0x76e20000 - 0x76e26000 	C:\Windows\system32\NSI.dll
0x79540000 - 0x79575000 	C:\Program Files\MATLAB\R2007a\bin\win32\mcr.dll
0x76c00000 - 0x76d44000 	C:\Windows\system32\ole32.dll
0x78580000 - 0x78590000 	C:\Program Files\MATLAB\R2007a\bin\win32\libmex.dll
0x78750000 - 0x7879d000 	C:\Program Files\MATLAB\R2007a\bin\win32\m_dispatcher.dll
0x782a0000 - 0x7845b000 	C:\Program Files\MATLAB\R2007a\bin\win32\xerces-c_2_6.dll
0x78e60000 - 0x78e7c000 	C:\Program Files\MATLAB\R2007a\bin\win32\datasvcs.dll
0x79290000 - 0x79353000 	C:\Program Files\MATLAB\R2007a\bin\win32\libmwgui.dll
0x786c0000 - 0x78749000 	C:\Program Files\MATLAB\R2007a\bin\win32\udd.dll
0x785d0000 - 0x786b5000 	C:\Program Files\MATLAB\R2007a\bin\win32\mcos.dll
0x787a0000 - 0x78c01000 	C:\Program Files\MATLAB\R2007a\bin\win32\m_interpreter.dll
0x79790000 - 0x79799000 	C:\Program Files\MATLAB\R2007a\bin\win32\libmwmathrng.dll
0x78e20000 - 0x78e31000 	C:\Program Files\MATLAB\R2007a\bin\win32\m_pcodeio.dll
0x00180000 - 0x0018a000 	C:\Program Files\MATLAB\R2007a\bin\win32\mtok.dll
0x78c10000 - 0x78db7000 	C:\Program Files\MATLAB\R2007a\bin\win32\m_parser.dll
0x78dc0000 - 0x78df1000 	C:\Program Files\MATLAB\R2007a\bin\win32\m_ir.dll
0x78e40000 - 0x78e4c000 	C:\Program Files\MATLAB\R2007a\bin\win32\ir_xfmr.dll
0x002d0000 - 0x00300000 	C:\Program Files\MATLAB\R2007a\bin\win32\profiler.dll
0x78590000 - 0x785ac000 	C:\Program Files\MATLAB\R2007a\bin\win32\libmat.dll
0x00320000 - 0x003e8000 	C:\Program Files\MATLAB\R2007a\bin\win32\libhdf5.dll
0x78e00000 - 0x78e15000 	C:\Program Files\MATLAB\R2007a\bin\win32\m_pcodegen.dll
0x7a020000 - 0x7a038000 	C:\Program Files\MATLAB\R2007a\bin\win32\bridge.dll
0x01400000 - 0x0140f000 	C:\Program Files\MATLAB\R2007a\bin\win32\iqm.dll
0x79f80000 - 0x79fca000 	C:\Program Files\MATLAB\R2007a\bin\win32\comcli.dll
0x76ec0000 - 0x76f4c000 	C:\Windows\system32\OLEAUT32.dll
0x79f40000 - 0x79f77000 	C:\Program Files\MATLAB\R2007a\bin\win32\jmi.dll
0x73790000 - 0x73797000 	C:\Windows\system32\WSOCK32.dll
0x791b0000 - 0x79231000 	C:\Program Files\MATLAB\R2007a\bin\win32\uiw.dll
0x79240000 - 0x79273000 	C:\Program Files\MATLAB\R2007a\bin\win32\libuij.dll
0x79510000 - 0x7953c000 	C:\Program Files\MATLAB\R2007a\bin\win32\libmwhardcopy.dll
0x79280000 - 0x79289000 	C:\Program Files\MATLAB\R2007a\bin\win32\uinone.dll
0x01480000 - 0x0158d000 	C:\Windows\WinSxS\x86_microsoft.vc80.mfc_1fc8b3b9a1e18e3b_8.0.50727.163_none_0c187ef99ee1d25a\MFC80.DLL
0x72290000 - 0x722d1000 	C:\Windows\system32\WINSPOOL.DRV
0x7c630000 - 0x7c64b000 	C:\Windows\WinSxS\x86_microsoft.vc80.atl_1fc8b3b9a1e18e3b_8.0.50727.42_none_dc990e4797f81af1\ATL80.DLL
0x79ec0000 - 0x79ed4000 	C:\Program Files\MATLAB\R2007a\bin\win32\mwoles05.DLL
0x79ee0000 - 0x79f3b000 	C:\Program Files\MATLAB\R2007a\bin\win32\udd_mi.dll
0x79fd0000 - 0x79fdb000 	C:\Program Files\MATLAB\R2007a\bin\win32\mlautoregister.dll
0x79360000 - 0x794c3000 	C:\Program Files\MATLAB\R2007a\bin\win32\hg.dll
0x79580000 - 0x79725000 	C:\Program Files\MATLAB\R2007a\bin\win32\numerics.dll
0x79dd0000 - 0x79dd7000 	C:\Program Files\MATLAB\R2007a\bin\win32\libmwamd.dll
0x79de0000 - 0x79e38000 	C:\Program Files\MATLAB\R2007a\bin\win32\libmwcholmod.dll
0x79e40000 - 0x79e47000 	C:\Program Files\MATLAB\R2007a\bin\win32\libmwcolamd.dll
0x797a0000 - 0x797c3000 	C:\Program Files\MATLAB\R2007a\bin\win32\libmwlapack.dll
0x79810000 - 0x79897000 	C:\Program Files\MATLAB\R2007a\bin\win32\libfftw3.dll
0x798a0000 - 0x7993b000 	C:\Program Files\MATLAB\R2007a\bin\win32\libfftw3f.dll
0x79e50000 - 0x79ebc000 	C:\Program Files\MATLAB\R2007a\bin\win32\libmwumfpack.dll
0x76ae0000 - 0x76afe000 	C:\Windows\system32\IMM32.DLL
0x77100000 - 0x771c7000 	C:\Windows\system32\MSCTF.dll
0x774e0000 - 0x774e9000 	C:\Windows\system32\LPK.DLL
0x774f0000 - 0x7756d000 	C:\Windows\system32\USP10.dll
0x75ae0000 - 0x75b01000 	C:\Windows\system32\NTMARTA.DLL
0x775b0000 - 0x775f9000 	C:\Windows\system32\WLDAP32.dll
0x75ac0000 - 0x75ad1000 	C:\Windows\system32\SAMLIB.dll
0x74a20000 - 0x74bb4000 	C:\Windows\WinSxS\x86_microsoft.windows.common-controls_6595b64144ccf1df_6.0.6000.16386_none_5d07289e07e1d100\comctl32.dll
0x5d360000 - 0x5d36e000 	C:\Windows\WinSxS\x86_microsoft.vc80.mfcloc_1fc8b3b9a1e18e3b_8.0.50727.42_none_0e9c2a8d74fd3ce6\MFC80ENU.DLL
0x7bdf0000 - 0x7be25000 	C:\Program Files\MATLAB\R2007a\bin\win32\libguide40.dll
0x797d0000 - 0x797f8000 	C:\Program Files\MATLAB\R2007a\bin\win32\mkl.dll
0x79800000 - 0x79805000 	C:\Program Files\MATLAB\R2007a\bin\win32\mklcompat.dll
0x79940000 - 0x79dc3000 	C:\Program Files\MATLAB\R2007a\bin\win32\mllapack.dll
0x02b80000 - 0x02c2a000 	C:\Program Files\MATLAB\R2007a\bin\win32\libifcoremd.dll
0x02c30000 - 0x02e60000 	C:\Program Files\MATLAB\R2007a\bin\win32\libmmd.dll
0x74d20000 - 0x74d5f000 	C:\Windows\system32\uxtheme.dll
0x72fc0000 - 0x73020000 	C:\Program Files\Common Files\microsoft shared\ink\tiptsf.dll
0x753a0000 - 0x753a8000 	C:\Windows\system32\version.dll
0x74250000 - 0x74253000 	C:\Windows\system32\icmp.Dll
0x754d0000 - 0x754e9000 	C:\Windows\system32\iphlpapi.dll
0x75440000 - 0x75475000 	C:\Windows\system32\dhcpcsvc.DLL
0x756e0000 - 0x7570b000 	C:\Windows\system32\DNSAPI.dll
0x75b10000 - 0x75b24000 	C:\Windows\system32\Secur32.dll
0x75430000 - 0x75437000 	C:\Windows\system32\WINNSI.DLL
0x75410000 - 0x75430000 	C:\Windows\system32\dhcpcsvc6.DLL
0x6d6c0000 - 0x6d857000 	C:\Program Files\MATLAB\R2007a\sys\java\jre\win32\jre1.5.0_07\bin\client\jvm.dll
0x74c10000 - 0x74c43000 	C:\Windows\system32\WINMM.dll
0x74bd0000 - 0x74c08000 	C:\Windows\system32\OLEACC.dll
0x75a60000 - 0x75a8c000 	C:\Windows\system32\apphelp.dll
0x6d280000 - 0x6d288000 	C:\Program Files\MATLAB\R2007a\sys\java\jre\win32\jre1.5.0_07\bin\hpi.dll
0x6d690000 - 0x6d69c000 	C:\Program Files\MATLAB\R2007a\sys\java\jre\win32\jre1.5.0_07\bin\verify.dll
0x6d300000 - 0x6d31d000 	C:\Program Files\MATLAB\R2007a\sys\java\jre\win32\jre1.5.0_07\bin\java.dll
0x6d6b0000 - 0x6d6bf000 	C:\Program Files\MATLAB\R2007a\sys\java\jre\win32\jre1.5.0_07\bin\zip.dll
0x7b330000 - 0x7b342000 	C:\Program Files\MATLAB\R2007a\bin\win32\nativejava.dll
0x03260000 - 0x03273000 	C:\Program Files\MATLAB\R2007a\bin\win32\nativejmi.dll
0x03290000 - 0x03296000 	C:\Program Files\MATLAB\R2007a\bin\win32\nativeservices.dll
0x6d000000 - 0x6d167000 	C:\Program Files\MATLAB\R2007a\sys\java\jre\win32\jre1.5.0_07\bin\awt.dll
0x6d240000 - 0x6d27f000 	C:\Program Files\MATLAB\R2007a\sys\java\jre\win32\jre1.5.0_07\bin\fontmanager.dll
0x6d4c0000 - 0x6d4d3000 	C:\Program Files\MATLAB\R2007a\sys\java\jre\win32\jre1.5.0_07\bin\net.dll
0x75330000 - 0x7536b000 	C:\Windows\system32\mswsock.dll
0x75390000 - 0x75396000 	C:\Windows\System32\wship6.dll
0x6d4e0000 - 0x6d4e9000 	C:\Program Files\MATLAB\R2007a\sys\java\jre\win32\jre1.5.0_07\bin\nio.dll
0x0ff90000 - 0x0ff9c000 	C:\Program Files\MATLAB\R2007a\bin\win32\nativecmdwin.dll
0x0ffd0000 - 0x0ffd7000 	C:\Program Files\MATLAB\R2007a\bin\win32\nativemlint.dll
0x10bd0000 - 0x10c04000 	C:\Program Files\MATLAB\R2007a\bin\win32\mlint.dll
0x7b350000 - 0x7b356000 	C:\Program Files\MATLAB\R2007a\bin\win32\nativelex.dll
0x76e30000 - 0x76eb4000 	C:\Windows\system32\CLBCatQ.DLL
0x72ab0000 - 0x72abf000 	C:\Program Files\Windows Journal\NBMapTIP.dll
0x720d0000 - 0x721ef000 	C:\Windows\system32\MFC42u.dll
0x76f50000 - 0x7701f000 	C:\Windows\system32\WININET.dll
0x77570000 - 0x77573000 	C:\Windows\system32\Normaliz.dll
0x76b50000 - 0x76b95000 	C:\Windows\system32\iertutil.dll
0x72060000 - 0x720c5000 	C:\Windows\system32\ODBC32.dll
0x71ca0000 - 0x71cd8000 	C:\Windows\system32\odbcint.dll

VM Arguments:
jvm_args: -Xss512k -XX:PermSize=32M -Xms64m -XX:NewRatio=3 -XX:MaxPermSize=32M -Xmx96m -Dsun.java2d.noddraw=true -Dsun.awt.nopixfmt=true -Xshare:off -Djava.library.path=C:\Program Files\MATLAB\R2007a\bin\win32 vfprintf abort
java_command: <unknown>
Launcher Type: generic

Environment Variables:
PATH=C:\Program Files\MATLAB\R2007a\toolbox\symbolic\jre\bin\client;C:\Program Files\MATLAB\R2007a\toolbox\symbolic\bin.win\GENERIC;C:\Program Files\MATLAB\R2007a\toolbox\symbolic\bin.win;c:\program files\miktex 2.6\miktex\bin;C:\Windows\system32;C:\Windows;C:\Windows\system32\wbem;C:\Program Files\MATLAB\R2007a\bin;C:\Program Files\MATLAB\R2007a\bin\win32;;C:\Program Files\WinSCP\
USERNAME=joshuav
OS=Windows_NT
PROCESSOR_IDENTIFIER=x86 Family 6 Model 14 Stepping 8, GenuineIntel



---------------  S Y S T E M  ---------------

OS: Windows NT 6.0 Build 6000 

CPU:total 2 family 6, cmov, cx8, fxsr, mmx, sse, sse2, ht

Memory: 4k page, physical 2086144k(869468k free), swap 4194303k(1696172k free)

vm_info: Java HotSpot(TM) Client VM (1.5.0_07-b03) for windows-x86, built on May  3 2006 01:04:38 by "java_re" with MS VC++ 6.0

