#
# An unexpected error has been detected by HotSpot Virtual Machine:
#
#  EXCEPTION_ACCESS_VIOLATION (0xc0000005) at pc=0x6d00b510, pid=876, tid=2456
#
# Java VM: Java HotSpot(TM) Client VM (1.5.0_07-b03 mixed mode)
# Problematic frame:
# C  [awt.dll+0xb510]
#

---------------  T H R E A D  ---------------

Current thread (0x0306f860):  JavaThread "AWT-EventQueue-0" [_thread_in_native, id=2456]

siginfo: ExceptionCode=0xc0000005, reading address 0x00007fff

Registers:
EAX=0x00001ff8, EBX=0x11090001, ECX=0x0000001e, EDX=0x0000001f
ESP=0x0fc1f14c, EBP=0x06e1a390, ESI=0x000000f8, EDI=0x00000006
EIP=0x6d00b510, EFLAGS=0x00010202

Top of Stack: (sp=0x0fc1f14c)
0x0fc1f14c:   fffffeda 0306f920 6d11c3f8 00000126
0x0fc1f15c:   ffffffff 6d1303f8 6d1303b8 00000001
0x0fc1f16c:   00000000 00000000 6d001a56 00000018
0x0fc1f17c:   00000008 00000008 00000012 6d130438
0x0fc1f18c:   0fc1f1fc 6d11c3f8 0fc1f1f0 06e165d0
0x0fc1f19c:   00000012 0fc1f328 0306f860 0f6ad580
0x0fc1f1ac:   00000126 6d11c3f8 00000000 0ed360b8
0x0fc1f1bc:   00000126 0000007b 0000012e 0000008d 

Instructions: (pc=0x6d00b510)
0x6d00b500:   e6 f8 c1 e0 05 c1 e9 03 03 c6 03 d1 83 c5 04 43
0x6d00b510:   8a 04 82 47 88 43 ff 8b 44 24 30 83 e7 07 48 89 


Stack: [0x0fba0000,0x0fc20000),  sp=0x0fc1f14c,  free space=508k
Native frames: (J=compiled Java code, j=interpreted, Vv=VM code, C=native code)
C  [awt.dll+0xb510]

Java frames: (J=compiled Java code, j=interpreted, Vv=VM code)
J  sun.java2d.loops.Blit.Blit(Lsun/java2d/SurfaceData;Lsun/java2d/SurfaceData;Ljava/awt/Composite;Lsun/java2d/pipe/Region;IIIIII)V
J  sun.java2d.pipe.DrawImage.blitSurfaceData(Lsun/java2d/SunGraphics2D;Lsun/java2d/pipe/Region;Lsun/java2d/SurfaceData;Lsun/java2d/SurfaceData;Lsun/java2d/loops/SurfaceType;Lsun/java2d/loops/SurfaceType;IIIIIILjava/awt/Color;)V
J  sun.java2d.pipe.DrawImage.renderImageCopy(Lsun/java2d/SunGraphics2D;Ljava/awt/Image;Ljava/awt/Color;IIIIII)Z
J  sun.java2d.pipe.DrawImage.copyImage(Lsun/java2d/SunGraphics2D;Ljava/awt/Image;IILjava/awt/Color;)Z
J  sun.java2d.pipe.DrawImage.copyImage(Lsun/java2d/SunGraphics2D;Ljava/awt/Image;IILjava/awt/Color;Ljava/awt/image/ImageObserver;)Z
J  sun.java2d.pipe.ValidatePipe.copyImage(Lsun/java2d/SunGraphics2D;Ljava/awt/Image;IILjava/awt/Color;Ljava/awt/image/ImageObserver;)Z
J  sun.java2d.SunGraphics2D.drawImage(Ljava/awt/Image;IILjava/awt/Color;Ljava/awt/image/ImageObserver;)Z
J  sun.java2d.SunGraphics2D.drawImage(Ljava/awt/Image;IILjava/awt/image/ImageObserver;)Z
J  javax.swing.JComponent.paintWithOffscreenBuffer(Ljavax/swing/JComponent;Ljava/awt/Graphics;IIIILjava/awt/Image;)V
J  javax.swing.JComponent.paintDoubleBuffered(Ljavax/swing/JComponent;Ljava/awt/Component;Ljava/awt/Graphics;IIII)Z
J  javax.swing.JComponent._paintImmediately(IIII)V
j  javax.swing.JComponent.paintImmediately(IIII)V+83
J  javax.swing.RepaintManager.paintDirtyRegions()V
v  ~RuntimeStub::alignment_frame_return Runtime1 stub
j  javax.swing.SystemEventQueueUtilities$ComponentWorkRequest.run()V+32
J  java.awt.event.InvocationEvent.dispatch()V
J  java.awt.EventQueue.dispatchEvent(Ljava/awt/AWTEvent;)V
J  java.awt.EventDispatchThread.pumpOneEventForHierarchy(ILjava/awt/Component;)Z
v  ~RuntimeStub::alignment_frame_return Runtime1 stub
j  java.awt.EventDispatchThread.pumpEventsForHierarchy(ILjava/awt/Conditional;Ljava/awt/Component;)V+26
j  java.awt.EventDispatchThread.pumpEvents(ILjava/awt/Conditional;)V+4
j  java.awt.EventDispatchThread.pumpEvents(Ljava/awt/Conditional;)V+3
j  java.awt.EventDispatchThread.run()V+9
v  ~StubRoutines::call_stub

---------------  P R O C E S S  ---------------

Java Threads: ( => current thread )
  0x030704a0 JavaThread "Timer-5" [_thread_blocked, id=4428]
  0x0f4d6338 JavaThread "Thread-44" [_thread_in_native, id=1336]
  0x0f4d6028 JavaThread "Thread-39" [_thread_blocked, id=3196]
  0x0f4d5ea0 JavaThread "Thread-38" [_thread_blocked, id=3204]
  0x0f4d5d18 JavaThread "Thread-37" [_thread_blocked, id=3352]
  0x0f4d5b90 JavaThread "Thread-36" [_thread_blocked, id=1920]
  0x0f4d5a08 JavaThread "Thread-35" [_thread_blocked, id=2488]
  0x0f4d5880 JavaThread "Thread-34" [_thread_blocked, id=3056]
  0x0f4d56f8 JavaThread "Thread-33" [_thread_blocked, id=3192]
  0x0306f9e8 JavaThread "Thread-32" [_thread_blocked, id=4068]
  0x03070008 JavaThread "Thread-31" [_thread_blocked, id=1960]
  0x0f4d5570 JavaThread "Thread-30" [_thread_blocked, id=1216]
  0x0f4d53e8 JavaThread "Thread-29" [_thread_blocked, id=1648]
  0x0f4d5260 JavaThread "Thread-28" [_thread_blocked, id=3212]
  0x0f4d50d8 JavaThread "Thread-27" [_thread_blocked, id=1024]
  0x0f4d4f50 JavaThread "Thread-26" [_thread_blocked, id=3340]
  0x0f4d4dc8 JavaThread "Thread-25" [_thread_blocked, id=2828]
  0x0f4d4c40 JavaThread "Thread-24" [_thread_blocked, id=2260]
  0x0f4d4ab8 JavaThread "Thread-23" [_thread_blocked, id=2756]
  0x0eeb86c8 JavaThread "Thread-22" [_thread_blocked, id=3896]
  0x0eeb8540 JavaThread "Thread-21" [_thread_blocked, id=2192]
  0x0eeb83b8 JavaThread "Thread-20" [_thread_blocked, id=1500]
  0x0eeb8230 JavaThread "Thread-19" [_thread_blocked, id=708]
  0x0eeb80a8 JavaThread "Thread-18" [_thread_blocked, id=2568]
  0x0eeb7f20 JavaThread "Thread-17" [_thread_blocked, id=3228]
  0x0eeb7d98 JavaThread "Thread-16" [_thread_blocked, id=2668]
  0x0eeb7c10 JavaThread "Thread-15" [_thread_blocked, id=2884]
  0x0eeb7900 JavaThread "Thread-14" [_thread_blocked, id=2444]
  0x0eeb7778 JavaThread "Thread-13" [_thread_blocked, id=3848]
  0x0eeb75f0 JavaThread "Thread-12" [_thread_blocked, id=416]
  0x0eeb72e0 JavaThread "Thread-11" [_thread_blocked, id=2168]
  0x0eeb6fd0 JavaThread "Thread-10" [_thread_blocked, id=3940]
  0x0eeb6b38 JavaThread "Thread-9" [_thread_blocked, id=3592]
  0x03070c48 JavaThread "Thread-8" [_thread_blocked, id=384]
  0x030707b0 JavaThread "Thread-7" [_thread_blocked, id=1544]
  0x03070628 JavaThread "Active Reference Queue Daemon" daemon [_thread_blocked, id=3508]
  0x03070318 JavaThread "Timer-3" daemon [_thread_blocked, id=3104]
  0x03070190 JavaThread "Timer-1" daemon [_thread_blocked, id=2600]
  0x0306fcf8 JavaThread "TimerQueue" daemon [_thread_blocked, id=3976]
=>0x0306f860 JavaThread "AWT-EventQueue-0" [_thread_in_native, id=2456]
  0x0306f6d8 JavaThread "Java2D Disposer" daemon [_thread_blocked, id=3416]
  0x0306f550 JavaThread "AWT-Windows" daemon [_thread_in_native, id=1536]
  0x0306f3c8 JavaThread "AWT-Shutdown" [_thread_blocked, id=872]
  0x0306f240 JavaThread "Timer-0" [_thread_blocked, id=3392]
  0x0306f0b8 JavaThread "Low Memory Detector" daemon [_thread_blocked, id=2548]
  0x03071b58 JavaThread "CompilerThread0" daemon [_thread_blocked, id=3952]
  0x0306ef30 JavaThread "Signal Dispatcher" daemon [_thread_blocked, id=2620]
  0x030640f0 JavaThread "Finalizer" daemon [_thread_blocked, id=2788]
  0x03062ae0 JavaThread "Reference Handler" daemon [_thread_blocked, id=2904]
  0x0187fc40 JavaThread "main" [_thread_in_native, id=724]

Other Threads:
  0x0305e380 VMThread [id=3064]
  0x03072538 WatcherThread [id=3068]

VM state:not at safepoint (normal execution)

VM Mutex/Monitor currently owned by a thread: None

Heap
 def new generation   total 14784K, used 8353K [0x066d0000, 0x076d0000, 0x07ed0000)
  eden space 13184K,  57% used [0x066d0000, 0x06e2fb18, 0x073b0000)
  from space 1600K,  50% used [0x073b0000, 0x074789b0, 0x07540000)
  to   space 1600K,   0% used [0x07540000, 0x07540000, 0x076d0000)
 tenured generation   total 49152K, used 44674K [0x07ed0000, 0x0aed0000, 0x0c6d0000)
   the space 49152K,  90% used [0x07ed0000, 0x0aa70ba8, 0x0aa70c00, 0x0aed0000)
 compacting perm gen  total 32768K, used 23119K [0x0c6d0000, 0x0e6d0000, 0x0e6d0000)
   the space 32768K,  70% used [0x0c6d0000, 0x0dd63ed0, 0x0dd64000, 0x0e6d0000)
No shared spaces configured.

Dynamic libraries:
0x00400000 - 0x004ee000 	C:\Program Files\MATLAB\R2007a\bin\win32\MATLAB.exe
0x77880000 - 0x7799e000 	C:\Windows\system32\ntdll.dll
0x776d0000 - 0x777a8000 	C:\Windows\system32\kernel32.dll
0x78e80000 - 0x79088000 	C:\Program Files\MATLAB\R2007a\bin\win32\libmwservices.dll
0x771b0000 - 0x7724e000 	C:\Windows\system32\USER32.dll
0x77280000 - 0x772cb000 	C:\Windows\system32\GDI32.dll
0x76f60000 - 0x7701f000 	C:\Windows\system32\ADVAPI32.dll
0x777b0000 - 0x77873000 	C:\Windows\system32\RPCRT4.dll
0x76e10000 - 0x76e84000 	C:\Windows\system32\comdlg32.dll
0x76260000 - 0x7630a000 	C:\Windows\system32\msvcrt.dll
0x779a0000 - 0x779f5000 	C:\Windows\system32\SHLWAPI.dll
0x73840000 - 0x738c6000 	C:\Windows\WinSxS\x86_microsoft.windows.common-controls_6595b64144ccf1df_5.82.6000.16386_none_87e0cb09378714f1\COMCTL32.dll
0x76310000 - 0x76dde000 	C:\Windows\system32\SHELL32.dll
0x78530000 - 0x7857c000 	C:\Program Files\MATLAB\R2007a\bin\win32\libmx.dll
0x78200000 - 0x78298000 	C:\Program Files\MATLAB\R2007a\bin\win32\icuuc32.dll
0x10000000 - 0x10006000 	C:\Program Files\MATLAB\R2007a\bin\win32\icudt32.dll
0x72b50000 - 0x72beb000 	C:\Windows\WinSxS\x86_microsoft.vc80.crt_1fc8b3b9a1e18e3b_8.0.50727.312_none_10b2ee7b9bffc2c7\MSVCR80.dll
0x78460000 - 0x7846e000 	C:\Program Files\MATLAB\R2007a\bin\win32\libz.dll
0x78470000 - 0x7852e000 	C:\Program Files\MATLAB\R2007a\bin\win32\libut.dll
0x78100000 - 0x781b5000 	C:\Program Files\MATLAB\R2007a\bin\win32\icuin32.dll
0x781c0000 - 0x781cc000 	C:\Program Files\MATLAB\R2007a\bin\win32\icuio32.dll
0x6f2b0000 - 0x6f337000 	C:\Windows\WinSxS\x86_microsoft.vc80.crt_1fc8b3b9a1e18e3b_8.0.50727.312_none_10b2ee7b9bffc2c7\MSVCP80.dll
0x77250000 - 0x77279000 	C:\Windows\system32\imagehlp.dll
0x79730000 - 0x79789000 	C:\Program Files\MATLAB\R2007a\bin\win32\libmwmathutil.dll
0x785b0000 - 0x785c8000 	C:\Program Files\MATLAB\R2007a\bin\win32\mpath.dll
0x75df0000 - 0x75e5a000 	C:\Windows\system32\NETAPI32.dll
0x76130000 - 0x76137000 	C:\Windows\system32\PSAPI.DLL
0x76de0000 - 0x76e0d000 	C:\Windows\system32\WS2_32.dll
0x77a00000 - 0x77a06000 	C:\Windows\system32\NSI.dll
0x79540000 - 0x79575000 	C:\Program Files\MATLAB\R2007a\bin\win32\mcr.dll
0x77450000 - 0x77594000 	C:\Windows\system32\ole32.dll
0x78580000 - 0x78590000 	C:\Program Files\MATLAB\R2007a\bin\win32\libmex.dll
0x78750000 - 0x7879d000 	C:\Program Files\MATLAB\R2007a\bin\win32\m_dispatcher.dll
0x782a0000 - 0x7845b000 	C:\Program Files\MATLAB\R2007a\bin\win32\xerces-c_2_6.dll
0x78e60000 - 0x78e7c000 	C:\Program Files\MATLAB\R2007a\bin\win32\datasvcs.dll
0x79290000 - 0x79353000 	C:\Program Files\MATLAB\R2007a\bin\win32\libmwgui.dll
0x786c0000 - 0x78749000 	C:\Program Files\MATLAB\R2007a\bin\win32\udd.dll
0x785d0000 - 0x786b5000 	C:\Program Files\MATLAB\R2007a\bin\win32\mcos.dll
0x787a0000 - 0x78c01000 	C:\Program Files\MATLAB\R2007a\bin\win32\m_interpreter.dll
0x79790000 - 0x79799000 	C:\Program Files\MATLAB\R2007a\bin\win32\libmwmathrng.dll
0x78e20000 - 0x78e31000 	C:\Program Files\MATLAB\R2007a\bin\win32\m_pcodeio.dll
0x00280000 - 0x0028a000 	C:\Program Files\MATLAB\R2007a\bin\win32\mtok.dll
0x78c10000 - 0x78db7000 	C:\Program Files\MATLAB\R2007a\bin\win32\m_parser.dll
0x78dc0000 - 0x78df1000 	C:\Program Files\MATLAB\R2007a\bin\win32\m_ir.dll
0x78e40000 - 0x78e4c000 	C:\Program Files\MATLAB\R2007a\bin\win32\ir_xfmr.dll
0x002d0000 - 0x00300000 	C:\Program Files\MATLAB\R2007a\bin\win32\profiler.dll
0x78590000 - 0x785ac000 	C:\Program Files\MATLAB\R2007a\bin\win32\libmat.dll
0x00320000 - 0x003e8000 	C:\Program Files\MATLAB\R2007a\bin\win32\libhdf5.dll
0x78e00000 - 0x78e15000 	C:\Program Files\MATLAB\R2007a\bin\win32\m_pcodegen.dll
0x7a020000 - 0x7a038000 	C:\Program Files\MATLAB\R2007a\bin\win32\bridge.dll
0x01400000 - 0x0140f000 	C:\Program Files\MATLAB\R2007a\bin\win32\iqm.dll
0x79f80000 - 0x79fca000 	C:\Program Files\MATLAB\R2007a\bin\win32\comcli.dll
0x772f0000 - 0x7737c000 	C:\Windows\system32\OLEAUT32.dll
0x79f40000 - 0x79f77000 	C:\Program Files\MATLAB\R2007a\bin\win32\jmi.dll
0x73cc0000 - 0x73cc7000 	C:\Windows\system32\WSOCK32.dll
0x791b0000 - 0x79231000 	C:\Program Files\MATLAB\R2007a\bin\win32\uiw.dll
0x79240000 - 0x79273000 	C:\Program Files\MATLAB\R2007a\bin\win32\libuij.dll
0x79510000 - 0x7953c000 	C:\Program Files\MATLAB\R2007a\bin\win32\libmwhardcopy.dll
0x79280000 - 0x79289000 	C:\Program Files\MATLAB\R2007a\bin\win32\uinone.dll
0x01480000 - 0x0158d000 	C:\Windows\WinSxS\x86_microsoft.vc80.mfc_1fc8b3b9a1e18e3b_8.0.50727.163_none_0c187ef99ee1d25a\MFC80.DLL
0x72bf0000 - 0x72c31000 	C:\Windows\system32\WINSPOOL.DRV
0x7c630000 - 0x7c64b000 	C:\Windows\WinSxS\x86_microsoft.vc80.atl_1fc8b3b9a1e18e3b_8.0.50727.42_none_dc990e4797f81af1\ATL80.DLL
0x79ec0000 - 0x79ed4000 	C:\Program Files\MATLAB\R2007a\bin\win32\mwoles05.DLL
0x79ee0000 - 0x79f3b000 	C:\Program Files\MATLAB\R2007a\bin\win32\udd_mi.dll
0x79fd0000 - 0x79fdb000 	C:\Program Files\MATLAB\R2007a\bin\win32\mlautoregister.dll
0x79360000 - 0x794c3000 	C:\Program Files\MATLAB\R2007a\bin\win32\hg.dll
0x79580000 - 0x79725000 	C:\Program Files\MATLAB\R2007a\bin\win32\numerics.dll
0x79dd0000 - 0x79dd7000 	C:\Program Files\MATLAB\R2007a\bin\win32\libmwamd.dll
0x79de0000 - 0x79e38000 	C:\Program Files\MATLAB\R2007a\bin\win32\libmwcholmod.dll
0x79e40000 - 0x79e47000 	C:\Program Files\MATLAB\R2007a\bin\win32\libmwcolamd.dll
0x797a0000 - 0x797c3000 	C:\Program Files\MATLAB\R2007a\bin\win32\libmwlapack.dll
0x79810000 - 0x79897000 	C:\Program Files\MATLAB\R2007a\bin\win32\libfftw3.dll
0x798a0000 - 0x7993b000 	C:\Program Files\MATLAB\R2007a\bin\win32\libfftw3f.dll
0x79e50000 - 0x79ebc000 	C:\Program Files\MATLAB\R2007a\bin\win32\libmwumfpack.dll
0x772d0000 - 0x772ee000 	C:\Windows\system32\IMM32.DLL
0x76140000 - 0x76207000 	C:\Windows\system32\MSCTF.dll
0x77a20000 - 0x77a29000 	C:\Windows\system32\LPK.DLL
0x773d0000 - 0x7744d000 	C:\Windows\system32\USP10.dll
0x75fa0000 - 0x75fc1000 	C:\Windows\system32\NTMARTA.DLL
0x76210000 - 0x76259000 	C:\Windows\system32\WLDAP32.dll
0x75f80000 - 0x75f91000 	C:\Windows\system32\SAMLIB.dll
0x74ec0000 - 0x75054000 	C:\Windows\WinSxS\x86_microsoft.windows.common-controls_6595b64144ccf1df_6.0.6000.16386_none_5d07289e07e1d100\comctl32.dll
0x5d360000 - 0x5d36e000 	C:\Windows\WinSxS\x86_microsoft.vc80.mfcloc_1fc8b3b9a1e18e3b_8.0.50727.42_none_0e9c2a8d74fd3ce6\MFC80ENU.DLL
0x7bdf0000 - 0x7be25000 	C:\Program Files\MATLAB\R2007a\bin\win32\libguide40.dll
0x797d0000 - 0x797f8000 	C:\Program Files\MATLAB\R2007a\bin\win32\mkl.dll
0x79800000 - 0x79805000 	C:\Program Files\MATLAB\R2007a\bin\win32\mklcompat.dll
0x79940000 - 0x79dc3000 	C:\Program Files\MATLAB\R2007a\bin\win32\mllapack.dll
0x01f30000 - 0x01fda000 	C:\Program Files\MATLAB\R2007a\bin\win32\libifcoremd.dll
0x02c60000 - 0x02e90000 	C:\Program Files\MATLAB\R2007a\bin\win32\libmmd.dll
0x751c0000 - 0x751ff000 	C:\Windows\system32\uxtheme.dll
0x733b0000 - 0x73410000 	C:\Program Files\Common Files\microsoft shared\ink\tiptsf.dll
0x75970000 - 0x75978000 	C:\Windows\system32\version.dll
0x73fe0000 - 0x73fe3000 	C:\Windows\system32\icmp.Dll
0x75860000 - 0x75879000 	C:\Windows\system32\iphlpapi.dll
0x75820000 - 0x75855000 	C:\Windows\system32\dhcpcsvc.DLL
0x75aa0000 - 0x75acb000 	C:\Windows\system32\DNSAPI.dll
0x75fd0000 - 0x75fe4000 	C:\Windows\system32\Secur32.dll
0x75810000 - 0x75817000 	C:\Windows\system32\WINNSI.DLL
0x757f0000 - 0x75810000 	C:\Windows\system32\dhcpcsvc6.DLL
0x6d6c0000 - 0x6d857000 	C:\Program Files\MATLAB\R2007a\sys\java\jre\win32\jre1.5.0_07\bin\client\jvm.dll
0x74b30000 - 0x74b63000 	C:\Windows\system32\WINMM.dll
0x74930000 - 0x74968000 	C:\Windows\system32\OLEACC.dll
0x75f20000 - 0x75f4c000 	C:\Windows\system32\apphelp.dll
0x6d280000 - 0x6d288000 	C:\Program Files\MATLAB\R2007a\sys\java\jre\win32\jre1.5.0_07\bin\hpi.dll
0x6d690000 - 0x6d69c000 	C:\Program Files\MATLAB\R2007a\sys\java\jre\win32\jre1.5.0_07\bin\verify.dll
0x6d300000 - 0x6d31d000 	C:\Program Files\MATLAB\R2007a\sys\java\jre\win32\jre1.5.0_07\bin\java.dll
0x6d6b0000 - 0x6d6bf000 	C:\Program Files\MATLAB\R2007a\sys\java\jre\win32\jre1.5.0_07\bin\zip.dll
0x7b330000 - 0x7b342000 	C:\Program Files\MATLAB\R2007a\bin\win32\nativejava.dll
0x02b70000 - 0x02b83000 	C:\Program Files\MATLAB\R2007a\bin\win32\nativejmi.dll
0x02ba0000 - 0x02ba6000 	C:\Program Files\MATLAB\R2007a\bin\win32\nativeservices.dll
0x6d000000 - 0x6d167000 	C:\Program Files\MATLAB\R2007a\sys\java\jre\win32\jre1.5.0_07\bin\awt.dll
0x6d240000 - 0x6d27f000 	C:\Program Files\MATLAB\R2007a\sys\java\jre\win32\jre1.5.0_07\bin\fontmanager.dll
0x6d4c0000 - 0x6d4d3000 	C:\Program Files\MATLAB\R2007a\sys\java\jre\win32\jre1.5.0_07\bin\net.dll
0x757b0000 - 0x757eb000 	C:\Windows\system32\mswsock.dll
0x75960000 - 0x75966000 	C:\Windows\System32\wship6.dll
0x6d4e0000 - 0x6d4e9000 	C:\Program Files\MATLAB\R2007a\sys\java\jre\win32\jre1.5.0_07\bin\nio.dll
0x031d0000 - 0x031dc000 	C:\Program Files\MATLAB\R2007a\bin\win32\nativecmdwin.dll
0x046b0000 - 0x046b7000 	C:\Program Files\MATLAB\R2007a\bin\win32\nativemlint.dll
0x0f220000 - 0x0f254000 	C:\Program Files\MATLAB\R2007a\bin\win32\mlint.dll
0x7b350000 - 0x7b356000 	C:\Program Files\MATLAB\R2007a\bin\win32\nativelex.dll
0x77a30000 - 0x77ab4000 	C:\Windows\system32\CLBCatQ.DLL
0x73100000 - 0x7310f000 	C:\Program Files\Windows Journal\NBMapTIP.dll
0x72760000 - 0x7287f000 	C:\Windows\system32\MFC42u.dll
0x76e90000 - 0x76f5f000 	C:\Windows\system32\WININET.dll
0x77a10000 - 0x77a13000 	C:\Windows\system32\Normaliz.dll
0x77380000 - 0x773c5000 	C:\Windows\system32\iertutil.dll
0x726f0000 - 0x72755000 	C:\Windows\system32\ODBC32.dll
0x724b0000 - 0x724e8000 	C:\Windows\system32\odbcint.dll

VM Arguments:
jvm_args: -Xss512k -XX:PermSize=32M -Xms64m -XX:NewRatio=3 -XX:MaxPermSize=32M -Xmx96m -Dsun.java2d.noddraw=true -Dsun.awt.nopixfmt=true -Xshare:off -Djava.library.path=C:\Program Files\MATLAB\R2007a\bin\win32 vfprintf abort
java_command: <unknown>
Launcher Type: generic

Environment Variables:
PATH=C:\Program Files\MATLAB\R2007a\sys\java\jre\win32\jre1.5.0_07\bin;C:\Program Files\MATLAB\R2007a\sys\webrenderer\windows\corecomponents;C:\Program Files\MATLAB\R2007a\sys\webrenderer\windows;c:\program files\miktex 2.6\miktex\bin;C:\Windows\system32;C:\Windows;C:\Windows\system32\wbem;C:\Program Files\MATLAB\R2007a\bin;C:\Program Files\MATLAB\R2007a\bin\win32;;C:\Program Files\WinSCP\
USERNAME=joshuav
OS=Windows_NT
PROCESSOR_IDENTIFIER=x86 Family 6 Model 14 Stepping 8, GenuineIntel



---------------  S Y S T E M  ---------------

OS: Windows NT 6.0 Build 6000 

CPU:total 2 family 6, cmov, cx8, fxsr, mmx, sse, sse2, ht

Memory: 4k page, physical 2086144k(974992k free), swap 4194303k(3330524k free)

vm_info: Java HotSpot(TM) Client VM (1.5.0_07-b03) for windows-x86, built on May  3 2006 01:04:38 by "java_re" with MS VC++ 6.0

