#
# An unexpected error has been detected by HotSpot Virtual Machine:
#
#  EXCEPTION_ACCESS_VIOLATION (0xc0000005) at pc=0x6d0e9949, pid=308, tid=7012
#
# Java VM: Java HotSpot(TM) Client VM (1.5.0_07-b03 mixed mode)
# Problematic frame:
# C  [awt.dll+0xe9949]
#

---------------  T H R E A D  ---------------

Current thread (0x0fbfbf38):  JavaThread "AWT-EventQueue-0" [_thread_in_native, id=7012]

siginfo: ExceptionCode=0xc0000005, reading address 0x1027af50

Registers:
EAX=0x101ff888, EBX=0x00000000, ECX=0x0f8e24a8, EDX=0x1027af38
ESP=0x0ff8f364, EBP=0x0ff8f390, ESI=0x0d9cdc60, EDI=0x0fbfbff8
EIP=0x6d0e9949, EFLAGS=0x00010246

Top of Stack: (sp=0x0ff8f364)
0x0ff8f364:   0d9cdc60 6d0ea98d 00000001 0ff8f37c
0x0ff8f374:   0fbfbf38 0d9cdc60 00000000 00000000
0x0ff8f384:   00000000 00000000 0fc41590 0ff8f3c0
0x0ff8f394:   0525826f 101012f2 0ff8f3d4 00000001
0x0ff8f3a4:   0ff8f3a4 00000000 0ff8f3d4 0d9cf118
0x0ff8f3b4:   00000000 0d9cdc60 0ff8f3d0 0ff8f3f4
0x0ff8f3c4:   052529fa 00000000 05256453 00000001
0x0ff8f3d4:   07b03900 0ff8f3d8 0d9cdcd8 0ff8f3fc 

Instructions: (pc=0x6d0e9949)
0x6d0e9939:   4d fc ff 8b 4c 24 08 8b 14 88 8b 0d 74 ff 12 6d
0x6d0e9949:   8b 72 18 e8 df 4d fc ff 8b c6 5e c3 90 90 90 90 


Stack: [0x0ff10000,0x0ff90000),  sp=0x0ff8f364,  free space=508k
Native frames: (J=compiled Java code, j=interpreted, Vv=VM code, C=native code)
C  [awt.dll+0xe9949]
j  sun.awt.Win32GraphicsConfig.getBounds(I)Ljava/awt/Rectangle;+0
j  sun.awt.Win32GraphicsConfig.getBounds()Ljava/awt/Rectangle;+8
j  com.mathworks.mwswing.MJUtilities.getVirtualScreenBounds()Ljava/awt/Rectangle;+72
j  com.mathworks.mwswing.desk.DTSingleClientFrame.refineLocation(Lcom/mathworks/mwswing/desk/DTLocation;)Lcom/mathworks/mwswing/desk/DTFloatingLocation;+495
j  com.mathworks.mwswing.desk.DTSingleClientFrame.addClient(Lcom/mathworks/mwswing/desk/DTClient;Lcom/mathworks/mwswing/desk/DTLocation;)V+329
j  com.mathworks.mwswing.desk.Desktop.setClientShowing(Lcom/mathworks/mwswing/desk/DTClient;ZLcom/mathworks/mwswing/desk/DTLocation;ZZ)V+929
j  com.mathworks.mwswing.desk.Desktop.showClientHelper(Ljava/awt/Component;Lcom/mathworks/mwswing/desk/DTLocation;ZZ)V+49
j  com.mathworks.mwswing.desk.Desktop.showClient(Ljava/awt/Component;Lcom/mathworks/mwswing/desk/DTLocation;Z)V+13
j  com.mathworks.mde.desk.MLDesktop.showClient(Ljava/awt/Component;Lcom/mathworks/mwswing/desk/DTLocation;Z)V+31
j  com.mathworks.mde.help.HelpBrowser.doShowHelpBrowser(Z)V+29
j  com.mathworks.mde.help.HelpBrowser.showHelpBrowser(Z)V+7
j  com.mathworks.mde.help.HelpBrowser.invoke()V+1
j  com.mathworks.mde.help.HelpBrowserBridge.invoke()V+5
j  com.mathworks.mlservices.MLHelpServices.invoke()V+8
j  com.mathworks.mde.desk.MLDesktop$ShowHelpAction.actionPerformed(Ljava/awt/event/ActionEvent;)V+0
j  javax.swing.AbstractButton.fireActionPerformed(Ljava/awt/event/ActionEvent;)V+84
j  javax.swing.AbstractButton$Handler.actionPerformed(Ljava/awt/event/ActionEvent;)V+5
j  javax.swing.DefaultButtonModel.fireActionPerformed(Ljava/awt/event/ActionEvent;)V+35
j  javax.swing.DefaultButtonModel.setPressed(Z)V+117
j  javax.swing.plaf.basic.BasicButtonListener.mouseReleased(Ljava/awt/event/MouseEvent;)V+35
j  java.awt.AWTEventMulticaster.mouseReleased(Ljava/awt/event/MouseEvent;)V+8
j  java.awt.AWTEventMulticaster.mouseReleased(Ljava/awt/event/MouseEvent;)V+8
j  java.awt.AWTEventMulticaster.mouseReleased(Ljava/awt/event/MouseEvent;)V+8
j  java.awt.Component.processMouseEvent(Ljava/awt/event/MouseEvent;)V+64
j  javax.swing.JComponent.processMouseEvent(Ljava/awt/event/MouseEvent;)V+23
j  com.mathworks.mwswing.MJButton.processMouseEvent(Ljava/awt/event/MouseEvent;)V+37
j  java.awt.Component.processEvent(Ljava/awt/AWTEvent;)V+81
J  java.awt.Container.processEvent(Ljava/awt/AWTEvent;)V
J  java.awt.Component.dispatchEventImpl(Ljava/awt/AWTEvent;)V
J  java.awt.Container.dispatchEventImpl(Ljava/awt/AWTEvent;)V
J  java.awt.LightweightDispatcher.retargetMouseEvent(Ljava/awt/Component;ILjava/awt/event/MouseEvent;)V
j  java.awt.LightweightDispatcher.processMouseEvent(Ljava/awt/event/MouseEvent;)Z+139
j  java.awt.LightweightDispatcher.dispatchEvent(Ljava/awt/AWTEvent;)Z+50
J  java.awt.Container.dispatchEventImpl(Ljava/awt/AWTEvent;)V
v  ~RuntimeStub::alignment_frame_return Runtime1 stub
j  java.awt.Window.dispatchEventImpl(Ljava/awt/AWTEvent;)V+19
J  java.awt.EventQueue.dispatchEvent(Ljava/awt/AWTEvent;)V
J  java.awt.EventDispatchThread.pumpOneEventForHierarchy(ILjava/awt/Component;)Z
v  ~RuntimeStub::alignment_frame_return Runtime1 stub
j  java.awt.EventDispatchThread.pumpEventsForHierarchy(ILjava/awt/Conditional;Ljava/awt/Component;)V+26
j  java.awt.EventDispatchThread.pumpEvents(ILjava/awt/Conditional;)V+4
j  java.awt.EventDispatchThread.pumpEvents(Ljava/awt/Conditional;)V+3
j  java.awt.EventDispatchThread.run()V+9
v  ~StubRoutines::call_stub
V  [jvm.dll+0x86401]
V  [jvm.dll+0xdb172]
V  [jvm.dll+0x862d2]
V  [jvm.dll+0x8602f]
V  [jvm.dll+0xa0bcb]
V  [jvm.dll+0x10bdad]
V  [jvm.dll+0x10bd7b]
C  [msvcrt.dll+0x262b6]
C  [msvcrt.dll+0x263de]
C  [kernel32.dll+0x43833]
C  [ntdll.dll+0x3a9bd]

Java frames: (J=compiled Java code, j=interpreted, Vv=VM code)
j  sun.awt.Win32GraphicsConfig.getBounds(I)Ljava/awt/Rectangle;+0
j  sun.awt.Win32GraphicsConfig.getBounds()Ljava/awt/Rectangle;+8
j  com.mathworks.mwswing.MJUtilities.getVirtualScreenBounds()Ljava/awt/Rectangle;+72
j  com.mathworks.mwswing.desk.DTSingleClientFrame.refineLocation(Lcom/mathworks/mwswing/desk/DTLocation;)Lcom/mathworks/mwswing/desk/DTFloatingLocation;+495
j  com.mathworks.mwswing.desk.DTSingleClientFrame.addClient(Lcom/mathworks/mwswing/desk/DTClient;Lcom/mathworks/mwswing/desk/DTLocation;)V+329
j  com.mathworks.mwswing.desk.Desktop.setClientShowing(Lcom/mathworks/mwswing/desk/DTClient;ZLcom/mathworks/mwswing/desk/DTLocation;ZZ)V+929
j  com.mathworks.mwswing.desk.Desktop.showClientHelper(Ljava/awt/Component;Lcom/mathworks/mwswing/desk/DTLocation;ZZ)V+49
j  com.mathworks.mwswing.desk.Desktop.showClient(Ljava/awt/Component;Lcom/mathworks/mwswing/desk/DTLocation;Z)V+13
j  com.mathworks.mde.desk.MLDesktop.showClient(Ljava/awt/Component;Lcom/mathworks/mwswing/desk/DTLocation;Z)V+31
j  com.mathworks.mde.help.HelpBrowser.doShowHelpBrowser(Z)V+29
j  com.mathworks.mde.help.HelpBrowser.showHelpBrowser(Z)V+7
j  com.mathworks.mde.help.HelpBrowser.invoke()V+1
j  com.mathworks.mde.help.HelpBrowserBridge.invoke()V+5
j  com.mathworks.mlservices.MLHelpServices.invoke()V+8
j  com.mathworks.mde.desk.MLDesktop$ShowHelpAction.actionPerformed(Ljava/awt/event/ActionEvent;)V+0
j  javax.swing.AbstractButton.fireActionPerformed(Ljava/awt/event/ActionEvent;)V+84
j  javax.swing.AbstractButton$Handler.actionPerformed(Ljava/awt/event/ActionEvent;)V+5
j  javax.swing.DefaultButtonModel.fireActionPerformed(Ljava/awt/event/ActionEvent;)V+35
j  javax.swing.DefaultButtonModel.setPressed(Z)V+117
j  javax.swing.plaf.basic.BasicButtonListener.mouseReleased(Ljava/awt/event/MouseEvent;)V+35
j  java.awt.AWTEventMulticaster.mouseReleased(Ljava/awt/event/MouseEvent;)V+8
j  java.awt.AWTEventMulticaster.mouseReleased(Ljava/awt/event/MouseEvent;)V+8
j  java.awt.AWTEventMulticaster.mouseReleased(Ljava/awt/event/MouseEvent;)V+8
j  java.awt.Component.processMouseEvent(Ljava/awt/event/MouseEvent;)V+64
j  javax.swing.JComponent.processMouseEvent(Ljava/awt/event/MouseEvent;)V+23
j  com.mathworks.mwswing.MJButton.processMouseEvent(Ljava/awt/event/MouseEvent;)V+37
j  java.awt.Component.processEvent(Ljava/awt/AWTEvent;)V+81
J  java.awt.Container.processEvent(Ljava/awt/AWTEvent;)V
J  java.awt.Component.dispatchEventImpl(Ljava/awt/AWTEvent;)V
J  java.awt.Container.dispatchEventImpl(Ljava/awt/AWTEvent;)V
J  java.awt.LightweightDispatcher.retargetMouseEvent(Ljava/awt/Component;ILjava/awt/event/MouseEvent;)V
j  java.awt.LightweightDispatcher.processMouseEvent(Ljava/awt/event/MouseEvent;)Z+139
j  java.awt.LightweightDispatcher.dispatchEvent(Ljava/awt/AWTEvent;)Z+50
J  java.awt.Container.dispatchEventImpl(Ljava/awt/AWTEvent;)V
v  ~RuntimeStub::alignment_frame_return Runtime1 stub
j  java.awt.Window.dispatchEventImpl(Ljava/awt/AWTEvent;)V+19
J  java.awt.EventQueue.dispatchEvent(Ljava/awt/AWTEvent;)V
J  java.awt.EventDispatchThread.pumpOneEventForHierarchy(ILjava/awt/Component;)Z
v  ~RuntimeStub::alignment_frame_return Runtime1 stub
j  java.awt.EventDispatchThread.pumpEventsForHierarchy(ILjava/awt/Conditional;Ljava/awt/Component;)V+26
j  java.awt.EventDispatchThread.pumpEvents(ILjava/awt/Conditional;)V+4
j  java.awt.EventDispatchThread.pumpEvents(Ljava/awt/Conditional;)V+3
j  java.awt.EventDispatchThread.run()V+9
v  ~StubRoutines::call_stub

---------------  P R O C E S S  ---------------

Java Threads: ( => current thread )
  0x0f98d108 JavaThread "Thread-31" [_thread_in_native, id=3704]
  0x0f98cdf8 JavaThread "Thread-26" [_thread_blocked, id=4656]
  0x0f98cc70 JavaThread "Thread-25" [_thread_blocked, id=7588]
  0x0f98cae8 JavaThread "Thread-24" [_thread_blocked, id=6972]
  0x0f98c960 JavaThread "Thread-23" [_thread_blocked, id=7916]
  0x0f98c7d8 JavaThread "Thread-22" [_thread_blocked, id=8340]
  0x0f98c650 JavaThread "Thread-21" [_thread_blocked, id=7620]
  0x0f962488 JavaThread "Thread-20" [_thread_blocked, id=8012]
  0x0f962300 JavaThread "Thread-19" [_thread_blocked, id=6804]
  0x0f962178 JavaThread "Thread-18" [_thread_blocked, id=5260]
  0x0f961ff0 JavaThread "Thread-17" [_thread_blocked, id=6716]
  0x0f961e68 JavaThread "Thread-16" [_thread_blocked, id=6024]
  0x0f961ce0 JavaThread "Thread-15" [_thread_blocked, id=7140]
  0x0f961b58 JavaThread "Thread-14" [_thread_blocked, id=1940]
  0x0f9619d0 JavaThread "Thread-13" [_thread_blocked, id=5576]
  0x0f9616c0 JavaThread "Thread-12" [_thread_blocked, id=4928]
  0x0f961538 JavaThread "Thread-11" [_thread_blocked, id=3292]
  0x0f961228 JavaThread "Thread-10" [_thread_blocked, id=7248]
  0x0f9610a0 JavaThread "Thread-9" [_thread_blocked, id=2876]
  0x0f960d90 JavaThread "Thread-8" [_thread_blocked, id=7228]
  0x0f9608f8 JavaThread "Thread-7" [_thread_blocked, id=8016]
  0x0f960770 JavaThread "Thread-6" [_thread_blocked, id=7456]
  0x0f919bb0 JavaThread "Thread-5" [_thread_blocked, id=6560]
  0x0f919148 JavaThread "Active Reference Queue Daemon" daemon [_thread_blocked, id=5716]
  0x0f918fc0 JavaThread "Timer-2" daemon [_thread_blocked, id=5980]
  0x0faf5790 JavaThread "Timer-1" daemon [_thread_blocked, id=6056]
  0x0fc3f7c0 JavaThread "TimerQueue" daemon [_thread_blocked, id=6372]
=>0x0fbfbf38 JavaThread "AWT-EventQueue-0" [_thread_in_native, id=7012]
  0x0fbfbbb0 JavaThread "AWT-Shutdown" [_thread_blocked, id=5288]
  0x0fbfc5b8 JavaThread "Java2D Disposer" daemon [_thread_blocked, id=6848]
  0x0fbfbd38 JavaThread "AWT-Windows" daemon [_thread_in_native, id=3984]
  0x0f5f3d28 JavaThread "Timer-0" [_thread_blocked, id=4144]
  0x03110718 JavaThread "Low Memory Detector" daemon [_thread_blocked, id=7544]
  0x0310fd88 JavaThread "CompilerThread0" daemon [_thread_blocked, id=6652]
  0x0310efc0 JavaThread "Signal Dispatcher" daemon [_thread_blocked, id=4484]
  0x031040b8 JavaThread "Finalizer" daemon [_thread_blocked, id=7468]
  0x03102ae0 JavaThread "Reference Handler" daemon [_thread_blocked, id=4596]
  0x0171fc40 JavaThread "main" [_thread_in_native, id=6808]

Other Threads:
  0x030fe380 VMThread [id=7460]
  0x030ac3f0 WatcherThread [id=3360]

VM state:not at safepoint (normal execution)

VM Mutex/Monitor currently owned by a thread: None

Heap
 def new generation   total 14784K, used 9311K [0x07250000, 0x08250000, 0x08a50000)
  eden space 13184K,  68% used [0x07250000, 0x07b266f8, 0x07f30000)
  from space 1600K,  16% used [0x080c0000, 0x081015c0, 0x08250000)
  to   space 1600K,   0% used [0x07f30000, 0x07f30000, 0x080c0000)
 tenured generation   total 49152K, used 29587K [0x08a50000, 0x0ba50000, 0x0d250000)
   the space 49152K,  60% used [0x08a50000, 0x0a734f10, 0x0a735000, 0x0ba50000)
 compacting perm gen  total 32768K, used 21283K [0x0d250000, 0x0f250000, 0x0f250000)
   the space 32768K,  64% used [0x0d250000, 0x0e718da8, 0x0e718e00, 0x0f250000)
No shared spaces configured.

Dynamic libraries:
0x00400000 - 0x004ee000 	C:\Program Files\MATLAB\R2007a\bin\win32\MATLAB.exe
0x778c0000 - 0x779de000 	C:\Windows\system32\ntdll.dll
0x76850000 - 0x76928000 	C:\Windows\system32\kernel32.dll
0x78e80000 - 0x79088000 	C:\Program Files\MATLAB\R2007a\bin\win32\libmwservices.dll
0x76bc0000 - 0x76c5e000 	C:\Windows\system32\USER32.dll
0x76340000 - 0x7638b000 	C:\Windows\system32\GDI32.dll
0x779e0000 - 0x77a9f000 	C:\Windows\system32\ADVAPI32.dll
0x76270000 - 0x76333000 	C:\Windows\system32\RPCRT4.dll
0x77840000 - 0x778b4000 	C:\Windows\system32\comdlg32.dll
0x76ab0000 - 0x76b5a000 	C:\Windows\system32\msvcrt.dll
0x77aa0000 - 0x77af5000 	C:\Windows\system32\SHLWAPI.dll
0x73e00000 - 0x73e86000 	C:\Windows\WinSxS\x86_microsoft.windows.common-controls_6595b64144ccf1df_5.82.6000.16386_none_87e0cb09378714f1\COMCTL32.dll
0x76c60000 - 0x7772e000 	C:\Windows\system32\SHELL32.dll
0x78530000 - 0x7857c000 	C:\Program Files\MATLAB\R2007a\bin\win32\libmx.dll
0x78200000 - 0x78298000 	C:\Program Files\MATLAB\R2007a\bin\win32\icuuc32.dll
0x10000000 - 0x10006000 	C:\Program Files\MATLAB\R2007a\bin\win32\icudt32.dll
0x71160000 - 0x711fb000 	C:\Windows\WinSxS\x86_microsoft.vc80.crt_1fc8b3b9a1e18e3b_8.0.50727.312_none_10b2ee7b9bffc2c7\MSVCR80.dll
0x78460000 - 0x7846e000 	C:\Program Files\MATLAB\R2007a\bin\win32\libz.dll
0x78470000 - 0x7852e000 	C:\Program Files\MATLAB\R2007a\bin\win32\libut.dll
0x78100000 - 0x781b5000 	C:\Program Files\MATLAB\R2007a\bin\win32\icuin32.dll
0x781c0000 - 0x781cc000 	C:\Program Files\MATLAB\R2007a\bin\win32\icuio32.dll
0x6f520000 - 0x6f5a7000 	C:\Windows\WinSxS\x86_microsoft.vc80.crt_1fc8b3b9a1e18e3b_8.0.50727.312_none_10b2ee7b9bffc2c7\MSVCP80.dll
0x76b60000 - 0x76b89000 	C:\Windows\system32\imagehlp.dll
0x79730000 - 0x79789000 	C:\Program Files\MATLAB\R2007a\bin\win32\libmwmathutil.dll
0x785b0000 - 0x785c8000 	C:\Program Files\MATLAB\R2007a\bin\win32\mpath.dll
0x75990000 - 0x759fa000 	C:\Windows\system32\NETAPI32.dll
0x76170000 - 0x76177000 	C:\Windows\system32\PSAPI.DLL
0x76b90000 - 0x76bbd000 	C:\Windows\system32\WS2_32.dll
0x76180000 - 0x76186000 	C:\Windows\system32\NSI.dll
0x79540000 - 0x79575000 	C:\Program Files\MATLAB\R2007a\bin\win32\mcr.dll
0x76390000 - 0x764d4000 	C:\Windows\system32\ole32.dll
0x78580000 - 0x78590000 	C:\Program Files\MATLAB\R2007a\bin\win32\libmex.dll
0x78750000 - 0x7879d000 	C:\Program Files\MATLAB\R2007a\bin\win32\m_dispatcher.dll
0x782a0000 - 0x7845b000 	C:\Program Files\MATLAB\R2007a\bin\win32\xerces-c_2_6.dll
0x78e60000 - 0x78e7c000 	C:\Program Files\MATLAB\R2007a\bin\win32\datasvcs.dll
0x79290000 - 0x79353000 	C:\Program Files\MATLAB\R2007a\bin\win32\libmwgui.dll
0x786c0000 - 0x78749000 	C:\Program Files\MATLAB\R2007a\bin\win32\udd.dll
0x785d0000 - 0x786b5000 	C:\Program Files\MATLAB\R2007a\bin\win32\mcos.dll
0x787a0000 - 0x78c01000 	C:\Program Files\MATLAB\R2007a\bin\win32\m_interpreter.dll
0x79790000 - 0x79799000 	C:\Program Files\MATLAB\R2007a\bin\win32\libmwmathrng.dll
0x78e20000 - 0x78e31000 	C:\Program Files\MATLAB\R2007a\bin\win32\m_pcodeio.dll
0x00280000 - 0x0028a000 	C:\Program Files\MATLAB\R2007a\bin\win32\mtok.dll
0x78c10000 - 0x78db7000 	C:\Program Files\MATLAB\R2007a\bin\win32\m_parser.dll
0x78dc0000 - 0x78df1000 	C:\Program Files\MATLAB\R2007a\bin\win32\m_ir.dll
0x78e40000 - 0x78e4c000 	C:\Program Files\MATLAB\R2007a\bin\win32\ir_xfmr.dll
0x002d0000 - 0x00300000 	C:\Program Files\MATLAB\R2007a\bin\win32\profiler.dll
0x78590000 - 0x785ac000 	C:\Program Files\MATLAB\R2007a\bin\win32\libmat.dll
0x00320000 - 0x003e8000 	C:\Program Files\MATLAB\R2007a\bin\win32\libhdf5.dll
0x78e00000 - 0x78e15000 	C:\Program Files\MATLAB\R2007a\bin\win32\m_pcodegen.dll
0x7a020000 - 0x7a038000 	C:\Program Files\MATLAB\R2007a\bin\win32\bridge.dll
0x01400000 - 0x0140f000 	C:\Program Files\MATLAB\R2007a\bin\win32\iqm.dll
0x79f80000 - 0x79fca000 	C:\Program Files\MATLAB\R2007a\bin\win32\comcli.dll
0x76190000 - 0x7621c000 	C:\Windows\system32\OLEAUT32.dll
0x79f40000 - 0x79f77000 	C:\Program Files\MATLAB\R2007a\bin\win32\jmi.dll
0x73f20000 - 0x73f27000 	C:\Windows\system32\WSOCK32.dll
0x791b0000 - 0x79231000 	C:\Program Files\MATLAB\R2007a\bin\win32\uiw.dll
0x79240000 - 0x79273000 	C:\Program Files\MATLAB\R2007a\bin\win32\libuij.dll
0x79510000 - 0x7953c000 	C:\Program Files\MATLAB\R2007a\bin\win32\libmwhardcopy.dll
0x79280000 - 0x79289000 	C:\Program Files\MATLAB\R2007a\bin\win32\uinone.dll
0x01480000 - 0x0158d000 	C:\Windows\WinSxS\x86_microsoft.vc80.mfc_1fc8b3b9a1e18e3b_8.0.50727.163_none_0c187ef99ee1d25a\MFC80.DLL
0x718b0000 - 0x718f1000 	C:\Windows\system32\WINSPOOL.DRV
0x7c630000 - 0x7c64b000 	C:\Windows\WinSxS\x86_microsoft.vc80.atl_1fc8b3b9a1e18e3b_8.0.50727.42_none_dc990e4797f81af1\ATL80.DLL
0x79ec0000 - 0x79ed4000 	C:\Program Files\MATLAB\R2007a\bin\win32\mwoles05.DLL
0x79ee0000 - 0x79f3b000 	C:\Program Files\MATLAB\R2007a\bin\win32\udd_mi.dll
0x79fd0000 - 0x79fdb000 	C:\Program Files\MATLAB\R2007a\bin\win32\mlautoregister.dll
0x79360000 - 0x794c3000 	C:\Program Files\MATLAB\R2007a\bin\win32\hg.dll
0x79580000 - 0x79725000 	C:\Program Files\MATLAB\R2007a\bin\win32\numerics.dll
0x79dd0000 - 0x79dd7000 	C:\Program Files\MATLAB\R2007a\bin\win32\libmwamd.dll
0x79de0000 - 0x79e38000 	C:\Program Files\MATLAB\R2007a\bin\win32\libmwcholmod.dll
0x79e40000 - 0x79e47000 	C:\Program Files\MATLAB\R2007a\bin\win32\libmwcolamd.dll
0x797a0000 - 0x797c3000 	C:\Program Files\MATLAB\R2007a\bin\win32\libmwlapack.dll
0x79810000 - 0x79897000 	C:\Program Files\MATLAB\R2007a\bin\win32\libfftw3.dll
0x798a0000 - 0x7993b000 	C:\Program Files\MATLAB\R2007a\bin\win32\libfftw3f.dll
0x79e50000 - 0x79ebc000 	C:\Program Files\MATLAB\R2007a\bin\win32\libmwumfpack.dll
0x76830000 - 0x7684e000 	C:\Windows\system32\IMM32.DLL
0x76760000 - 0x76827000 	C:\Windows\system32\MSCTF.dll
0x76680000 - 0x76689000 	C:\Windows\system32\LPK.DLL
0x777c0000 - 0x7783d000 	C:\Windows\system32\USP10.dll
0x75fe0000 - 0x76001000 	C:\Windows\system32\NTMARTA.DLL
0x76930000 - 0x76979000 	C:\Windows\system32\WLDAP32.dll
0x75fc0000 - 0x75fd1000 	C:\Windows\system32\SAMLIB.dll
0x74f20000 - 0x750b4000 	C:\Windows\WinSxS\x86_microsoft.windows.common-controls_6595b64144ccf1df_6.0.6000.16386_none_5d07289e07e1d100\comctl32.dll
0x5d360000 - 0x5d36e000 	C:\Windows\WinSxS\x86_microsoft.vc80.mfcloc_1fc8b3b9a1e18e3b_8.0.50727.42_none_0e9c2a8d74fd3ce6\MFC80ENU.DLL
0x7bdf0000 - 0x7be25000 	C:\Program Files\MATLAB\R2007a\bin\win32\libguide40.dll
0x797d0000 - 0x797f8000 	C:\Program Files\MATLAB\R2007a\bin\win32\mkl.dll
0x79800000 - 0x79805000 	C:\Program Files\MATLAB\R2007a\bin\win32\mklcompat.dll
0x79940000 - 0x79dc3000 	C:\Program Files\MATLAB\R2007a\bin\win32\mllapack.dll
0x01ee0000 - 0x01f8a000 	C:\Program Files\MATLAB\R2007a\bin\win32\libifcoremd.dll
0x02c50000 - 0x02e80000 	C:\Program Files\MATLAB\R2007a\bin\win32\libmmd.dll
0x75310000 - 0x7534f000 	C:\Windows\system32\uxtheme.dll
0x73750000 - 0x737b0000 	C:\Program Files\Common Files\microsoft shared\ink\tiptsf.dll
0x75cb0000 - 0x75cb8000 	C:\Windows\system32\version.dll
0x74a70000 - 0x74a73000 	C:\Windows\system32\icmp.Dll
0x757e0000 - 0x757f9000 	C:\Windows\system32\iphlpapi.dll
0x757a0000 - 0x757d5000 	C:\Windows\system32\dhcpcsvc.DLL
0x75a00000 - 0x75a2b000 	C:\Windows\system32\DNSAPI.dll
0x76010000 - 0x76024000 	C:\Windows\system32\Secur32.dll
0x75790000 - 0x75797000 	C:\Windows\system32\WINNSI.DLL
0x75770000 - 0x75790000 	C:\Windows\system32\dhcpcsvc6.DLL
0x6d6c0000 - 0x6d857000 	C:\Program Files\MATLAB\R2007a\sys\java\jre\win32\jre1.5.0_07\bin\client\jvm.dll
0x74940000 - 0x74973000 	C:\Windows\system32\WINMM.dll
0x74900000 - 0x74938000 	C:\Windows\system32\OLEACC.dll
0x75f60000 - 0x75f8c000 	C:\Windows\system32\apphelp.dll
0x6d280000 - 0x6d288000 	C:\Program Files\MATLAB\R2007a\sys\java\jre\win32\jre1.5.0_07\bin\hpi.dll
0x6d690000 - 0x6d69c000 	C:\Program Files\MATLAB\R2007a\sys\java\jre\win32\jre1.5.0_07\bin\verify.dll
0x6d300000 - 0x6d31d000 	C:\Program Files\MATLAB\R2007a\sys\java\jre\win32\jre1.5.0_07\bin\java.dll
0x6d6b0000 - 0x6d6bf000 	C:\Program Files\MATLAB\R2007a\sys\java\jre\win32\jre1.5.0_07\bin\zip.dll
0x7b330000 - 0x7b342000 	C:\Program Files\MATLAB\R2007a\bin\win32\nativejava.dll
0x03000000 - 0x03013000 	C:\Program Files\MATLAB\R2007a\bin\win32\nativejmi.dll
0x03290000 - 0x03296000 	C:\Program Files\MATLAB\R2007a\bin\win32\nativeservices.dll
0x6d000000 - 0x6d167000 	C:\Program Files\MATLAB\R2007a\sys\java\jre\win32\jre1.5.0_07\bin\awt.dll
0x6d240000 - 0x6d27f000 	C:\Program Files\MATLAB\R2007a\sys\java\jre\win32\jre1.5.0_07\bin\fontmanager.dll
0x6d4c0000 - 0x6d4d3000 	C:\Program Files\MATLAB\R2007a\sys\java\jre\win32\jre1.5.0_07\bin\net.dll
0x75c40000 - 0x75c7b000 	C:\Windows\system32\mswsock.dll
0x75ca0000 - 0x75ca6000 	C:\Windows\System32\wship6.dll
0x6d4e0000 - 0x6d4e9000 	C:\Program Files\MATLAB\R2007a\sys\java\jre\win32\jre1.5.0_07\bin\nio.dll
0x0fea0000 - 0x0feac000 	C:\Program Files\MATLAB\R2007a\bin\win32\nativecmdwin.dll
0x045f0000 - 0x045f7000 	C:\Program Files\MATLAB\R2007a\bin\win32\nativemlint.dll
0x04610000 - 0x04644000 	C:\Program Files\MATLAB\R2007a\bin\win32\mlint.dll
0x7b350000 - 0x7b356000 	C:\Program Files\MATLAB\R2007a\bin\win32\nativelex.dll
0x77730000 - 0x777b4000 	C:\Windows\system32\CLBCatQ.DLL
0x707a0000 - 0x707af000 	C:\Program Files\Windows Journal\NBMapTIP.dll
0x6fe50000 - 0x6ff6f000 	C:\Windows\system32\MFC42u.dll
0x76690000 - 0x7675f000 	C:\Windows\system32\WININET.dll
0x76670000 - 0x76673000 	C:\Windows\system32\Normaliz.dll
0x76220000 - 0x76265000 	C:\Windows\system32\iertutil.dll
0x6fde0000 - 0x6fe45000 	C:\Windows\system32\ODBC32.dll
0x6fda0000 - 0x6fdd8000 	C:\Windows\system32\odbcint.dll

VM Arguments:
jvm_args: -Xss512k -XX:PermSize=32M -Xms64m -XX:NewRatio=3 -XX:MaxPermSize=32M -Xmx96m -Dsun.java2d.noddraw=true -Dsun.awt.nopixfmt=true -Xshare:off -Djava.library.path=C:\Program Files\MATLAB\R2007a\bin\win32 vfprintf abort
java_command: <unknown>
Launcher Type: generic

Environment Variables:
PATH=C:\Program Files\MATLAB\R2007a\sys\java\jre\win32\jre1.5.0_07\bin;C:\Program Files\MATLAB\R2007a\sys\webrenderer\windows\corecomponents;C:\Program Files\MATLAB\R2007a\sys\webrenderer\windows;c:\program files\miktex 2.6\miktex\bin;C:\Windows\system32;C:\Windows;C:\Windows\system32\wbem;C:\Program Files\MATLAB\R2007a\bin;C:\Program Files\MATLAB\R2007a\bin\win32;;C:\Program Files\WinSCP\
USERNAME=joshuav
OS=Windows_NT
PROCESSOR_IDENTIFIER=x86 Family 6 Model 14 Stepping 8, GenuineIntel



---------------  S Y S T E M  ---------------

OS: Windows NT 6.0 Build 6000 

CPU:total 2 family 6, cmov, cx8, fxsr, mmx, sse, sse2, ht

Memory: 4k page, physical 2086144k(881856k free), swap 4194303k(2696396k free)

vm_info: Java HotSpot(TM) Client VM (1.5.0_07-b03) for windows-x86, built on May  3 2006 01:04:38 by "java_re" with MS VC++ 6.0

