#
# An unexpected error has been detected by HotSpot Virtual Machine:
#
#  EXCEPTION_ACCESS_VIOLATION (0xc0000005) at pc=0x6d0e9949, pid=2792, tid=3156
#
# Java VM: Java HotSpot(TM) Client VM (1.5.0_07-b03 mixed mode)
# Problematic frame:
# C  [awt.dll+0xe9949]
#

---------------  T H R E A D  ---------------

Current thread (0x0308f860):  JavaThread "AWT-EventQueue-0" [_thread_in_native, id=3156]

siginfo: ExceptionCode=0xc0000005, reading address 0x0000006b

Registers:
EAX=0x0eb3c358, EBX=0x00000000, ECX=0x0f0e4870, EDX=0x00000053
ESP=0x0f87f0f0, EBP=0x0f87f11c, ESI=0x0ca94b60, EDI=0x0308f920
EIP=0x6d0e9949, EFLAGS=0x00010246

Top of Stack: (sp=0x0f87f0f0)
0x0f87f0f0:   0ca94b60 6d0ea98d 00000001 0f87f108
0x0f87f100:   0308f860 0ca94b60 00000000 00000000
0x0f87f110:   00000000 00000000 0ed17a00 0f87f14c
0x0f87f120:   0432826f 0e66606a 0f87f160 00000001
0x0f87f130:   0f87f130 00000000 0f87f160 0ca96018
0x0f87f140:   00000000 0ca94b60 0f87f15c 0f87f180
0x0f87f150:   043229fa 00000000 04326453 00000001
0x0f87f160:   0650ebd8 0f87f164 0ca94bd8 0f87f188 

Instructions: (pc=0x6d0e9949)
0x6d0e9939:   4d fc ff 8b 4c 24 08 8b 14 88 8b 0d 74 ff 12 6d
0x6d0e9949:   8b 72 18 e8 df 4d fc ff 8b c6 5e c3 90 90 90 90 


Stack: [0x0f800000,0x0f880000),  sp=0x0f87f0f0,  free space=508k
Native frames: (J=compiled Java code, j=interpreted, Vv=VM code, C=native code)
C  [awt.dll+0xe9949]
j  sun.awt.Win32GraphicsConfig.getBounds(I)Ljava/awt/Rectangle;+0
j  sun.awt.Win32GraphicsConfig.getBounds()Ljava/awt/Rectangle;+8
j  com.mathworks.mwswing.MJUtilities.getVirtualScreenBounds()Ljava/awt/Rectangle;+72
j  com.mathworks.widgets.tokenmatch.TokenMatchPopup.outOfScreenBounds(Ljava/awt/Rectangle;ZZ)Z+0
j  com.mathworks.widgets.tokenmatch.TokenMatchPopup.startTimerAndShowPopupIfNecessary(Ljavax/swing/text/JTextComponent;[IZILcom/mathworks/widgets/tokenmatch/TokenMatchPopup$TokenMatchListener;Lcom/mathworks/widgets/tokenmatch/TokenMatchPopup$Language;)V+380
j  com.mathworks.widgets.text.MWCaret$DelimiterMatchingImpl.startTimerAndShowPopupIfNecessary(Ljavax/swing/text/JTextComponent;[IZILcom/mathworks/widgets/tokenmatch/TokenMatchPopup$TokenMatchListener;Lcom/mathworks/widgets/tokenmatch/TokenMatchPopup$Language;)V+12
j  com.mathworks.widgets.text.MWCaret.doTokenMatchPopup([IZI)V+59
j  com.mathworks.widgets.text.MWCaret.drawNewMarks(ZZ[II)V+76
j  com.mathworks.widgets.text.MWCaret.updateMatchBrace(ZI)V+362
j  com.mathworks.widgets.text.MWKit.doBraceMatch(Ljavax/swing/text/JTextComponent;Z)V+60
j  com.mathworks.widgets.text.MWKit.access$300(Ljavax/swing/text/JTextComponent;Z)V+2
j  com.mathworks.widgets.text.MWKit$MWBackwardAction.actionPerformed(Ljava/awt/event/ActionEvent;Ljavax/swing/text/JTextComponent;)V+8
j  org.netbeans.editor.BaseAction.actionPerformed(Ljava/awt/event/ActionEvent;)V+64
j  javax.swing.SwingUtilities.notifyAction(Ljavax/swing/Action;Ljavax/swing/KeyStroke;Ljava/awt/event/KeyEvent;Ljava/lang/Object;I)Z+132
J  javax.swing.JComponent.processKeyBinding(Ljavax/swing/KeyStroke;Ljava/awt/event/KeyEvent;IZ)Z
J  javax.swing.JComponent.processKeyBindings(Ljava/awt/event/KeyEvent;Z)Z
j  javax.swing.JComponent.processKeyEvent(Ljava/awt/event/KeyEvent;)V+51
J  com.mathworks.widgets.SyntaxTextPaneBase.processKeyEvent(Ljava/awt/event/KeyEvent;)V
J  java.awt.Component.processEvent(Ljava/awt/AWTEvent;)V
J  java.awt.Container.processEvent(Ljava/awt/AWTEvent;)V
J  java.awt.Component.dispatchEventImpl(Ljava/awt/AWTEvent;)V
J  java.awt.Container.dispatchEventImpl(Ljava/awt/AWTEvent;)V
J  java.awt.DefaultKeyboardFocusManager.dispatchKeyEvent(Ljava/awt/event/KeyEvent;)Z
J  java.awt.DefaultKeyboardFocusManager.preDispatchKeyEvent(Ljava/awt/event/KeyEvent;)Z
J  java.awt.DefaultKeyboardFocusManager.typeAheadAssertions(Ljava/awt/Component;Ljava/awt/AWTEvent;)Z
J  java.awt.DefaultKeyboardFocusManager.dispatchEvent(Ljava/awt/AWTEvent;)Z
J  java.awt.Component.dispatchEventImpl(Ljava/awt/AWTEvent;)V
J  java.awt.Container.dispatchEventImpl(Ljava/awt/AWTEvent;)V
J  java.awt.Window.dispatchEventImpl(Ljava/awt/AWTEvent;)V
J  java.awt.EventQueue.dispatchEvent(Ljava/awt/AWTEvent;)V
J  java.awt.EventDispatchThread.pumpOneEventForHierarchy(ILjava/awt/Component;)Z
J  java.awt.EventDispatchThread.pumpEventsForHierarchy(ILjava/awt/Conditional;Ljava/awt/Component;)V
v  ~OSRAdapter
j  java.awt.EventDispatchThread.pumpEvents(ILjava/awt/Conditional;)V+4
j  java.awt.EventDispatchThread.pumpEvents(Ljava/awt/Conditional;)V+3
j  java.awt.EventDispatchThread.run()V+9
v  ~StubRoutines::call_stub
V  [jvm.dll+0x86401]
V  [jvm.dll+0xdb172]
V  [jvm.dll+0x862d2]
V  [jvm.dll+0x8602f]
V  [jvm.dll+0xa0bcb]
V  [jvm.dll+0x10bdad]
V  [jvm.dll+0x10bd7b]
C  [msvcrt.dll+0x262b6]
C  [msvcrt.dll+0x263de]
C  [kernel32.dll+0x43833]
C  [ntdll.dll+0x3a9bd]

Java frames: (J=compiled Java code, j=interpreted, Vv=VM code)
j  sun.awt.Win32GraphicsConfig.getBounds(I)Ljava/awt/Rectangle;+0
j  sun.awt.Win32GraphicsConfig.getBounds()Ljava/awt/Rectangle;+8
j  com.mathworks.mwswing.MJUtilities.getVirtualScreenBounds()Ljava/awt/Rectangle;+72
j  com.mathworks.widgets.tokenmatch.TokenMatchPopup.outOfScreenBounds(Ljava/awt/Rectangle;ZZ)Z+0
j  com.mathworks.widgets.tokenmatch.TokenMatchPopup.startTimerAndShowPopupIfNecessary(Ljavax/swing/text/JTextComponent;[IZILcom/mathworks/widgets/tokenmatch/TokenMatchPopup$TokenMatchListener;Lcom/mathworks/widgets/tokenmatch/TokenMatchPopup$Language;)V+380
j  com.mathworks.widgets.text.MWCaret$DelimiterMatchingImpl.startTimerAndShowPopupIfNecessary(Ljavax/swing/text/JTextComponent;[IZILcom/mathworks/widgets/tokenmatch/TokenMatchPopup$TokenMatchListener;Lcom/mathworks/widgets/tokenmatch/TokenMatchPopup$Language;)V+12
j  com.mathworks.widgets.text.MWCaret.doTokenMatchPopup([IZI)V+59
j  com.mathworks.widgets.text.MWCaret.drawNewMarks(ZZ[II)V+76
j  com.mathworks.widgets.text.MWCaret.updateMatchBrace(ZI)V+362
j  com.mathworks.widgets.text.MWKit.doBraceMatch(Ljavax/swing/text/JTextComponent;Z)V+60
j  com.mathworks.widgets.text.MWKit.access$300(Ljavax/swing/text/JTextComponent;Z)V+2
j  com.mathworks.widgets.text.MWKit$MWBackwardAction.actionPerformed(Ljava/awt/event/ActionEvent;Ljavax/swing/text/JTextComponent;)V+8
j  org.netbeans.editor.BaseAction.actionPerformed(Ljava/awt/event/ActionEvent;)V+64
j  javax.swing.SwingUtilities.notifyAction(Ljavax/swing/Action;Ljavax/swing/KeyStroke;Ljava/awt/event/KeyEvent;Ljava/lang/Object;I)Z+132
J  javax.swing.JComponent.processKeyBinding(Ljavax/swing/KeyStroke;Ljava/awt/event/KeyEvent;IZ)Z
J  javax.swing.JComponent.processKeyBindings(Ljava/awt/event/KeyEvent;Z)Z
j  javax.swing.JComponent.processKeyEvent(Ljava/awt/event/KeyEvent;)V+51
J  com.mathworks.widgets.SyntaxTextPaneBase.processKeyEvent(Ljava/awt/event/KeyEvent;)V
J  java.awt.Component.processEvent(Ljava/awt/AWTEvent;)V
J  java.awt.Container.processEvent(Ljava/awt/AWTEvent;)V
J  java.awt.Component.dispatchEventImpl(Ljava/awt/AWTEvent;)V
J  java.awt.Container.dispatchEventImpl(Ljava/awt/AWTEvent;)V
J  java.awt.DefaultKeyboardFocusManager.dispatchKeyEvent(Ljava/awt/event/KeyEvent;)Z
J  java.awt.DefaultKeyboardFocusManager.preDispatchKeyEvent(Ljava/awt/event/KeyEvent;)Z
J  java.awt.DefaultKeyboardFocusManager.typeAheadAssertions(Ljava/awt/Component;Ljava/awt/AWTEvent;)Z
J  java.awt.DefaultKeyboardFocusManager.dispatchEvent(Ljava/awt/AWTEvent;)Z
J  java.awt.Component.dispatchEventImpl(Ljava/awt/AWTEvent;)V
J  java.awt.Container.dispatchEventImpl(Ljava/awt/AWTEvent;)V
J  java.awt.Window.dispatchEventImpl(Ljava/awt/AWTEvent;)V
J  java.awt.EventQueue.dispatchEvent(Ljava/awt/AWTEvent;)V
J  java.awt.EventDispatchThread.pumpOneEventForHierarchy(ILjava/awt/Component;)Z
J  java.awt.EventDispatchThread.pumpEventsForHierarchy(ILjava/awt/Conditional;Ljava/awt/Component;)V
v  ~OSRAdapter
j  java.awt.EventDispatchThread.pumpEvents(ILjava/awt/Conditional;)V+4
j  java.awt.EventDispatchThread.pumpEvents(Ljava/awt/Conditional;)V+3
j  java.awt.EventDispatchThread.run()V+9
v  ~StubRoutines::call_stub

---------------  P R O C E S S  ---------------

Java Threads: ( => current thread )
  0x0f3463d0 JavaThread "Thread-99" [_thread_blocked, id=272]
  0x0f346248 JavaThread "Thread-98" [_thread_blocked, id=5800]
  0x0f3460c0 JavaThread "Thread-97" [_thread_blocked, id=3144]
  0x0f345f38 JavaThread "Thread-96" [_thread_blocked, id=5764]
  0x0f345db0 JavaThread "Thread-95" [_thread_blocked, id=5628]
  0x03090938 JavaThread "Thread-94" [_thread_blocked, id=276]
  0x0308fcf8 JavaThread "Thread-93" [_thread_blocked, id=2304]
  0x0308f9e8 JavaThread "Thread-92" [_thread_blocked, id=5640]
  0x0308fe80 JavaThread "Thread-91" [_thread_blocked, id=4288]
  0x0eb54cf0 JavaThread "Thread-90" [_thread_blocked, id=4532]
  0x0eb53c18 JavaThread "Thread-89" [_thread_blocked, id=988]
  0x0eb53da0 JavaThread "Thread-88" [_thread_blocked, id=4852]
  0x0eb54e78 JavaThread "Thread-87" [_thread_blocked, id=2820]
  0x0eb55310 JavaThread "Thread-86" [_thread_blocked, id=4080]
  0x0eb55188 JavaThread "Thread-85" [_thread_blocked, id=4696]
  0x0ea73df0 JavaThread "Thread-84" [_thread_blocked, id=6056]
  0x0ea73f78 JavaThread "Thread-83" [_thread_blocked, id=4400]
  0x0ea74410 JavaThread "Thread-82" [_thread_blocked, id=4864]
  0x0ea74a30 JavaThread "Thread-81" [_thread_blocked, id=5924]
  0x0ea74bb8 JavaThread "Thread-80" [_thread_blocked, id=1356]
  0x0ea74d40 JavaThread "Thread-79" [_thread_blocked, id=2300]
  0x0ea74ec8 JavaThread "Thread-78" [_thread_blocked, id=5316]
  0x0ea751d8 JavaThread "Thread-77" [_thread_blocked, id=4680]
  0x0ea75360 JavaThread "Thread-76" [_thread_blocked, id=4048]
  0x0ea754e8 JavaThread "Thread-75" [_thread_blocked, id=5488]
  0x0ea75670 JavaThread "Thread-74" [_thread_blocked, id=3208]
  0x0ea757f8 JavaThread "Thread-73" [_thread_blocked, id=2308]
  0x0ea75980 JavaThread "Thread-72" [_thread_blocked, id=3628]
  0x0ea75b08 JavaThread "Thread-71" [_thread_blocked, id=4488]
  0x0ea74720 JavaThread "Thread-70" [_thread_blocked, id=1416]
  0x0f0546e0 JavaThread "Thread-69" [_thread_blocked, id=3484]
  0x0f054248 JavaThread "Thread-68" [_thread_blocked, id=4992]
  0x0f053db0 JavaThread "Thread-67" [_thread_blocked, id=5068]
  0x0f053f38 JavaThread "Thread-66" [_thread_blocked, id=3308]
  0x0f053c28 JavaThread "Timer-7" [_thread_blocked, id=6024]
  0x0eb55620 JavaThread "Prefs Updater" [_thread_blocked, id=4464]
  0x0eb53f28 JavaThread "Thread-32" [_thread_in_native, id=4144]
  0x030907b0 JavaThread "Active Reference Queue Daemon" daemon [_thread_blocked, id=2988]
  0x03090628 JavaThread "Timer-2" daemon [_thread_blocked, id=156]
  0x030904a0 JavaThread "Timer-1" daemon [_thread_blocked, id=4064]
  0x03090190 JavaThread "TimerQueue" daemon [_thread_blocked, id=1632]
=>0x0308f860 JavaThread "AWT-EventQueue-0" [_thread_in_native, id=3156]
  0x0308f3c8 JavaThread "AWT-Shutdown" [_thread_blocked, id=3320]
  0x0308f6d8 JavaThread "Java2D Disposer" daemon [_thread_blocked, id=3104]
  0x0308f550 JavaThread "AWT-Windows" daemon [_thread_in_native, id=3128]
  0x0308f240 JavaThread "Timer-0" [_thread_blocked, id=2356]
  0x0308f0b8 JavaThread "Low Memory Detector" daemon [_thread_blocked, id=2204]
  0x03091938 JavaThread "CompilerThread0" daemon [_thread_blocked, id=3140]
  0x0308ef30 JavaThread "Signal Dispatcher" daemon [_thread_blocked, id=3364]
  0x030840f0 JavaThread "Finalizer" daemon [_thread_blocked, id=3600]
  0x03082ae0 JavaThread "Reference Handler" daemon [_thread_blocked, id=3048]
  0x0177fc40 JavaThread "main" [_thread_in_native, id=2144]

Other Threads:
  0x0307e380 VMThread [id=3136]
  0x03092318 WatcherThread [id=852]

VM state:not at safepoint (normal execution)

VM Mutex/Monitor currently owned by a thread: None

Heap
 def new generation   total 16896K, used 3790K [0x06320000, 0x07570000, 0x07b20000)
  eden space 15040K,  13% used [0x06320000, 0x065193e8, 0x071d0000)
  from space 1856K,  95% used [0x073a0000, 0x0755a730, 0x07570000)
  to   space 1856K,   0% used [0x071d0000, 0x071d0000, 0x073a0000)
 tenured generation   total 55684K, used 42509K [0x07b20000, 0x0b181000, 0x0c320000)
   the space 55684K,  76% used [0x07b20000, 0x0a4a34f0, 0x0a4a3600, 0x0b181000)
 compacting perm gen  total 32768K, used 24057K [0x0c320000, 0x0e320000, 0x0e320000)
   the space 32768K,  73% used [0x0c320000, 0x0da9e428, 0x0da9e600, 0x0e320000)
No shared spaces configured.

Dynamic libraries:
0x00400000 - 0x004ee000 	C:\Program Files\MATLAB\R2007a\bin\win32\MATLAB.exe
0x77ee0000 - 0x77ffe000 	C:\Windows\system32\ntdll.dll
0x77630000 - 0x77708000 	C:\Windows\system32\kernel32.dll
0x78e80000 - 0x79088000 	C:\Program Files\MATLAB\R2007a\bin\win32\libmwservices.dll
0x76840000 - 0x768de000 	C:\Windows\system32\USER32.dll
0x777f0000 - 0x7783b000 	C:\Windows\system32\GDI32.dll
0x77a50000 - 0x77b0f000 	C:\Windows\system32\ADVAPI32.dll
0x77840000 - 0x77903000 	C:\Windows\system32\RPCRT4.dll
0x768e0000 - 0x76954000 	C:\Windows\system32\comdlg32.dll
0x77cf0000 - 0x77d9a000 	C:\Windows\system32\msvcrt.dll
0x77910000 - 0x77965000 	C:\Windows\system32\SHLWAPI.dll
0x739f0000 - 0x73a76000 	C:\Windows\WinSxS\x86_microsoft.windows.common-controls_6595b64144ccf1df_5.82.6000.16386_none_87e0cb09378714f1\COMCTL32.dll
0x76960000 - 0x7742e000 	C:\Windows\system32\SHELL32.dll
0x78530000 - 0x7857c000 	C:\Program Files\MATLAB\R2007a\bin\win32\libmx.dll
0x78200000 - 0x78298000 	C:\Program Files\MATLAB\R2007a\bin\win32\icuuc32.dll
0x10000000 - 0x10006000 	C:\Program Files\MATLAB\R2007a\bin\win32\icudt32.dll
0x72460000 - 0x724fb000 	C:\Windows\WinSxS\x86_microsoft.vc80.crt_1fc8b3b9a1e18e3b_8.0.50727.312_none_10b2ee7b9bffc2c7\MSVCR80.dll
0x78460000 - 0x7846e000 	C:\Program Files\MATLAB\R2007a\bin\win32\libz.dll
0x78470000 - 0x7852e000 	C:\Program Files\MATLAB\R2007a\bin\win32\libut.dll
0x78100000 - 0x781b5000 	C:\Program Files\MATLAB\R2007a\bin\win32\icuin32.dll
0x781c0000 - 0x781cc000 	C:\Program Files\MATLAB\R2007a\bin\win32\icuio32.dll
0x6f1b0000 - 0x6f237000 	C:\Windows\WinSxS\x86_microsoft.vc80.crt_1fc8b3b9a1e18e3b_8.0.50727.312_none_10b2ee7b9bffc2c7\MSVCP80.dll
0x77500000 - 0x77529000 	C:\Windows\system32\imagehlp.dll
0x79730000 - 0x79789000 	C:\Program Files\MATLAB\R2007a\bin\win32\libmwmathutil.dll
0x785b0000 - 0x785c8000 	C:\Program Files\MATLAB\R2007a\bin\win32\mpath.dll
0x76130000 - 0x7619a000 	C:\Windows\system32\NETAPI32.dll
0x76670000 - 0x76677000 	C:\Windows\system32\PSAPI.DLL
0x77600000 - 0x7762d000 	C:\Windows\system32\WS2_32.dll
0x77ed0000 - 0x77ed6000 	C:\Windows\system32\NSI.dll
0x79540000 - 0x79575000 	C:\Program Files\MATLAB\R2007a\bin\win32\mcr.dll
0x77ba0000 - 0x77ce4000 	C:\Windows\system32\ole32.dll
0x78580000 - 0x78590000 	C:\Program Files\MATLAB\R2007a\bin\win32\libmex.dll
0x78750000 - 0x7879d000 	C:\Program Files\MATLAB\R2007a\bin\win32\m_dispatcher.dll
0x782a0000 - 0x7845b000 	C:\Program Files\MATLAB\R2007a\bin\win32\xerces-c_2_6.dll
0x78e60000 - 0x78e7c000 	C:\Program Files\MATLAB\R2007a\bin\win32\datasvcs.dll
0x79290000 - 0x79353000 	C:\Program Files\MATLAB\R2007a\bin\win32\libmwgui.dll
0x786c0000 - 0x78749000 	C:\Program Files\MATLAB\R2007a\bin\win32\udd.dll
0x785d0000 - 0x786b5000 	C:\Program Files\MATLAB\R2007a\bin\win32\mcos.dll
0x787a0000 - 0x78c01000 	C:\Program Files\MATLAB\R2007a\bin\win32\m_interpreter.dll
0x79790000 - 0x79799000 	C:\Program Files\MATLAB\R2007a\bin\win32\libmwmathrng.dll
0x78e20000 - 0x78e31000 	C:\Program Files\MATLAB\R2007a\bin\win32\m_pcodeio.dll
0x00280000 - 0x0028a000 	C:\Program Files\MATLAB\R2007a\bin\win32\mtok.dll
0x78c10000 - 0x78db7000 	C:\Program Files\MATLAB\R2007a\bin\win32\m_parser.dll
0x78dc0000 - 0x78df1000 	C:\Program Files\MATLAB\R2007a\bin\win32\m_ir.dll
0x78e40000 - 0x78e4c000 	C:\Program Files\MATLAB\R2007a\bin\win32\ir_xfmr.dll
0x002d0000 - 0x00300000 	C:\Program Files\MATLAB\R2007a\bin\win32\profiler.dll
0x78590000 - 0x785ac000 	C:\Program Files\MATLAB\R2007a\bin\win32\libmat.dll
0x00320000 - 0x003e8000 	C:\Program Files\MATLAB\R2007a\bin\win32\libhdf5.dll
0x78e00000 - 0x78e15000 	C:\Program Files\MATLAB\R2007a\bin\win32\m_pcodegen.dll
0x7a020000 - 0x7a038000 	C:\Program Files\MATLAB\R2007a\bin\win32\bridge.dll
0x01400000 - 0x0140f000 	C:\Program Files\MATLAB\R2007a\bin\win32\iqm.dll
0x79f80000 - 0x79fca000 	C:\Program Files\MATLAB\R2007a\bin\win32\comcli.dll
0x779c0000 - 0x77a4c000 	C:\Windows\system32\OLEAUT32.dll
0x79f40000 - 0x79f77000 	C:\Program Files\MATLAB\R2007a\bin\win32\jmi.dll
0x73f80000 - 0x73f87000 	C:\Windows\system32\WSOCK32.dll
0x791b0000 - 0x79231000 	C:\Program Files\MATLAB\R2007a\bin\win32\uiw.dll
0x79240000 - 0x79273000 	C:\Program Files\MATLAB\R2007a\bin\win32\libuij.dll
0x79510000 - 0x7953c000 	C:\Program Files\MATLAB\R2007a\bin\win32\libmwhardcopy.dll
0x79280000 - 0x79289000 	C:\Program Files\MATLAB\R2007a\bin\win32\uinone.dll
0x01480000 - 0x0158d000 	C:\Windows\WinSxS\x86_microsoft.vc80.mfc_1fc8b3b9a1e18e3b_8.0.50727.163_none_0c187ef99ee1d25a\MFC80.DLL
0x72500000 - 0x72541000 	C:\Windows\system32\WINSPOOL.DRV
0x7c630000 - 0x7c64b000 	C:\Windows\WinSxS\x86_microsoft.vc80.atl_1fc8b3b9a1e18e3b_8.0.50727.42_none_dc990e4797f81af1\ATL80.DLL
0x79ec0000 - 0x79ed4000 	C:\Program Files\MATLAB\R2007a\bin\win32\mwoles05.DLL
0x79ee0000 - 0x79f3b000 	C:\Program Files\MATLAB\R2007a\bin\win32\udd_mi.dll
0x79fd0000 - 0x79fdb000 	C:\Program Files\MATLAB\R2007a\bin\win32\mlautoregister.dll
0x79360000 - 0x794c3000 	C:\Program Files\MATLAB\R2007a\bin\win32\hg.dll
0x79580000 - 0x79725000 	C:\Program Files\MATLAB\R2007a\bin\win32\numerics.dll
0x79dd0000 - 0x79dd7000 	C:\Program Files\MATLAB\R2007a\bin\win32\libmwamd.dll
0x79de0000 - 0x79e38000 	C:\Program Files\MATLAB\R2007a\bin\win32\libmwcholmod.dll
0x79e40000 - 0x79e47000 	C:\Program Files\MATLAB\R2007a\bin\win32\libmwcolamd.dll
0x797a0000 - 0x797c3000 	C:\Program Files\MATLAB\R2007a\bin\win32\libmwlapack.dll
0x79810000 - 0x79897000 	C:\Program Files\MATLAB\R2007a\bin\win32\libfftw3.dll
0x798a0000 - 0x7993b000 	C:\Program Files\MATLAB\R2007a\bin\win32\libfftw3f.dll
0x79e50000 - 0x79ebc000 	C:\Program Files\MATLAB\R2007a\bin\win32\libmwumfpack.dll
0x76680000 - 0x7669e000 	C:\Windows\system32\IMM32.DLL
0x77720000 - 0x777e7000 	C:\Windows\system32\MSCTF.dll
0x77710000 - 0x77719000 	C:\Windows\system32\LPK.DLL
0x77580000 - 0x775fd000 	C:\Windows\system32\USP10.dll
0x764e0000 - 0x76501000 	C:\Windows\system32\NTMARTA.DLL
0x77530000 - 0x77579000 	C:\Windows\system32\WLDAP32.dll
0x764c0000 - 0x764d1000 	C:\Windows\system32\SAMLIB.dll
0x75400000 - 0x75594000 	C:\Windows\WinSxS\x86_microsoft.windows.common-controls_6595b64144ccf1df_6.0.6000.16386_none_5d07289e07e1d100\comctl32.dll
0x5d360000 - 0x5d36e000 	C:\Windows\WinSxS\x86_microsoft.vc80.mfcloc_1fc8b3b9a1e18e3b_8.0.50727.42_none_0e9c2a8d74fd3ce6\MFC80ENU.DLL
0x7bdf0000 - 0x7be25000 	C:\Program Files\MATLAB\R2007a\bin\win32\libguide40.dll
0x797d0000 - 0x797f8000 	C:\Program Files\MATLAB\R2007a\bin\win32\mkl.dll
0x79800000 - 0x79805000 	C:\Program Files\MATLAB\R2007a\bin\win32\mklcompat.dll
0x79940000 - 0x79dc3000 	C:\Program Files\MATLAB\R2007a\bin\win32\mllapack.dll
0x02a70000 - 0x02b1a000 	C:\Program Files\MATLAB\R2007a\bin\win32\libifcoremd.dll
0x02c80000 - 0x02eb0000 	C:\Program Files\MATLAB\R2007a\bin\win32\libmmd.dll
0x75700000 - 0x7573f000 	C:\Windows\system32\uxtheme.dll
0x73990000 - 0x739f0000 	C:\Program Files\Common Files\microsoft shared\ink\tiptsf.dll
0x75e90000 - 0x75e98000 	C:\Windows\system32\version.dll
0x704d0000 - 0x704d3000 	C:\Windows\system32\icmp.Dll
0x75d80000 - 0x75d99000 	C:\Windows\system32\iphlpapi.dll
0x75d40000 - 0x75d75000 	C:\Windows\system32\dhcpcsvc.DLL
0x761a0000 - 0x761cb000 	C:\Windows\system32\DNSAPI.dll
0x76510000 - 0x76524000 	C:\Windows\system32\Secur32.dll
0x75da0000 - 0x75da7000 	C:\Windows\system32\WINNSI.DLL
0x75ce0000 - 0x75d00000 	C:\Windows\system32\dhcpcsvc6.DLL
0x6d6c0000 - 0x6d857000 	C:\Program Files\MATLAB\R2007a\sys\java\jre\win32\jre1.5.0_07\bin\client\jvm.dll
0x74e30000 - 0x74e63000 	C:\Windows\system32\WINMM.dll
0x74df0000 - 0x74e28000 	C:\Windows\system32\OLEACC.dll
0x76460000 - 0x7648c000 	C:\Windows\system32\apphelp.dll
0x6d280000 - 0x6d288000 	C:\Program Files\MATLAB\R2007a\sys\java\jre\win32\jre1.5.0_07\bin\hpi.dll
0x6d690000 - 0x6d69c000 	C:\Program Files\MATLAB\R2007a\sys\java\jre\win32\jre1.5.0_07\bin\verify.dll
0x6d300000 - 0x6d31d000 	C:\Program Files\MATLAB\R2007a\sys\java\jre\win32\jre1.5.0_07\bin\java.dll
0x6d6b0000 - 0x6d6bf000 	C:\Program Files\MATLAB\R2007a\sys\java\jre\win32\jre1.5.0_07\bin\zip.dll
0x7b330000 - 0x7b342000 	C:\Program Files\MATLAB\R2007a\bin\win32\nativejava.dll
0x031b0000 - 0x031c3000 	C:\Program Files\MATLAB\R2007a\bin\win32\nativejmi.dll
0x0ed20000 - 0x0ed26000 	C:\Program Files\MATLAB\R2007a\bin\win32\nativeservices.dll
0x6d000000 - 0x6d167000 	C:\Program Files\MATLAB\R2007a\sys\java\jre\win32\jre1.5.0_07\bin\awt.dll
0x6d240000 - 0x6d27f000 	C:\Program Files\MATLAB\R2007a\sys\java\jre\win32\jre1.5.0_07\bin\fontmanager.dll
0x6d4c0000 - 0x6d4d3000 	C:\Program Files\MATLAB\R2007a\sys\java\jre\win32\jre1.5.0_07\bin\net.dll
0x75e20000 - 0x75e5b000 	C:\Windows\system32\mswsock.dll
0x75e80000 - 0x75e86000 	C:\Windows\System32\wship6.dll
0x6d4e0000 - 0x6d4e9000 	C:\Program Files\MATLAB\R2007a\sys\java\jre\win32\jre1.5.0_07\bin\nio.dll
0x0f7d0000 - 0x0f7dc000 	C:\Program Files\MATLAB\R2007a\bin\win32\nativecmdwin.dll
0x0fc90000 - 0x0fc97000 	C:\Program Files\MATLAB\R2007a\bin\win32\nativemlint.dll
0x0fcb0000 - 0x0fce4000 	C:\Program Files\MATLAB\R2007a\bin\win32\mlint.dll
0x7b350000 - 0x7b356000 	C:\Program Files\MATLAB\R2007a\bin\win32\nativelex.dll
0x77b10000 - 0x77b94000 	C:\Windows\system32\CLBCatQ.DLL
0x72b70000 - 0x72b7f000 	C:\Program Files\Windows Journal\NBMapTIP.dll
0x72160000 - 0x7227f000 	C:\Windows\system32\MFC42u.dll
0x77430000 - 0x774ff000 	C:\Windows\system32\WININET.dll
0x76830000 - 0x76833000 	C:\Windows\system32\Normaliz.dll
0x77970000 - 0x779b5000 	C:\Windows\system32\iertutil.dll
0x723c0000 - 0x72425000 	C:\Windows\system32\ODBC32.dll
0x720e0000 - 0x72118000 	C:\Windows\system32\odbcint.dll

VM Arguments:
jvm_args: -Xss512k -XX:PermSize=32M -Xms64m -XX:NewRatio=3 -XX:MaxPermSize=32M -Xmx96m -Dsun.java2d.noddraw=true -Dsun.awt.nopixfmt=true -Xshare:off -Djava.library.path=C:\Program Files\MATLAB\R2007a\bin\win32 vfprintf abort
java_command: <unknown>
Launcher Type: generic

Environment Variables:
PATH=C:\Program Files\MATLAB\R2007a\sys\java\jre\win32\jre1.5.0_07\bin;C:\Program Files\MATLAB\R2007a\sys\webrenderer\windows\corecomponents;C:\Program Files\MATLAB\R2007a\sys\webrenderer\windows;c:\program files\miktex 2.6\miktex\bin;C:\Windows\system32;C:\Windows;C:\Windows\system32\wbem;C:\Program Files\MATLAB\R2007a\bin;C:\Program Files\MATLAB\R2007a\bin\win32;;C:\Program Files\WinSCP\
USERNAME=joshuav
OS=Windows_NT
PROCESSOR_IDENTIFIER=x86 Family 6 Model 14 Stepping 8, GenuineIntel



---------------  S Y S T E M  ---------------

OS: Windows NT 6.0 Build 6000 

CPU:total 2 family 6, cmov, cx8, fxsr, mmx, sse, sse2, ht

Memory: 4k page, physical 2086144k(926972k free), swap 4194303k(2860724k free)

vm_info: Java HotSpot(TM) Client VM (1.5.0_07-b03) for windows-x86, built on May  3 2006 01:04:38 by "java_re" with MS VC++ 6.0

