#
# An unexpected error has been detected by HotSpot Virtual Machine:
#
#  EXCEPTION_ACCESS_VIOLATION (0xc0000005) at pc=0x6d0e9949, pid=4184, tid=5396
#
# Java VM: Java HotSpot(TM) Client VM (1.5.0_07-b03 mixed mode)
# Problematic frame:
# C  [awt.dll+0xe9949]
#

---------------  T H R E A D  ---------------

Current thread (0x0307f860):  JavaThread "AWT-EventQueue-0" [_thread_in_native, id=5396]

siginfo: ExceptionCode=0xc0000005, reading address 0x0000006b

Registers:
EAX=0x04cfcb50, EBX=0x00000000, ECX=0x04b17d18, EDX=0x00000053
ESP=0x0531f08c, EBP=0x0531f0b8, ESI=0x0da94a38, EDI=0x0307f920
EIP=0x6d0e9949, EFLAGS=0x00010246

Top of Stack: (sp=0x0531f08c)
0x0531f08c:   0da94a38 6d0ea98d 00000001 0531f0a4
0x0531f09c:   0307f860 0da94a38 00000000 00000000
0x0531f0ac:   00000000 00000000 04869a10 0531f0e8
0x0531f0bc:   0532826f 047f186a 0531f0fc 00000001
0x0531f0cc:   0531f0cc 00000000 0531f0fc 0da95ef0
0x0531f0dc:   00000000 0da94a38 0531f0f8 0531f11c
0x0531f0ec:   053229fa 00000000 05326453 00000001
0x0531f0fc:   07a23e38 0531f100 0da94ab0 0531f124 

Instructions: (pc=0x6d0e9949)
0x6d0e9939:   4d fc ff 8b 4c 24 08 8b 14 88 8b 0d 74 ff 12 6d
0x6d0e9949:   8b 72 18 e8 df 4d fc ff 8b c6 5e c3 90 90 90 90 


Stack: [0x052a0000,0x05320000),  sp=0x0531f08c,  free space=508k
Native frames: (J=compiled Java code, j=interpreted, Vv=VM code, C=native code)
C  [awt.dll+0xe9949]
j  sun.awt.Win32GraphicsConfig.getBounds(I)Ljava/awt/Rectangle;+0
j  sun.awt.Win32GraphicsConfig.getBounds()Ljava/awt/Rectangle;+8
j  com.mathworks.mwswing.MJUtilities.getVirtualScreenBounds()Ljava/awt/Rectangle;+72
j  com.mathworks.widgets.tokenmatch.TokenMatchPopup.outOfScreenBounds(Ljava/awt/Rectangle;ZZ)Z+0
j  com.mathworks.widgets.tokenmatch.TokenMatchPopup.startTimerAndShowPopupIfNecessary(Ljavax/swing/text/JTextComponent;[IZILcom/mathworks/widgets/tokenmatch/TokenMatchPopup$TokenMatchListener;Lcom/mathworks/widgets/tokenmatch/TokenMatchPopup$Language;)V+380
j  com.mathworks.widgets.text.MWCaret$DelimiterMatchingImpl.startTimerAndShowPopupIfNecessary(Ljavax/swing/text/JTextComponent;[IZILcom/mathworks/widgets/tokenmatch/TokenMatchPopup$TokenMatchListener;Lcom/mathworks/widgets/tokenmatch/TokenMatchPopup$Language;)V+12
j  com.mathworks.widgets.text.MWCaret.doTokenMatchPopup([IZI)V+59
j  com.mathworks.widgets.text.MWCaret.drawNewMarks(ZZ[II)V+76
J  com.mathworks.widgets.text.MWCaret.updateMatchBrace(ZI)V
v  ~RuntimeStub::alignment_frame_return Runtime1 stub
j  com.mathworks.widgets.text.MWCaret.updateMatchBrace(Z)V+6
j  com.mathworks.widgets.text.MWCaret.doDelimiterMatch(CI)V+20
j  com.mathworks.widgets.text.MWKit$MWDefaultKeyTypedAction.actionPerformed(Ljava/awt/event/ActionEvent;Ljavax/swing/text/JTextComponent;)V+67
J  org.netbeans.editor.BaseAction.actionPerformed(Ljava/awt/event/ActionEvent;)V
j  javax.swing.SwingUtilities.notifyAction(Ljavax/swing/Action;Ljavax/swing/KeyStroke;Ljava/awt/event/KeyEvent;Ljava/lang/Object;I)Z+132
J  javax.swing.JComponent.processKeyBinding(Ljavax/swing/KeyStroke;Ljava/awt/event/KeyEvent;IZ)Z
J  javax.swing.JComponent.processKeyBindings(Ljava/awt/event/KeyEvent;Z)Z
J  javax.swing.JComponent.processKeyEvent(Ljava/awt/event/KeyEvent;)V
J  com.mathworks.widgets.SyntaxTextPaneBase.processKeyEvent(Ljava/awt/event/KeyEvent;)V
J  java.awt.Component.processEvent(Ljava/awt/AWTEvent;)V
J  java.awt.Container.processEvent(Ljava/awt/AWTEvent;)V
J  java.awt.Component.dispatchEventImpl(Ljava/awt/AWTEvent;)V
J  java.awt.Container.dispatchEventImpl(Ljava/awt/AWTEvent;)V
J  java.awt.DefaultKeyboardFocusManager.dispatchKeyEvent(Ljava/awt/event/KeyEvent;)Z
J  java.awt.DefaultKeyboardFocusManager.preDispatchKeyEvent(Ljava/awt/event/KeyEvent;)Z
J  java.awt.DefaultKeyboardFocusManager.typeAheadAssertions(Ljava/awt/Component;Ljava/awt/AWTEvent;)Z
J  java.awt.DefaultKeyboardFocusManager.dispatchEvent(Ljava/awt/AWTEvent;)Z
J  java.awt.Component.dispatchEventImpl(Ljava/awt/AWTEvent;)V
J  java.awt.Container.dispatchEventImpl(Ljava/awt/AWTEvent;)V
J  java.awt.Window.dispatchEventImpl(Ljava/awt/AWTEvent;)V
J  java.awt.EventQueue.dispatchEvent(Ljava/awt/AWTEvent;)V
J  java.awt.EventDispatchThread.pumpOneEventForHierarchy(ILjava/awt/Component;)Z
J  java.awt.EventDispatchThread.pumpEventsForHierarchy(ILjava/awt/Conditional;Ljava/awt/Component;)V
v  ~OSRAdapter
j  java.awt.EventDispatchThread.pumpEvents(ILjava/awt/Conditional;)V+4
j  java.awt.EventDispatchThread.pumpEvents(Ljava/awt/Conditional;)V+3
j  java.awt.EventDispatchThread.run()V+9
v  ~StubRoutines::call_stub
V  [jvm.dll+0x86401]
V  [jvm.dll+0xdb172]
V  [jvm.dll+0x862d2]
V  [jvm.dll+0x8602f]
V  [jvm.dll+0xa0bcb]
V  [jvm.dll+0x10bdad]
V  [jvm.dll+0x10bd7b]
C  [msvcrt.dll+0x262b6]
C  [msvcrt.dll+0x263de]
C  [kernel32.dll+0x43833]
C  [ntdll.dll+0x3a9bd]

Java frames: (J=compiled Java code, j=interpreted, Vv=VM code)
j  sun.awt.Win32GraphicsConfig.getBounds(I)Ljava/awt/Rectangle;+0
j  sun.awt.Win32GraphicsConfig.getBounds()Ljava/awt/Rectangle;+8
j  com.mathworks.mwswing.MJUtilities.getVirtualScreenBounds()Ljava/awt/Rectangle;+72
j  com.mathworks.widgets.tokenmatch.TokenMatchPopup.outOfScreenBounds(Ljava/awt/Rectangle;ZZ)Z+0
j  com.mathworks.widgets.tokenmatch.TokenMatchPopup.startTimerAndShowPopupIfNecessary(Ljavax/swing/text/JTextComponent;[IZILcom/mathworks/widgets/tokenmatch/TokenMatchPopup$TokenMatchListener;Lcom/mathworks/widgets/tokenmatch/TokenMatchPopup$Language;)V+380
j  com.mathworks.widgets.text.MWCaret$DelimiterMatchingImpl.startTimerAndShowPopupIfNecessary(Ljavax/swing/text/JTextComponent;[IZILcom/mathworks/widgets/tokenmatch/TokenMatchPopup$TokenMatchListener;Lcom/mathworks/widgets/tokenmatch/TokenMatchPopup$Language;)V+12
j  com.mathworks.widgets.text.MWCaret.doTokenMatchPopup([IZI)V+59
j  com.mathworks.widgets.text.MWCaret.drawNewMarks(ZZ[II)V+76
J  com.mathworks.widgets.text.MWCaret.updateMatchBrace(ZI)V
v  ~RuntimeStub::alignment_frame_return Runtime1 stub
j  com.mathworks.widgets.text.MWCaret.updateMatchBrace(Z)V+6
j  com.mathworks.widgets.text.MWCaret.doDelimiterMatch(CI)V+20
j  com.mathworks.widgets.text.MWKit$MWDefaultKeyTypedAction.actionPerformed(Ljava/awt/event/ActionEvent;Ljavax/swing/text/JTextComponent;)V+67
J  org.netbeans.editor.BaseAction.actionPerformed(Ljava/awt/event/ActionEvent;)V
j  javax.swing.SwingUtilities.notifyAction(Ljavax/swing/Action;Ljavax/swing/KeyStroke;Ljava/awt/event/KeyEvent;Ljava/lang/Object;I)Z+132
J  javax.swing.JComponent.processKeyBinding(Ljavax/swing/KeyStroke;Ljava/awt/event/KeyEvent;IZ)Z
J  javax.swing.JComponent.processKeyBindings(Ljava/awt/event/KeyEvent;Z)Z
J  javax.swing.JComponent.processKeyEvent(Ljava/awt/event/KeyEvent;)V
J  com.mathworks.widgets.SyntaxTextPaneBase.processKeyEvent(Ljava/awt/event/KeyEvent;)V
J  java.awt.Component.processEvent(Ljava/awt/AWTEvent;)V
J  java.awt.Container.processEvent(Ljava/awt/AWTEvent;)V
J  java.awt.Component.dispatchEventImpl(Ljava/awt/AWTEvent;)V
J  java.awt.Container.dispatchEventImpl(Ljava/awt/AWTEvent;)V
J  java.awt.DefaultKeyboardFocusManager.dispatchKeyEvent(Ljava/awt/event/KeyEvent;)Z
J  java.awt.DefaultKeyboardFocusManager.preDispatchKeyEvent(Ljava/awt/event/KeyEvent;)Z
J  java.awt.DefaultKeyboardFocusManager.typeAheadAssertions(Ljava/awt/Component;Ljava/awt/AWTEvent;)Z
J  java.awt.DefaultKeyboardFocusManager.dispatchEvent(Ljava/awt/AWTEvent;)Z
J  java.awt.Component.dispatchEventImpl(Ljava/awt/AWTEvent;)V
J  java.awt.Container.dispatchEventImpl(Ljava/awt/AWTEvent;)V
J  java.awt.Window.dispatchEventImpl(Ljava/awt/AWTEvent;)V
J  java.awt.EventQueue.dispatchEvent(Ljava/awt/AWTEvent;)V
J  java.awt.EventDispatchThread.pumpOneEventForHierarchy(ILjava/awt/Component;)Z
J  java.awt.EventDispatchThread.pumpEventsForHierarchy(ILjava/awt/Conditional;Ljava/awt/Component;)V
v  ~OSRAdapter
j  java.awt.EventDispatchThread.pumpEvents(ILjava/awt/Conditional;)V+4
j  java.awt.EventDispatchThread.pumpEvents(Ljava/awt/Conditional;)V+3
j  java.awt.EventDispatchThread.run()V+9
v  ~StubRoutines::call_stub

---------------  P R O C E S S  ---------------

Java Threads: ( => current thread )
  0x04b23860 JavaThread "Thread-96" [_thread_blocked, id=5144]
  0x04a41a68 JavaThread "Thread-77" [_thread_blocked, id=5496]
  0x04a41758 JavaThread "Thread-75" [_thread_blocked, id=292]
  0x04a40680 JavaThread "Thread-65" [_thread_blocked, id=2744]
  0x04a40370 JavaThread "Thread-64" [_thread_blocked, id=5516]
  0x04b24dd0 JavaThread "Thread-58" [_thread_blocked, id=4452]
  0x04b23cf8 JavaThread "Timer-6" [_thread_blocked, id=4540]
  0x04b24190 JavaThread "Prefs Updater" [_thread_blocked, id=2112]
  0x04b24008 JavaThread "Thread-45" [_thread_blocked, id=5928]
  0x0307fcf8 JavaThread "Thread-33" [_thread_in_native, id=5280]
  0x04b23b70 JavaThread "Thread-27" [_thread_blocked, id=4916]
  0x04b233c8 JavaThread "Thread-22" [_thread_blocked, id=220]
  0x04b23240 JavaThread "Thread-21" [_thread_blocked, id=2644]
  0x04a6b038 JavaThread "Thread-19" [_thread_blocked, id=936]
  0x04a6aeb0 JavaThread "Thread-18" [_thread_blocked, id=1532]
  0x04a6ad28 JavaThread "Thread-17" [_thread_blocked, id=4464]
  0x04a6aba0 JavaThread "Thread-16" [_thread_blocked, id=5392]
  0x04a6aa18 JavaThread "Thread-15" [_thread_blocked, id=4060]
  0x04a6a890 JavaThread "Thread-14" [_thread_blocked, id=4988]
  0x04a6a708 JavaThread "Thread-13" [_thread_blocked, id=3764]
  0x04a6a3f8 JavaThread "Thread-12" [_thread_blocked, id=3504]
  0x04a6a270 JavaThread "Thread-11" [_thread_blocked, id=4132]
  0x04a6a0e8 JavaThread "Thread-10" [_thread_blocked, id=4312]
  0x04a69dd8 JavaThread "Thread-9" [_thread_blocked, id=5624]
  0x04a69940 JavaThread "Thread-8" [_thread_blocked, id=3784]
  0x04a69630 JavaThread "Thread-7" [_thread_blocked, id=5492]
  0x04a694a8 JavaThread "Thread-6" [_thread_blocked, id=5208]
  0x030807b0 JavaThread "Active Reference Queue Daemon" daemon [_thread_blocked, id=5792]
  0x03080628 JavaThread "Timer-2" daemon [_thread_blocked, id=5844]
  0x030804a0 JavaThread "Timer-1" daemon [_thread_blocked, id=5484]
  0x03080190 JavaThread "TimerQueue" daemon [_thread_blocked, id=4236]
=>0x0307f860 JavaThread "AWT-EventQueue-0" [_thread_in_native, id=5396]
  0x0307f3c8 JavaThread "AWT-Shutdown" [_thread_blocked, id=4692]
  0x0307f6d8 JavaThread "Java2D Disposer" daemon [_thread_blocked, id=5400]
  0x0307f550 JavaThread "AWT-Windows" daemon [_thread_in_native, id=256]
  0x0307f240 JavaThread "Timer-0" [_thread_blocked, id=2360]
  0x0307f0b8 JavaThread "Low Memory Detector" daemon [_thread_blocked, id=2052]
  0x03081938 JavaThread "CompilerThread0" daemon [_thread_blocked, id=1492]
  0x0307ef30 JavaThread "Signal Dispatcher" daemon [_thread_blocked, id=5304]
  0x030740f0 JavaThread "Finalizer" daemon [_thread_blocked, id=3768]
  0x03072ae0 JavaThread "Reference Handler" daemon [_thread_blocked, id=5596]
  0x018afc40 JavaThread "main" [_thread_in_native, id=4756]

Other Threads:
  0x0306e380 VMThread [id=2884]
  0x03093f58 WatcherThread [id=4364]

VM state:not at safepoint (normal execution)

VM Mutex/Monitor currently owned by a thread: None

Heap
 def new generation   total 18944K, used 7282K [0x07320000, 0x087a0000, 0x08b20000)
  eden space 16896K,  42% used [0x07320000, 0x07a31618, 0x083a0000)
  from space 2048K,   2% used [0x085a0000, 0x085ab4f0, 0x087a0000)
  to   space 2048K,   0% used [0x083a0000, 0x083a0000, 0x085a0000)
 tenured generation   total 62508K, used 55874K [0x08b20000, 0x0c82b000, 0x0d320000)
   the space 62508K,  89% used [0x08b20000, 0x0c1b0be0, 0x0c1b0c00, 0x0c82b000)
 compacting perm gen  total 32768K, used 24000K [0x0d320000, 0x0f320000, 0x0f320000)
   the space 32768K,  73% used [0x0d320000, 0x0ea90300, 0x0ea90400, 0x0f320000)
No shared spaces configured.

Dynamic libraries:
0x00400000 - 0x004ee000 	C:\Program Files\MATLAB\R2007a\bin\win32\MATLAB.exe
0x77ee0000 - 0x77ffe000 	C:\Windows\system32\ntdll.dll
0x77630000 - 0x77708000 	C:\Windows\system32\kernel32.dll
0x78e80000 - 0x79088000 	C:\Program Files\MATLAB\R2007a\bin\win32\libmwservices.dll
0x76840000 - 0x768de000 	C:\Windows\system32\USER32.dll
0x777f0000 - 0x7783b000 	C:\Windows\system32\GDI32.dll
0x77a50000 - 0x77b0f000 	C:\Windows\system32\ADVAPI32.dll
0x77840000 - 0x77903000 	C:\Windows\system32\RPCRT4.dll
0x768e0000 - 0x76954000 	C:\Windows\system32\comdlg32.dll
0x77cf0000 - 0x77d9a000 	C:\Windows\system32\msvcrt.dll
0x77910000 - 0x77965000 	C:\Windows\system32\SHLWAPI.dll
0x739f0000 - 0x73a76000 	C:\Windows\WinSxS\x86_microsoft.windows.common-controls_6595b64144ccf1df_5.82.6000.16386_none_87e0cb09378714f1\COMCTL32.dll
0x76960000 - 0x7742e000 	C:\Windows\system32\SHELL32.dll
0x78530000 - 0x7857c000 	C:\Program Files\MATLAB\R2007a\bin\win32\libmx.dll
0x78200000 - 0x78298000 	C:\Program Files\MATLAB\R2007a\bin\win32\icuuc32.dll
0x10000000 - 0x10006000 	C:\Program Files\MATLAB\R2007a\bin\win32\icudt32.dll
0x72460000 - 0x724fb000 	C:\Windows\WinSxS\x86_microsoft.vc80.crt_1fc8b3b9a1e18e3b_8.0.50727.312_none_10b2ee7b9bffc2c7\MSVCR80.dll
0x78460000 - 0x7846e000 	C:\Program Files\MATLAB\R2007a\bin\win32\libz.dll
0x78470000 - 0x7852e000 	C:\Program Files\MATLAB\R2007a\bin\win32\libut.dll
0x78100000 - 0x781b5000 	C:\Program Files\MATLAB\R2007a\bin\win32\icuin32.dll
0x781c0000 - 0x781cc000 	C:\Program Files\MATLAB\R2007a\bin\win32\icuio32.dll
0x6f1b0000 - 0x6f237000 	C:\Windows\WinSxS\x86_microsoft.vc80.crt_1fc8b3b9a1e18e3b_8.0.50727.312_none_10b2ee7b9bffc2c7\MSVCP80.dll
0x77500000 - 0x77529000 	C:\Windows\system32\imagehlp.dll
0x79730000 - 0x79789000 	C:\Program Files\MATLAB\R2007a\bin\win32\libmwmathutil.dll
0x785b0000 - 0x785c8000 	C:\Program Files\MATLAB\R2007a\bin\win32\mpath.dll
0x76130000 - 0x7619a000 	C:\Windows\system32\NETAPI32.dll
0x76670000 - 0x76677000 	C:\Windows\system32\PSAPI.DLL
0x77600000 - 0x7762d000 	C:\Windows\system32\WS2_32.dll
0x77ed0000 - 0x77ed6000 	C:\Windows\system32\NSI.dll
0x79540000 - 0x79575000 	C:\Program Files\MATLAB\R2007a\bin\win32\mcr.dll
0x77ba0000 - 0x77ce4000 	C:\Windows\system32\ole32.dll
0x78580000 - 0x78590000 	C:\Program Files\MATLAB\R2007a\bin\win32\libmex.dll
0x78750000 - 0x7879d000 	C:\Program Files\MATLAB\R2007a\bin\win32\m_dispatcher.dll
0x782a0000 - 0x7845b000 	C:\Program Files\MATLAB\R2007a\bin\win32\xerces-c_2_6.dll
0x78e60000 - 0x78e7c000 	C:\Program Files\MATLAB\R2007a\bin\win32\datasvcs.dll
0x79290000 - 0x79353000 	C:\Program Files\MATLAB\R2007a\bin\win32\libmwgui.dll
0x786c0000 - 0x78749000 	C:\Program Files\MATLAB\R2007a\bin\win32\udd.dll
0x785d0000 - 0x786b5000 	C:\Program Files\MATLAB\R2007a\bin\win32\mcos.dll
0x787a0000 - 0x78c01000 	C:\Program Files\MATLAB\R2007a\bin\win32\m_interpreter.dll
0x79790000 - 0x79799000 	C:\Program Files\MATLAB\R2007a\bin\win32\libmwmathrng.dll
0x78e20000 - 0x78e31000 	C:\Program Files\MATLAB\R2007a\bin\win32\m_pcodeio.dll
0x00180000 - 0x0018a000 	C:\Program Files\MATLAB\R2007a\bin\win32\mtok.dll
0x78c10000 - 0x78db7000 	C:\Program Files\MATLAB\R2007a\bin\win32\m_parser.dll
0x78dc0000 - 0x78df1000 	C:\Program Files\MATLAB\R2007a\bin\win32\m_ir.dll
0x78e40000 - 0x78e4c000 	C:\Program Files\MATLAB\R2007a\bin\win32\ir_xfmr.dll
0x001d0000 - 0x00200000 	C:\Program Files\MATLAB\R2007a\bin\win32\profiler.dll
0x78590000 - 0x785ac000 	C:\Program Files\MATLAB\R2007a\bin\win32\libmat.dll
0x013f0000 - 0x014b8000 	C:\Program Files\MATLAB\R2007a\bin\win32\libhdf5.dll
0x78e00000 - 0x78e15000 	C:\Program Files\MATLAB\R2007a\bin\win32\m_pcodegen.dll
0x7a020000 - 0x7a038000 	C:\Program Files\MATLAB\R2007a\bin\win32\bridge.dll
0x00340000 - 0x0034f000 	C:\Program Files\MATLAB\R2007a\bin\win32\iqm.dll
0x79f80000 - 0x79fca000 	C:\Program Files\MATLAB\R2007a\bin\win32\comcli.dll
0x779c0000 - 0x77a4c000 	C:\Windows\system32\OLEAUT32.dll
0x79f40000 - 0x79f77000 	C:\Program Files\MATLAB\R2007a\bin\win32\jmi.dll
0x73f80000 - 0x73f87000 	C:\Windows\system32\WSOCK32.dll
0x791b0000 - 0x79231000 	C:\Program Files\MATLAB\R2007a\bin\win32\uiw.dll
0x79240000 - 0x79273000 	C:\Program Files\MATLAB\R2007a\bin\win32\libuij.dll
0x79510000 - 0x7953c000 	C:\Program Files\MATLAB\R2007a\bin\win32\libmwhardcopy.dll
0x79280000 - 0x79289000 	C:\Program Files\MATLAB\R2007a\bin\win32\uinone.dll
0x014c0000 - 0x015cd000 	C:\Windows\WinSxS\x86_microsoft.vc80.mfc_1fc8b3b9a1e18e3b_8.0.50727.163_none_0c187ef99ee1d25a\MFC80.DLL
0x72500000 - 0x72541000 	C:\Windows\system32\WINSPOOL.DRV
0x7c630000 - 0x7c64b000 	C:\Windows\WinSxS\x86_microsoft.vc80.atl_1fc8b3b9a1e18e3b_8.0.50727.42_none_dc990e4797f81af1\ATL80.DLL
0x79ec0000 - 0x79ed4000 	C:\Program Files\MATLAB\R2007a\bin\win32\mwoles05.DLL
0x79ee0000 - 0x79f3b000 	C:\Program Files\MATLAB\R2007a\bin\win32\udd_mi.dll
0x79fd0000 - 0x79fdb000 	C:\Program Files\MATLAB\R2007a\bin\win32\mlautoregister.dll
0x79360000 - 0x794c3000 	C:\Program Files\MATLAB\R2007a\bin\win32\hg.dll
0x79580000 - 0x79725000 	C:\Program Files\MATLAB\R2007a\bin\win32\numerics.dll
0x79dd0000 - 0x79dd7000 	C:\Program Files\MATLAB\R2007a\bin\win32\libmwamd.dll
0x79de0000 - 0x79e38000 	C:\Program Files\MATLAB\R2007a\bin\win32\libmwcholmod.dll
0x79e40000 - 0x79e47000 	C:\Program Files\MATLAB\R2007a\bin\win32\libmwcolamd.dll
0x797a0000 - 0x797c3000 	C:\Program Files\MATLAB\R2007a\bin\win32\libmwlapack.dll
0x79810000 - 0x79897000 	C:\Program Files\MATLAB\R2007a\bin\win32\libfftw3.dll
0x798a0000 - 0x7993b000 	C:\Program Files\MATLAB\R2007a\bin\win32\libfftw3f.dll
0x79e50000 - 0x79ebc000 	C:\Program Files\MATLAB\R2007a\bin\win32\libmwumfpack.dll
0x76680000 - 0x7669e000 	C:\Windows\system32\IMM32.DLL
0x77720000 - 0x777e7000 	C:\Windows\system32\MSCTF.dll
0x77710000 - 0x77719000 	C:\Windows\system32\LPK.DLL
0x77580000 - 0x775fd000 	C:\Windows\system32\USP10.dll
0x764e0000 - 0x76501000 	C:\Windows\system32\NTMARTA.DLL
0x77530000 - 0x77579000 	C:\Windows\system32\WLDAP32.dll
0x764c0000 - 0x764d1000 	C:\Windows\system32\SAMLIB.dll
0x75400000 - 0x75594000 	C:\Windows\WinSxS\x86_microsoft.windows.common-controls_6595b64144ccf1df_6.0.6000.16386_none_5d07289e07e1d100\comctl32.dll
0x5d360000 - 0x5d36e000 	C:\Windows\WinSxS\x86_microsoft.vc80.mfcloc_1fc8b3b9a1e18e3b_8.0.50727.42_none_0e9c2a8d74fd3ce6\MFC80ENU.DLL
0x7bdf0000 - 0x7be25000 	C:\Program Files\MATLAB\R2007a\bin\win32\libguide40.dll
0x797d0000 - 0x797f8000 	C:\Program Files\MATLAB\R2007a\bin\win32\mkl.dll
0x79800000 - 0x79805000 	C:\Program Files\MATLAB\R2007a\bin\win32\mklcompat.dll
0x79940000 - 0x79dc3000 	C:\Program Files\MATLAB\R2007a\bin\win32\mllapack.dll
0x029f0000 - 0x02a9a000 	C:\Program Files\MATLAB\R2007a\bin\win32\libifcoremd.dll
0x02c70000 - 0x02ea0000 	C:\Program Files\MATLAB\R2007a\bin\win32\libmmd.dll
0x75700000 - 0x7573f000 	C:\Windows\system32\uxtheme.dll
0x73990000 - 0x739f0000 	C:\Program Files\Common Files\microsoft shared\ink\tiptsf.dll
0x75e90000 - 0x75e98000 	C:\Windows\system32\version.dll
0x72d40000 - 0x72d43000 	C:\Windows\system32\icmp.Dll
0x75d80000 - 0x75d99000 	C:\Windows\system32\iphlpapi.dll
0x75d40000 - 0x75d75000 	C:\Windows\system32\dhcpcsvc.DLL
0x761a0000 - 0x761cb000 	C:\Windows\system32\DNSAPI.dll
0x76510000 - 0x76524000 	C:\Windows\system32\Secur32.dll
0x75da0000 - 0x75da7000 	C:\Windows\system32\WINNSI.DLL
0x75ce0000 - 0x75d00000 	C:\Windows\system32\dhcpcsvc6.DLL
0x6d6c0000 - 0x6d857000 	C:\Program Files\MATLAB\R2007a\sys\java\jre\win32\jre1.5.0_07\bin\client\jvm.dll
0x74e30000 - 0x74e63000 	C:\Windows\system32\WINMM.dll
0x74df0000 - 0x74e28000 	C:\Windows\system32\OLEACC.dll
0x76460000 - 0x7648c000 	C:\Windows\system32\apphelp.dll
0x6d280000 - 0x6d288000 	C:\Program Files\MATLAB\R2007a\sys\java\jre\win32\jre1.5.0_07\bin\hpi.dll
0x6d690000 - 0x6d69c000 	C:\Program Files\MATLAB\R2007a\sys\java\jre\win32\jre1.5.0_07\bin\verify.dll
0x6d300000 - 0x6d31d000 	C:\Program Files\MATLAB\R2007a\sys\java\jre\win32\jre1.5.0_07\bin\java.dll
0x6d6b0000 - 0x6d6bf000 	C:\Program Files\MATLAB\R2007a\sys\java\jre\win32\jre1.5.0_07\bin\zip.dll
0x7b330000 - 0x7b342000 	C:\Program Files\MATLAB\R2007a\bin\win32\nativejava.dll
0x03170000 - 0x03183000 	C:\Program Files\MATLAB\R2007a\bin\win32\nativejmi.dll
0x031a0000 - 0x031a6000 	C:\Program Files\MATLAB\R2007a\bin\win32\nativeservices.dll
0x6d000000 - 0x6d167000 	C:\Program Files\MATLAB\R2007a\sys\java\jre\win32\jre1.5.0_07\bin\awt.dll
0x6d240000 - 0x6d27f000 	C:\Program Files\MATLAB\R2007a\sys\java\jre\win32\jre1.5.0_07\bin\fontmanager.dll
0x6d4c0000 - 0x6d4d3000 	C:\Program Files\MATLAB\R2007a\sys\java\jre\win32\jre1.5.0_07\bin\net.dll
0x75e20000 - 0x75e5b000 	C:\Windows\system32\mswsock.dll
0x75e80000 - 0x75e86000 	C:\Windows\System32\wship6.dll
0x6d4e0000 - 0x6d4e9000 	C:\Program Files\MATLAB\R2007a\sys\java\jre\win32\jre1.5.0_07\bin\nio.dll
0x03a20000 - 0x03a2c000 	C:\Program Files\MATLAB\R2007a\bin\win32\nativecmdwin.dll
0x03a60000 - 0x03a67000 	C:\Program Files\MATLAB\R2007a\bin\win32\nativemlint.dll
0x0f9a0000 - 0x0f9d4000 	C:\Program Files\MATLAB\R2007a\bin\win32\mlint.dll
0x7b350000 - 0x7b356000 	C:\Program Files\MATLAB\R2007a\bin\win32\nativelex.dll
0x77b10000 - 0x77b94000 	C:\Windows\system32\CLBCatQ.DLL
0x72b70000 - 0x72b7f000 	C:\Program Files\Windows Journal\NBMapTIP.dll
0x72160000 - 0x7227f000 	C:\Windows\system32\MFC42u.dll
0x77430000 - 0x774ff000 	C:\Windows\system32\WININET.dll
0x76830000 - 0x76833000 	C:\Windows\system32\Normaliz.dll
0x77970000 - 0x779b5000 	C:\Windows\system32\iertutil.dll
0x723c0000 - 0x72425000 	C:\Windows\system32\ODBC32.dll
0x720e0000 - 0x72118000 	C:\Windows\system32\odbcint.dll

VM Arguments:
jvm_args: -Xss512k -XX:PermSize=32M -Xms64m -XX:NewRatio=3 -XX:MaxPermSize=32M -Xmx96m -Dsun.java2d.noddraw=true -Dsun.awt.nopixfmt=true -Xshare:off -Djava.library.path=C:\Program Files\MATLAB\R2007a\bin\win32 vfprintf abort
java_command: <unknown>
Launcher Type: generic

Environment Variables:
PATH=C:\Program Files\MATLAB\R2007a\sys\java\jre\win32\jre1.5.0_07\bin;C:\Program Files\MATLAB\R2007a\sys\webrenderer\windows\corecomponents;C:\Program Files\MATLAB\R2007a\sys\webrenderer\windows;c:\program files\miktex 2.6\miktex\bin;C:\Windows\system32;C:\Windows;C:\Windows\system32\wbem;C:\Program Files\MATLAB\R2007a\bin;C:\Program Files\MATLAB\R2007a\bin\win32;;C:\Program Files\WinSCP\
USERNAME=joshuav
OS=Windows_NT
PROCESSOR_IDENTIFIER=x86 Family 6 Model 14 Stepping 8, GenuineIntel



---------------  S Y S T E M  ---------------

OS: Windows NT 6.0 Build 6000 

CPU:total 2 family 6, cmov, cx8, fxsr, mmx, sse, sse2, ht

Memory: 4k page, physical 2086144k(854896k free), swap 4194303k(2535372k free)

vm_info: Java HotSpot(TM) Client VM (1.5.0_07-b03) for windows-x86, built on May  3 2006 01:04:38 by "java_re" with MS VC++ 6.0

