#
# An unexpected error has been detected by HotSpot Virtual Machine:
#
#  EXCEPTION_ACCESS_VIOLATION (0xc0000005) at pc=0x6d0e9949, pid=788, tid=3984
#
# Java VM: Java HotSpot(TM) Client VM (1.5.0_07-b03 mixed mode)
# Problematic frame:
# C  [awt.dll+0xe9949]
#

---------------  T H R E A D  ---------------

Current thread (0x0314f890):  JavaThread "AWT-EventQueue-0" [_thread_in_native, id=3984]

siginfo: ExceptionCode=0xc0000005, reading address 0x0000006b

Registers:
EAX=0x0fc6b6a8, EBX=0x00000000, ECX=0x0fce23c0, EDX=0x00000053
ESP=0x0472ef3c, EBP=0x0472ef68, ESI=0x0d573db8, EDI=0x0314f950
EIP=0x6d0e9949, EFLAGS=0x00010246

Top of Stack: (sp=0x0472ef3c)
0x0472ef3c:   0d573db8 6d0ea98d 00000001 0472ef54
0x0472ef4c:   0314f890 0d573db8 00000000 00000000
0x0472ef5c:   00000000 00000000 0f815e08 0472ef98
0x0472ef6c:   04e0826f 0f159e62 0472efac 00000001
0x0472ef7c:   0472ef7c 00000000 0472efac 0d575270
0x0472ef8c:   00000000 0d573db8 0472efa8 0472efcc
0x0472ef9c:   04e029fa 00000000 04e06453 00000001
0x0472efac:   07a8c2a8 0472efb0 0d573e30 0472efd4 

Instructions: (pc=0x6d0e9949)
0x6d0e9939:   4d fc ff 8b 4c 24 08 8b 14 88 8b 0d 74 ff 12 6d
0x6d0e9949:   8b 72 18 e8 df 4d fc ff 8b c6 5e c3 90 90 90 90 


Stack: [0x046b0000,0x04730000),  sp=0x0472ef3c,  free space=507k
Native frames: (J=compiled Java code, j=interpreted, Vv=VM code, C=native code)
C  [awt.dll+0xe9949]
j  sun.awt.Win32GraphicsConfig.getBounds(I)Ljava/awt/Rectangle;+0
j  sun.awt.Win32GraphicsConfig.getBounds()Ljava/awt/Rectangle;+8
j  com.mathworks.mwswing.MJUtilities.getVirtualScreenBounds()Ljava/awt/Rectangle;+72
j  com.mathworks.widgets.tokenmatch.TokenMatchPopup.outOfScreenBounds(Ljava/awt/Rectangle;ZZ)Z+0
j  com.mathworks.widgets.tokenmatch.TokenMatchPopup.startTimerAndShowPopupIfNecessary(Ljavax/swing/text/JTextComponent;[IZILcom/mathworks/widgets/tokenmatch/TokenMatchPopup$TokenMatchListener;Lcom/mathworks/widgets/tokenmatch/TokenMatchPopup$Language;)V+380
j  com.mathworks.widgets.text.MWCaret$DelimiterMatchingImpl.startTimerAndShowPopupIfNecessary(Ljavax/swing/text/JTextComponent;[IZILcom/mathworks/widgets/tokenmatch/TokenMatchPopup$TokenMatchListener;Lcom/mathworks/widgets/tokenmatch/TokenMatchPopup$Language;)V+12
j  com.mathworks.widgets.text.MWCaret.doTokenMatchPopup([IZI)V+59
j  com.mathworks.widgets.text.MWCaret.drawNewMarks(ZZ[II)V+76
J  com.mathworks.widgets.text.MWCaret.updateMatchBrace(ZI)V
J  com.mathworks.widgets.text.MWKit.doBraceMatch(Ljavax/swing/text/JTextComponent;Z)V
J  com.mathworks.widgets.text.MWKit.access$300(Ljavax/swing/text/JTextComponent;Z)V
v  ~RuntimeStub::alignment_frame_return Runtime1 stub
j  com.mathworks.widgets.text.MWKit$MWBackwardAction.actionPerformed(Ljava/awt/event/ActionEvent;Ljavax/swing/text/JTextComponent;)V+8
J  org.netbeans.editor.BaseAction.actionPerformed(Ljava/awt/event/ActionEvent;)V
j  javax.swing.SwingUtilities.notifyAction(Ljavax/swing/Action;Ljavax/swing/KeyStroke;Ljava/awt/event/KeyEvent;Ljava/lang/Object;I)Z+132
J  javax.swing.JComponent.processKeyBinding(Ljavax/swing/KeyStroke;Ljava/awt/event/KeyEvent;IZ)Z
J  javax.swing.JComponent.processKeyBindings(Ljava/awt/event/KeyEvent;Z)Z
J  javax.swing.JComponent.processKeyEvent(Ljava/awt/event/KeyEvent;)V
J  com.mathworks.widgets.SyntaxTextPaneBase.processKeyEvent(Ljava/awt/event/KeyEvent;)V
J  java.awt.Component.processEvent(Ljava/awt/AWTEvent;)V
J  java.awt.Container.processEvent(Ljava/awt/AWTEvent;)V
J  java.awt.Component.dispatchEventImpl(Ljava/awt/AWTEvent;)V
J  java.awt.Container.dispatchEventImpl(Ljava/awt/AWTEvent;)V
J  java.awt.DefaultKeyboardFocusManager.dispatchKeyEvent(Ljava/awt/event/KeyEvent;)Z
J  java.awt.DefaultKeyboardFocusManager.preDispatchKeyEvent(Ljava/awt/event/KeyEvent;)Z
J  java.awt.DefaultKeyboardFocusManager.typeAheadAssertions(Ljava/awt/Component;Ljava/awt/AWTEvent;)Z
J  java.awt.DefaultKeyboardFocusManager.dispatchEvent(Ljava/awt/AWTEvent;)Z
J  java.awt.Component.dispatchEventImpl(Ljava/awt/AWTEvent;)V
J  java.awt.Container.dispatchEventImpl(Ljava/awt/AWTEvent;)V
J  java.awt.Window.dispatchEventImpl(Ljava/awt/AWTEvent;)V
J  java.awt.EventQueue.dispatchEvent(Ljava/awt/AWTEvent;)V
J  java.awt.EventDispatchThread.pumpOneEventForHierarchy(ILjava/awt/Component;)Z
J  java.awt.EventDispatchThread.pumpEventsForHierarchy(ILjava/awt/Conditional;Ljava/awt/Component;)V
v  ~OSRAdapter
j  java.awt.EventDispatchThread.pumpEvents(ILjava/awt/Conditional;)V+4
j  java.awt.EventDispatchThread.pumpEvents(Ljava/awt/Conditional;)V+3
j  java.awt.EventDispatchThread.run()V+9
v  ~StubRoutines::call_stub
V  [jvm.dll+0x86401]
V  [jvm.dll+0xdb172]
V  [jvm.dll+0x862d2]
V  [jvm.dll+0x8602f]
V  [jvm.dll+0xa0bcb]
V  [jvm.dll+0x10bdad]
V  [jvm.dll+0x10bd7b]
C  [msvcrt.dll+0x262b6]
C  [msvcrt.dll+0x263de]
C  [kernel32.dll+0x43833]
C  [ntdll.dll+0x3a9bd]

Java frames: (J=compiled Java code, j=interpreted, Vv=VM code)
j  sun.awt.Win32GraphicsConfig.getBounds(I)Ljava/awt/Rectangle;+0
j  sun.awt.Win32GraphicsConfig.getBounds()Ljava/awt/Rectangle;+8
j  com.mathworks.mwswing.MJUtilities.getVirtualScreenBounds()Ljava/awt/Rectangle;+72
j  com.mathworks.widgets.tokenmatch.TokenMatchPopup.outOfScreenBounds(Ljava/awt/Rectangle;ZZ)Z+0
j  com.mathworks.widgets.tokenmatch.TokenMatchPopup.startTimerAndShowPopupIfNecessary(Ljavax/swing/text/JTextComponent;[IZILcom/mathworks/widgets/tokenmatch/TokenMatchPopup$TokenMatchListener;Lcom/mathworks/widgets/tokenmatch/TokenMatchPopup$Language;)V+380
j  com.mathworks.widgets.text.MWCaret$DelimiterMatchingImpl.startTimerAndShowPopupIfNecessary(Ljavax/swing/text/JTextComponent;[IZILcom/mathworks/widgets/tokenmatch/TokenMatchPopup$TokenMatchListener;Lcom/mathworks/widgets/tokenmatch/TokenMatchPopup$Language;)V+12
j  com.mathworks.widgets.text.MWCaret.doTokenMatchPopup([IZI)V+59
j  com.mathworks.widgets.text.MWCaret.drawNewMarks(ZZ[II)V+76
J  com.mathworks.widgets.text.MWCaret.updateMatchBrace(ZI)V
J  com.mathworks.widgets.text.MWKit.doBraceMatch(Ljavax/swing/text/JTextComponent;Z)V
J  com.mathworks.widgets.text.MWKit.access$300(Ljavax/swing/text/JTextComponent;Z)V
v  ~RuntimeStub::alignment_frame_return Runtime1 stub
j  com.mathworks.widgets.text.MWKit$MWBackwardAction.actionPerformed(Ljava/awt/event/ActionEvent;Ljavax/swing/text/JTextComponent;)V+8
J  org.netbeans.editor.BaseAction.actionPerformed(Ljava/awt/event/ActionEvent;)V
j  javax.swing.SwingUtilities.notifyAction(Ljavax/swing/Action;Ljavax/swing/KeyStroke;Ljava/awt/event/KeyEvent;Ljava/lang/Object;I)Z+132
J  javax.swing.JComponent.processKeyBinding(Ljavax/swing/KeyStroke;Ljava/awt/event/KeyEvent;IZ)Z
J  javax.swing.JComponent.processKeyBindings(Ljava/awt/event/KeyEvent;Z)Z
J  javax.swing.JComponent.processKeyEvent(Ljava/awt/event/KeyEvent;)V
J  com.mathworks.widgets.SyntaxTextPaneBase.processKeyEvent(Ljava/awt/event/KeyEvent;)V
J  java.awt.Component.processEvent(Ljava/awt/AWTEvent;)V
J  java.awt.Container.processEvent(Ljava/awt/AWTEvent;)V
J  java.awt.Component.dispatchEventImpl(Ljava/awt/AWTEvent;)V
J  java.awt.Container.dispatchEventImpl(Ljava/awt/AWTEvent;)V
J  java.awt.DefaultKeyboardFocusManager.dispatchKeyEvent(Ljava/awt/event/KeyEvent;)Z
J  java.awt.DefaultKeyboardFocusManager.preDispatchKeyEvent(Ljava/awt/event/KeyEvent;)Z
J  java.awt.DefaultKeyboardFocusManager.typeAheadAssertions(Ljava/awt/Component;Ljava/awt/AWTEvent;)Z
J  java.awt.DefaultKeyboardFocusManager.dispatchEvent(Ljava/awt/AWTEvent;)Z
J  java.awt.Component.dispatchEventImpl(Ljava/awt/AWTEvent;)V
J  java.awt.Container.dispatchEventImpl(Ljava/awt/AWTEvent;)V
J  java.awt.Window.dispatchEventImpl(Ljava/awt/AWTEvent;)V
J  java.awt.EventQueue.dispatchEvent(Ljava/awt/AWTEvent;)V
J  java.awt.EventDispatchThread.pumpOneEventForHierarchy(ILjava/awt/Component;)Z
J  java.awt.EventDispatchThread.pumpEventsForHierarchy(ILjava/awt/Conditional;Ljava/awt/Component;)V
v  ~OSRAdapter
j  java.awt.EventDispatchThread.pumpEvents(ILjava/awt/Conditional;)V+4
j  java.awt.EventDispatchThread.pumpEvents(Ljava/awt/Conditional;)V+3
j  java.awt.EventDispatchThread.run()V+9
v  ~StubRoutines::call_stub

---------------  P R O C E S S  ---------------

Java Threads: ( => current thread )
  0x0f9efdb8 JavaThread "Thread-114" [_thread_blocked, id=8280]
  0x0f9f03d8 JavaThread "Thread-113" [_thread_blocked, id=6824]
  0x0f9f0870 JavaThread "Thread-110" [_thread_blocked, id=8964]
  0x0f9f09f8 JavaThread "Thread-109" [_thread_blocked, id=7700]
  0x0f9f06e8 JavaThread "Thread-108" [_thread_blocked, id=9312]
  0x0f9f11a0 JavaThread "Timer-8" [_thread_in_Java, id=9508]
  0x0f9f1638 JavaThread "Thread-106" [_thread_blocked, id=8624]
  0x0f9f1018 JavaThread "Thread-105" [_thread_blocked, id=5144]
  0x0f7feaf8 JavaThread "Thread-79" [_thread_blocked, id=4124]
  0x0f7fe660 JavaThread "Thread-78" [_thread_blocked, id=4192]
  0x0f7fec80 JavaThread "Thread-71" [_thread_blocked, id=4204]
  0x0f4cde20 JavaThread "Thread-68" [_thread_blocked, id=2308]
  0x0f4ce440 JavaThread "Thread-65" [_thread_blocked, id=6024]
  0x0f7fe7e8 JavaThread "Prefs Updater" [_thread_blocked, id=5864]
  0x0f6219b0 JavaThread "Thread-53" [_thread_blocked, id=4980]
  0x0f4cf6a0 JavaThread "Thread-52" [_thread_blocked, id=4564]
  0x0f4ced70 JavaThread "Thread-36" [_thread_in_native, id=3960]
  0x0f4cebe8 JavaThread "Thread-31" [_thread_blocked, id=1164]
  0x0f4cea60 JavaThread "Thread-30" [_thread_blocked, id=2212]
  0x0f4ce750 JavaThread "Thread-28" [_thread_blocked, id=3312]
  0x0f4ce5c8 JavaThread "Thread-27" [_thread_blocked, id=1160]
  0x03150c78 JavaThread "Thread-6" [_thread_blocked, id=364]
  0x031507e0 JavaThread "Thread-5" [_thread_blocked, id=1184]
  0x03150658 JavaThread "Active Reference Queue Daemon" daemon [_thread_blocked, id=2956]
  0x031504d0 JavaThread "Timer-2" daemon [_thread_blocked, id=3692]
  0x03150348 JavaThread "Timer-1" daemon [_thread_blocked, id=3140]
  0x03150038 JavaThread "TimerQueue" daemon [_thread_blocked, id=3708]
=>0x0314f890 JavaThread "AWT-EventQueue-0" [_thread_in_native, id=3984]
  0x0314f708 JavaThread "Java2D Disposer" daemon [_thread_blocked, id=2368]
  0x0314f580 JavaThread "AWT-Windows" daemon [_thread_in_native, id=1052]
  0x0314f3f8 JavaThread "AWT-Shutdown" [_thread_blocked, id=3600]
  0x0314f270 JavaThread "Timer-0" [_thread_blocked, id=2748]
  0x0314f0e8 JavaThread "Low Memory Detector" daemon [_thread_blocked, id=476]
  0x03151b88 JavaThread "CompilerThread0" daemon [_thread_blocked, id=852]
  0x0314ef60 JavaThread "Signal Dispatcher" daemon [_thread_blocked, id=2428]
  0x03144118 JavaThread "Finalizer" daemon [_thread_blocked, id=1044]
  0x03142b08 JavaThread "Reference Handler" daemon [_thread_blocked, id=2296]
  0x0177fc40 JavaThread "main" [_thread_in_native, id=3436]

Other Threads:
  0x0313e3a8 VMThread [id=4016]
  0x03151798 WatcherThread [id=3584]

VM state:not at safepoint (normal execution)

VM Mutex/Monitor currently owned by a thread: None

Heap
 def new generation   total 15936K, used 14753K [0x06e00000, 0x07f40000, 0x08600000)
  eden space 14208K,  91% used [0x06e00000, 0x07ac6048, 0x07be0000)
  from space 1728K,  97% used [0x07d90000, 0x07f36948, 0x07f40000)
  to   space 1728K,   0% used [0x07be0000, 0x07be0000, 0x07d90000)
 tenured generation   total 52512K, used 37806K [0x08600000, 0x0b948000, 0x0ce00000)
   the space 52512K,  71% used [0x08600000, 0x0aaebad8, 0x0aaebc00, 0x0b948000)
 compacting perm gen  total 32768K, used 24889K [0x0ce00000, 0x0ee00000, 0x0ee00000)
   the space 32768K,  75% used [0x0ce00000, 0x0e64e6f0, 0x0e64e800, 0x0ee00000)
No shared spaces configured.

Dynamic libraries:
0x00400000 - 0x004ee000 	C:\Program Files\MATLAB\R2007a\bin\win32\MATLAB.exe
0x77c80000 - 0x77d9e000 	C:\Windows\system32\ntdll.dll
0x77640000 - 0x77718000 	C:\Windows\system32\kernel32.dll
0x78e80000 - 0x79088000 	C:\Program Files\MATLAB\R2007a\bin\win32\libmwservices.dll
0x77a80000 - 0x77b1e000 	C:\Windows\system32\USER32.dll
0x76540000 - 0x7658b000 	C:\Windows\system32\GDI32.dll
0x777b0000 - 0x7786f000 	C:\Windows\system32\ADVAPI32.dll
0x77b20000 - 0x77be3000 	C:\Windows\system32\RPCRT4.dll
0x77a00000 - 0x77a74000 	C:\Windows\system32\comdlg32.dll
0x77280000 - 0x7732a000 	C:\Windows\system32\msvcrt.dll
0x771b0000 - 0x77205000 	C:\Windows\system32\SHLWAPI.dll
0x73a20000 - 0x73aa6000 	C:\Windows\WinSxS\x86_microsoft.windows.common-controls_6595b64144ccf1df_5.82.6000.16386_none_87e0cb09378714f1\COMCTL32.dll
0x76610000 - 0x770de000 	C:\Windows\system32\SHELL32.dll
0x78530000 - 0x7857c000 	C:\Program Files\MATLAB\R2007a\bin\win32\libmx.dll
0x78200000 - 0x78298000 	C:\Program Files\MATLAB\R2007a\bin\win32\icuuc32.dll
0x10000000 - 0x10006000 	C:\Program Files\MATLAB\R2007a\bin\win32\icudt32.dll
0x70f00000 - 0x70f9b000 	C:\Windows\WinSxS\x86_microsoft.vc80.crt_1fc8b3b9a1e18e3b_8.0.50727.312_none_10b2ee7b9bffc2c7\MSVCR80.dll
0x78460000 - 0x7846e000 	C:\Program Files\MATLAB\R2007a\bin\win32\libz.dll
0x78470000 - 0x7852e000 	C:\Program Files\MATLAB\R2007a\bin\win32\libut.dll
0x78100000 - 0x781b5000 	C:\Program Files\MATLAB\R2007a\bin\win32\icuin32.dll
0x781c0000 - 0x781cc000 	C:\Program Files\MATLAB\R2007a\bin\win32\icuio32.dll
0x702f0000 - 0x70377000 	C:\Windows\WinSxS\x86_microsoft.vc80.crt_1fc8b3b9a1e18e3b_8.0.50727.312_none_10b2ee7b9bffc2c7\MSVCP80.dll
0x77db0000 - 0x77dd9000 	C:\Windows\system32\imagehlp.dll
0x79730000 - 0x79789000 	C:\Program Files\MATLAB\R2007a\bin\win32\libmwmathutil.dll
0x785b0000 - 0x785c8000 	C:\Program Files\MATLAB\R2007a\bin\win32\mpath.dll
0x761d0000 - 0x7623a000 	C:\Windows\system32\NETAPI32.dll
0x76530000 - 0x76537000 	C:\Windows\system32\PSAPI.DLL
0x77480000 - 0x774ad000 	C:\Windows\system32\WS2_32.dll
0x77da0000 - 0x77da6000 	C:\Windows\system32\NSI.dll
0x79540000 - 0x79575000 	C:\Program Files\MATLAB\R2007a\bin\win32\mcr.dll
0x77330000 - 0x77474000 	C:\Windows\system32\ole32.dll
0x78580000 - 0x78590000 	C:\Program Files\MATLAB\R2007a\bin\win32\libmex.dll
0x78750000 - 0x7879d000 	C:\Program Files\MATLAB\R2007a\bin\win32\m_dispatcher.dll
0x782a0000 - 0x7845b000 	C:\Program Files\MATLAB\R2007a\bin\win32\xerces-c_2_6.dll
0x78e60000 - 0x78e7c000 	C:\Program Files\MATLAB\R2007a\bin\win32\datasvcs.dll
0x79290000 - 0x79353000 	C:\Program Files\MATLAB\R2007a\bin\win32\libmwgui.dll
0x786c0000 - 0x78749000 	C:\Program Files\MATLAB\R2007a\bin\win32\udd.dll
0x785d0000 - 0x786b5000 	C:\Program Files\MATLAB\R2007a\bin\win32\mcos.dll
0x787a0000 - 0x78c01000 	C:\Program Files\MATLAB\R2007a\bin\win32\m_interpreter.dll
0x79790000 - 0x79799000 	C:\Program Files\MATLAB\R2007a\bin\win32\libmwmathrng.dll
0x78e20000 - 0x78e31000 	C:\Program Files\MATLAB\R2007a\bin\win32\m_pcodeio.dll
0x00280000 - 0x0028a000 	C:\Program Files\MATLAB\R2007a\bin\win32\mtok.dll
0x78c10000 - 0x78db7000 	C:\Program Files\MATLAB\R2007a\bin\win32\m_parser.dll
0x78dc0000 - 0x78df1000 	C:\Program Files\MATLAB\R2007a\bin\win32\m_ir.dll
0x78e40000 - 0x78e4c000 	C:\Program Files\MATLAB\R2007a\bin\win32\ir_xfmr.dll
0x002d0000 - 0x00300000 	C:\Program Files\MATLAB\R2007a\bin\win32\profiler.dll
0x78590000 - 0x785ac000 	C:\Program Files\MATLAB\R2007a\bin\win32\libmat.dll
0x00320000 - 0x003e8000 	C:\Program Files\MATLAB\R2007a\bin\win32\libhdf5.dll
0x78e00000 - 0x78e15000 	C:\Program Files\MATLAB\R2007a\bin\win32\m_pcodegen.dll
0x7a020000 - 0x7a038000 	C:\Program Files\MATLAB\R2007a\bin\win32\bridge.dll
0x01400000 - 0x0140f000 	C:\Program Files\MATLAB\R2007a\bin\win32\iqm.dll
0x79f80000 - 0x79fca000 	C:\Program Files\MATLAB\R2007a\bin\win32\comcli.dll
0x77720000 - 0x777ac000 	C:\Windows\system32\OLEAUT32.dll
0x79f40000 - 0x79f77000 	C:\Program Files\MATLAB\R2007a\bin\win32\jmi.dll
0x740c0000 - 0x740c7000 	C:\Windows\system32\WSOCK32.dll
0x791b0000 - 0x79231000 	C:\Program Files\MATLAB\R2007a\bin\win32\uiw.dll
0x79240000 - 0x79273000 	C:\Program Files\MATLAB\R2007a\bin\win32\libuij.dll
0x79510000 - 0x7953c000 	C:\Program Files\MATLAB\R2007a\bin\win32\libmwhardcopy.dll
0x79280000 - 0x79289000 	C:\Program Files\MATLAB\R2007a\bin\win32\uinone.dll
0x01480000 - 0x0158d000 	C:\Windows\WinSxS\x86_microsoft.vc80.mfc_1fc8b3b9a1e18e3b_8.0.50727.163_none_0c187ef99ee1d25a\MFC80.DLL
0x71490000 - 0x714d1000 	C:\Windows\system32\WINSPOOL.DRV
0x7c630000 - 0x7c64b000 	C:\Windows\WinSxS\x86_microsoft.vc80.atl_1fc8b3b9a1e18e3b_8.0.50727.42_none_dc990e4797f81af1\ATL80.DLL
0x79ec0000 - 0x79ed4000 	C:\Program Files\MATLAB\R2007a\bin\win32\mwoles05.DLL
0x79ee0000 - 0x79f3b000 	C:\Program Files\MATLAB\R2007a\bin\win32\udd_mi.dll
0x79fd0000 - 0x79fdb000 	C:\Program Files\MATLAB\R2007a\bin\win32\mlautoregister.dll
0x79360000 - 0x794c3000 	C:\Program Files\MATLAB\R2007a\bin\win32\hg.dll
0x79580000 - 0x79725000 	C:\Program Files\MATLAB\R2007a\bin\win32\numerics.dll
0x79dd0000 - 0x79dd7000 	C:\Program Files\MATLAB\R2007a\bin\win32\libmwamd.dll
0x79de0000 - 0x79e38000 	C:\Program Files\MATLAB\R2007a\bin\win32\libmwcholmod.dll
0x79e40000 - 0x79e47000 	C:\Program Files\MATLAB\R2007a\bin\win32\libmwcolamd.dll
0x797a0000 - 0x797c3000 	C:\Program Files\MATLAB\R2007a\bin\win32\libmwlapack.dll
0x79810000 - 0x79897000 	C:\Program Files\MATLAB\R2007a\bin\win32\libfftw3.dll
0x798a0000 - 0x7993b000 	C:\Program Files\MATLAB\R2007a\bin\win32\libfftw3f.dll
0x79e50000 - 0x79ebc000 	C:\Program Files\MATLAB\R2007a\bin\win32\libmwumfpack.dll
0x77210000 - 0x7722e000 	C:\Windows\system32\IMM32.DLL
0x770e0000 - 0x771a7000 	C:\Windows\system32\MSCTF.dll
0x774b0000 - 0x774b9000 	C:\Windows\system32\LPK.DLL
0x76590000 - 0x7660d000 	C:\Windows\system32\USP10.dll
0x763a0000 - 0x763c1000 	C:\Windows\system32\NTMARTA.DLL
0x77230000 - 0x77279000 	C:\Windows\system32\WLDAP32.dll
0x76380000 - 0x76391000 	C:\Windows\system32\SAMLIB.dll
0x752d0000 - 0x75464000 	C:\Windows\WinSxS\x86_microsoft.windows.common-controls_6595b64144ccf1df_6.0.6000.16386_none_5d07289e07e1d100\comctl32.dll
0x5d360000 - 0x5d36e000 	C:\Windows\WinSxS\x86_microsoft.vc80.mfcloc_1fc8b3b9a1e18e3b_8.0.50727.42_none_0e9c2a8d74fd3ce6\MFC80ENU.DLL
0x7bdf0000 - 0x7be25000 	C:\Program Files\MATLAB\R2007a\bin\win32\libguide40.dll
0x797d0000 - 0x797f8000 	C:\Program Files\MATLAB\R2007a\bin\win32\mkl.dll
0x79800000 - 0x79805000 	C:\Program Files\MATLAB\R2007a\bin\win32\mklcompat.dll
0x79940000 - 0x79dc3000 	C:\Program Files\MATLAB\R2007a\bin\win32\mllapack.dll
0x02a60000 - 0x02b0a000 	C:\Program Files\MATLAB\R2007a\bin\win32\libifcoremd.dll
0x02c50000 - 0x02e80000 	C:\Program Files\MATLAB\R2007a\bin\win32\libmmd.dll
0x756c0000 - 0x756ff000 	C:\Windows\system32\uxtheme.dll
0x73ab0000 - 0x73b10000 	C:\Program Files\Common Files\microsoft shared\ink\tiptsf.dll
0x75d30000 - 0x75d38000 	C:\Windows\system32\version.dll
0x74e80000 - 0x74e83000 	C:\Windows\system32\icmp.Dll
0x75be0000 - 0x75bf9000 	C:\Windows\system32\iphlpapi.dll
0x75b60000 - 0x75b95000 	C:\Windows\system32\dhcpcsvc.DLL
0x75e00000 - 0x75e2b000 	C:\Windows\system32\DNSAPI.dll
0x763d0000 - 0x763e4000 	C:\Windows\system32\Secur32.dll
0x75b50000 - 0x75b57000 	C:\Windows\system32\WINNSI.DLL
0x75b30000 - 0x75b50000 	C:\Windows\system32\dhcpcsvc6.DLL
0x6d6c0000 - 0x6d857000 	C:\Program Files\MATLAB\R2007a\sys\java\jre\win32\jre1.5.0_07\bin\client\jvm.dll
0x74ce0000 - 0x74d13000 	C:\Windows\system32\WINMM.dll
0x74ca0000 - 0x74cd8000 	C:\Windows\system32\OLEACC.dll
0x76320000 - 0x7634c000 	C:\Windows\system32\apphelp.dll
0x6d280000 - 0x6d288000 	C:\Program Files\MATLAB\R2007a\sys\java\jre\win32\jre1.5.0_07\bin\hpi.dll
0x6d690000 - 0x6d69c000 	C:\Program Files\MATLAB\R2007a\sys\java\jre\win32\jre1.5.0_07\bin\verify.dll
0x6d300000 - 0x6d31d000 	C:\Program Files\MATLAB\R2007a\sys\java\jre\win32\jre1.5.0_07\bin\java.dll
0x6d6b0000 - 0x6d6bf000 	C:\Program Files\MATLAB\R2007a\sys\java\jre\win32\jre1.5.0_07\bin\zip.dll
0x7b330000 - 0x7b342000 	C:\Program Files\MATLAB\R2007a\bin\win32\nativejava.dll
0x03290000 - 0x032a3000 	C:\Program Files\MATLAB\R2007a\bin\win32\nativejmi.dll
0x02f50000 - 0x02f56000 	C:\Program Files\MATLAB\R2007a\bin\win32\nativeservices.dll
0x6d000000 - 0x6d167000 	C:\Program Files\MATLAB\R2007a\sys\java\jre\win32\jre1.5.0_07\bin\awt.dll
0x6d240000 - 0x6d27f000 	C:\Program Files\MATLAB\R2007a\sys\java\jre\win32\jre1.5.0_07\bin\fontmanager.dll
0x6d4c0000 - 0x6d4d3000 	C:\Program Files\MATLAB\R2007a\sys\java\jre\win32\jre1.5.0_07\bin\net.dll
0x75cc0000 - 0x75cfb000 	C:\Windows\system32\mswsock.dll
0x75d20000 - 0x75d26000 	C:\Windows\System32\wship6.dll
0x6d4e0000 - 0x6d4e9000 	C:\Program Files\MATLAB\R2007a\sys\java\jre\win32\jre1.5.0_07\bin\nio.dll
0x032d0000 - 0x032dc000 	C:\Program Files\MATLAB\R2007a\bin\win32\nativecmdwin.dll
0x04ac0000 - 0x04ac7000 	C:\Program Files\MATLAB\R2007a\bin\win32\nativemlint.dll
0x04ae0000 - 0x04b14000 	C:\Program Files\MATLAB\R2007a\bin\win32\mlint.dll
0x7b350000 - 0x7b356000 	C:\Program Files\MATLAB\R2007a\bin\win32\nativelex.dll
0x77bf0000 - 0x77c74000 	C:\Windows\system32\CLBCatQ.DLL
0x70220000 - 0x702d5000 	C:\Windows\system32\spool\DRIVERS\W32X86\3\PS5UI.DLL
0x70aa0000 - 0x70aaf000 	C:\Program Files\Windows Journal\NBMapTIP.dll
0x70810000 - 0x7092f000 	C:\Windows\system32\MFC42u.dll
0x77df0000 - 0x77ebf000 	C:\Windows\system32\WININET.dll
0x77de0000 - 0x77de3000 	C:\Windows\system32\Normaliz.dll
0x775f0000 - 0x77635000 	C:\Windows\system32\iertutil.dll
0x730e0000 - 0x73145000 	C:\Windows\system32\ODBC32.dll

VM Arguments:
jvm_args: -Xss512k -XX:PermSize=32M -Xms64m -XX:NewRatio=3 -XX:MaxPermSize=32M -Xmx96m -Dsun.java2d.noddraw=true -Dsun.awt.nopixfmt=true -Xshare:off -Djava.library.path=C:\Program Files\MATLAB\R2007a\bin\win32 vfprintf abort
java_command: <unknown>
Launcher Type: generic

Environment Variables:
PATH=C:\Program Files\MATLAB\R2007a\sys\java\jre\win32\jre1.5.0_07\bin;C:\Program Files\MATLAB\R2007a\sys\webrenderer\windows\corecomponents;C:\Program Files\MATLAB\R2007a\sys\webrenderer\windows;c:\program files\miktex 2.6\miktex\bin;C:\Windows\system32;C:\Windows;C:\Windows\system32\wbem;C:\Program Files\MATLAB\R2007a\bin;C:\Program Files\MATLAB\R2007a\bin\win32;;C:\Program Files\WinSCP\;C:\Program Files\Common Files\Adobe\AGL
USERNAME=joshuav
OS=Windows_NT
PROCESSOR_IDENTIFIER=x86 Family 6 Model 14 Stepping 8, GenuineIntel



---------------  S Y S T E M  ---------------

OS: Windows NT 6.0 Build 6000 

CPU:total 2 family 6, cmov, cx8, fxsr, mmx, sse, sse2, ht

Memory: 4k page, physical 2086144k(779456k free), swap 4194303k(1942016k free)

vm_info: Java HotSpot(TM) Client VM (1.5.0_07-b03) for windows-x86, built on May  3 2006 01:04:38 by "java_re" with MS VC++ 6.0

