This is pdfTeX, Version 3.141592-1.40.3 (Web2C 7.5.6) (format=pdflatex 2008.3.24)  14 APR 2009 14:34
entering extended mode
**GOOPSI_main_v1_0.tex
(./GOOPSI_main_v1_0.tex
LaTeX2e <2005/12/01>
Babel <v3.8h> and hyphenation patterns for english, usenglishmax, dumylang, noh
yphenation, arabic, basque, bulgarian, coptic, welsh, czech, slovak, german, ng
erman, danish, esperanto, spanish, catalan, galician, estonian, farsi, finnish,
 french, greek, monogreek, ancientgreek, croatian, hungarian, interlingua, ibyc
us, indonesian, icelandic, italian, latin, mongolian, dutch, norsk, polish, por
tuguese, pinyin, romanian, russian, slovenian, uppersorbian, serbian, swedish, 
turkish, ukenglish, ukrainian, loaded.
(/opt/local/share/texmf-dist/tex/latex/base/article.cls
Document Class: article 2005/09/16 v1.4f Standard LaTeX document class
(/opt/local/share/texmf-dist/tex/latex/base/size10.clo
File: size10.clo 2005/09/16 v1.4f Standard LaTeX file (size option)
)
\c@part=\count79
\c@section=\count80
\c@subsection=\count81
\c@subsubsection=\count82
\c@paragraph=\count83
\c@subparagraph=\count84
\c@figure=\count85
\c@table=\count86
\abovecaptionskip=\skip41
\belowcaptionskip=\skip42
\bibindent=\dimen102
)
(/opt/local/share/texmf-dist/tex/latex/graphics/graphicx.sty
Package: graphicx 1999/02/16 v1.0f Enhanced LaTeX Graphics (DPC,SPQR)

(/opt/local/share/texmf-dist/tex/latex/graphics/keyval.sty
Package: keyval 1999/03/16 v1.13 key=value parser (DPC)
\KV@toks@=\toks14
)
(/opt/local/share/texmf-dist/tex/latex/graphics/graphics.sty
Package: graphics 2006/02/20 v1.0o Standard LaTeX Graphics (DPC,SPQR)

(/opt/local/share/texmf-dist/tex/latex/graphics/trig.sty
Package: trig 1999/03/16 v1.09 sin cos tan (DPC)
)
(/opt/local/share/texmf/tex/latex/config/graphics.cfg
File: graphics.cfg 2007/01/18 v1.5 graphics configuration of teTeX/TeXLive
)
Package graphics Info: Driver file: pdftex.def on input line 90.

(/opt/local/share/texmf-dist/tex/latex/pdftex-def/pdftex.def
File: pdftex.def 2007/01/08 v0.04d Graphics/color for pdfTeX
\Gread@gobject=\count87
))
\Gin@req@height=\dimen103
\Gin@req@width=\dimen104
)
(/opt/local/share/texmf-dist/tex/latex/graphics/color.sty
Package: color 2005/11/14 v1.0j Standard LaTeX Color (DPC)

(/opt/local/share/texmf/tex/latex/config/color.cfg
File: color.cfg 2007/01/18 v1.5 color configuration of teTeX/TeXLive
)
Package color Info: Driver file: pdftex.def on input line 130.
) (./GOOPSI_main_v1_0.aux)
\openout1 = `GOOPSI_main_v1_0.aux'.

LaTeX Font Info:    Checking defaults for OML/cmm/m/it on input line 13.
LaTeX Font Info:    ... okay on input line 13.
LaTeX Font Info:    Checking defaults for T1/cmr/m/n on input line 13.
LaTeX Font Info:    ... okay on input line 13.
LaTeX Font Info:    Checking defaults for OT1/cmr/m/n on input line 13.
LaTeX Font Info:    ... okay on input line 13.
LaTeX Font Info:    Checking defaults for OMS/cmsy/m/n on input line 13.
LaTeX Font Info:    ... okay on input line 13.
LaTeX Font Info:    Checking defaults for OMX/cmex/m/n on input line 13.
LaTeX Font Info:    ... okay on input line 13.
LaTeX Font Info:    Checking defaults for U/cmr/m/n on input line 13.
LaTeX Font Info:    ... okay on input line 13.

(/opt/local/share/texmf-dist/tex/context/base/supp-pdf.tex
[Loading MPS to PDF converter (version 2006.09.02).]
\scratchcounter=\count88
\scratchdimen=\dimen105
\scratchbox=\box26
\nofMPsegments=\count89
\nofMParguments=\count90
\MPscratchCnt=\count91
\MPscratchDim=\dimen106
\MPnumerator=\count92
\everyMPtoPDFconversion=\toks15
)
LaTeX Font Info:    Try loading font information for OMS+cmr on input line 21.
 (/opt/local/share/texmf-dist/tex/latex/base/omscmr.fd
File: omscmr.fd 1999/05/25 v2.5h Standard LaTeX font definitions
)
LaTeX Font Info:    Font shape `OMS/cmr/m/n' in size <10> not available
(Font)              Font shape `OMS/cmsy/m/n' tried instead on input line 21.

Overfull \hbox (111.74602pt too wide) in paragraph at lines 53--53
[]\OT1/cmtt/m/n/10 % this function runs the SMC-EM on a fluorescence time-serie
s, and outputs the inferred[] 
 []


Overfull \hbox (127.49588pt too wide) in paragraph at lines 53--53
[]\OT1/cmtt/m/n/10 % M_best:   structure containing mean, variance, and percent
iles of inferred distributions[] 
 []


Overfull \hbox (48.74657pt too wide) in paragraph at lines 53--53
[]\OT1/cmtt/m/n/10 P.lik       = -inf;         % we are trying to maximize the 
likelihood here[] 
 []


Overfull \hbox (64.49643pt too wide) in paragraph at lines 53--53
[]\OT1/cmtt/m/n/10 F           = max(F,eps);   % in case there are any zeros in
 the F time series[] 
 []


Overfull \hbox (85.49625pt too wide) in paragraph at lines 53--53
[]\OT1/cmtt/m/n/10 if Sim.Mstep==1 && (~isfield(Sim,'SuppressGraphics') || Sim.
SuppressGraphics == 0)[] 
 []


Overfull \hbox (132.74583pt too wide) in paragraph at lines 74--74
[]    \OT1/cmtt/m/n/10 %%%%%%%%%%%%%%%%%%%%%%%%%%%%%%%%%%%%%%%%%%%%%%%%%%%%%%%%
%%%%%%%%%%%%%%%%%%%%%%%%%%%%%%%[] 
 []

[1

{/opt/local/share/texmf/fonts/map/pdftex/updmap/pdftex.map}]
Overfull \hbox (132.74583pt too wide) in paragraph at lines 154--154
[]    \OT1/cmtt/m/n/10 %%%%%%%%%%%%%%%%%%%%%%%%%%%%%%%%%%%%%%%%%%%%%%%%%%%%%%%%
%%%%%%%%%%%%%%%%%%%%%%%%%%%%%%%[] 
 []


Overfull \hbox (53.99652pt too wide) in paragraph at lines 154--154
[]    \OT1/cmtt/m/n/10 Z.oney  = ones(Sim.N,1);                    % initialize
 stuff for speed[] 
 []


Overfull \hbox (305.99432pt too wide) in paragraph at lines 154--154
[]    \OT1/cmtt/m/n/10 if Sim.C_params==false                      % if not max
imizing the calcium parameters, then the backward step is simple[] 
 []


Overfull \hbox (164.24556pt too wide) in paragraph at lines 154--154
[]        \OT1/cmtt/m/n/10 for t=Sim.T-Sim.freq-1:-1:Sim.freq+1      % actually
 recurse backwards for each time step[] 
 []


Overfull \hbox (101.24611pt too wide) in paragraph at lines 154--154
[]            \OT1/cmtt/m/n/10 S.w_b(:,t-1) = Z.w_b;                   % update
 forward-backward weights[] 
 []


Overfull \hbox (90.7462pt too wide) in paragraph at lines 154--154
[]    \OT1/cmtt/m/n/10 else                                        % if maximiz
ing calcium parameters,[] 
 []


Overfull \hbox (127.49588pt too wide) in paragraph at lines 154--154
[]        \OT1/cmtt/m/n/10 M.Q = zeros(3);                           % the quad
ratic term for the calcium par[] 
 []


Overfull \hbox (111.74602pt too wide) in paragraph at lines 154--154
[]        \OT1/cmtt/m/n/10 M.L = zeros(3,1);                         % the line
ar term for the calcium par[] 
 []


Overfull \hbox (90.7462pt too wide) in paragraph at lines 154--154
[]        \OT1/cmtt/m/n/10 M.J = 0;                                  % remainin
g terms for calcium par[] 
 []


Overfull \hbox (22.4968pt too wide) in paragraph at lines 154--154
[]            \OT1/cmtt/m/n/10 M.Q(1,1)= M.Q(1,1) + sum(Z.PHH*(C0dt.^2));  % Q-
term in QP[] 
 []


Overfull \hbox (17.24684pt too wide) in paragraph at lines 154--154
[]            \OT1/cmtt/m/n/10 M.Q(1,3)= M.Q(1,3) + sum(sum(-Z.PHH.*Z.C0mat'*Si
m.dt^2));[] 
 []


Overfull \hbox (80.24629pt too wide) in paragraph at lines 154--154
[]            \OT1/cmtt/m/n/10 M.Q(2,3)= M.Q(2,3) + sum(sum(Z.PHH(:).*repmat(Z.
n1,Sim.N,1))*Sim.dt);[] 
 []


Overfull \hbox (22.4968pt too wide) in paragraph at lines 154--154
[]            \OT1/cmtt/m/n/10 M.L(1)  = M.L(1) + sum(bPHH*C0dt);          % L-
term in QP[] 
 []


Overfull \hbox (137.99579pt too wide) in paragraph at lines 154--154
[]            \OT1/cmtt/m/n/10 M.J     = M.J + sum(Z.PHH(:));              % J-
term in QP /sum J^(i,j)_{t,t-1}/[] 
 []


Overfull \hbox (211.49515pt too wide) in paragraph at lines 154--154
[]            \OT1/cmtt/m/n/10 M.K     = M.K + sum(Z.PHH(:).*bmat(:).^2);  % K-
term in QP /sum J^(i,j)_{t,t-1} (d^(i,j)_t)^2/[] 
 []

[2]
Overfull \hbox (22.4968pt too wide) in paragraph at lines 154--154
[]        \OT1/cmtt/m/n/10 M.Q(2,1) = M.Q(1,2);                            % sy
mmetrize Q[] 
 []


Overfull \hbox (32.9967pt too wide) in paragraph at lines 154--154
[]    \OT1/cmtt/m/n/10 if(isfield(Sim,'TrueSpk'))                  % force true
 spikes hack[] 
 []


Overfull \hbox (43.49661pt too wide) in paragraph at lines 154--154
[]    \OT1/cmtt/m/n/10 if(sum(S.n(:))==0 && cnt<10)                % means no s
pikes anywhere[] 
 []


Overfull \hbox (43.49661pt too wide) in paragraph at lines 154--154
[]        \OT1/cmtt/m/n/10 fprintf(['Failed to find any spikes, likely too high
 a P.A.\n',...[] 
 []


Overfull \hbox (74.99634pt too wide) in paragraph at lines 154--154
[]        \OT1/cmtt/m/n/10 error('There are no spikes in the data. Wrong initia
lization? [Fatal]');[] 
 []


Overfull \hbox (132.74583pt too wide) in paragraph at lines 183--183
[]    \OT1/cmtt/m/n/10 %%%%%%%%%%%%%%%%%%%%%%%%%%%%%%%%%%%%%%%%%%%%%%%%%%%%%%%%
%%%%%%%%%%%%%%%%%%%%%%%%%%%%%%%[] 
 []

[3]
Overfull \hbox (132.74583pt too wide) in paragraph at lines 261--261
[]    \OT1/cmtt/m/n/10 %%%%%%%%%%%%%%%%%%%%%%%%%%%%%%%%%%%%%%%%%%%%%%%%%%%%%%%%
%%%%%%%%%%%%%%%%%%%%%%%%%%%%%%%[] 
 []


Overfull \hbox (22.4968pt too wide) in paragraph at lines 261--261
[]        \OT1/cmtt/m/n/10 i    = i+1;                         % increase itera
tion of EM[] 
 []


Overfull \hbox (90.7462pt too wide) in paragraph at lines 261--261
[]        \OT1/cmtt/m/n/10 Eold = P;                           % store most rec
ent parameter structure[] 
 []


Overfull \hbox (64.49643pt too wide) in paragraph at lines 261--261
[]        \OT1/cmtt/m/n/10 fprintf('\n\nIteration #%g, lik=%g, dlik=%g\n',i,P.l
ik,P.lik-Eold.lik)[] 
 []


Overfull \hbox (32.9967pt too wide) in paragraph at lines 261--261
[]        \OT1/cmtt/m/n/10 if((isfield(P,'ignorelik') && P.ignorelik==1) || P.l
ik>= maxlik)[] 
 []


Overfull \hbox (11.99689pt too wide) in paragraph at lines 261--261
[]            \OT1/cmtt/m/n/10 E_best  = P;                    % update best pa
rameters[] 
 []


Overfull \hbox (11.99689pt too wide) in paragraph at lines 261--261
[]            \OT1/cmtt/m/n/10 maxlik  = P.lik;                % update best li
kelihood[] 
 []


Overfull \hbox (69.74638pt too wide) in paragraph at lines 261--261
[]            \OT1/cmtt/m/n/10 k       = i;                    % save iteration
 number of best one[] 
 []


Overfull \hbox (38.24666pt too wide) in paragraph at lines 261--261
[]            \OT1/cmtt/m/n/10 if(~isfield(Sim,'SuppressGraphics') || ~Sim.Supp
ressGraphics)[] 
 []


Overfull \hbox (48.74657pt too wide) in paragraph at lines 261--261
[]                \OT1/cmtt/m/n/10 subplot(nrows,1,4), cla,hold on,% plot spike
 train estimate[] 
 []


Overfull \hbox (80.24629pt too wide) in paragraph at lines 261--261
[]                        \OT1/cmtt/m/n/10 'MarkerSize',20,'LineWidth',2,'Color
',[.75 .75 .75]); end[] 
 []


Overfull \hbox (59.24648pt too wide) in paragraph at lines 261--261
[]                \OT1/cmtt/m/n/10 stem(BarVar,'Marker','none','LineWidth',2,'C
olor',[.8 .8 0]);[] 
 []


Overfull \hbox (48.74657pt too wide) in paragraph at lines 261--261
[]                \OT1/cmtt/m/n/10 stem(M.nbar,'Marker','none','LineWidth',2,'C
olor',[0 .5 0])[] 
 []


Overfull \hbox (59.24648pt too wide) in paragraph at lines 261--261
[]        \OT1/cmtt/m/n/10 % when estimating calcium parameters, display param 
estimates and lik[] 
 []


Overfull \hbox (158.9956pt too wide) in paragraph at lines 261--261
[]                \OT1/cmtt/m/n/10 [Eold.tau_c; Eold.A; Eold.C_0])/norm([Eold.t
au_c; Eold.A; Eold.C_0; P.sigma_c]);[] 
 []

[4]
Overfull \hbox (17.24684pt too wide) in paragraph at lines 261--261
[]        \OT1/cmtt/m/n/10 if(~isfield(Sim,'SuppressGraphics') || ~Sim.Suppress
Graphics)[] 
 []


Overfull \hbox (38.24666pt too wide) in paragraph at lines 261--261
[]            \OT1/cmtt/m/n/10 subplot(nrows,1,1), hold on, plot(i,P.lik,'o'), 
axis('tight')[] 
 []


Overfull \hbox (69.74638pt too wide) in paragraph at lines 261--261
[]            \OT1/cmtt/m/n/10 plot(P.alpha*Hill_v1(P,M.Cbar)+P.beta,'b'), hold
 off, axis('tight')[] 
 []


Overfull \hbox (48.74657pt too wide) in paragraph at lines 261--261
[]            \OT1/cmtt/m/n/10 subplot(nrows,1,3), cla, hold on,   % plot spike
 train estimate[] 
 []


Overfull \hbox (38.24666pt too wide) in paragraph at lines 261--261
[]                \OT1/cmtt/m/n/10 stem(Sim.n,'Marker','.','MarkerSize',20,'Lin
eWidth',2,...[] 
 []


Overfull \hbox (111.74602pt too wide) in paragraph at lines 261--261
[]                    \OT1/cmtt/m/n/10 'Color',[.75 .75 .75],'MarkerFaceColor',
'k','MarkerEdgeColor','k');[] 
 []


Overfull \hbox (38.24666pt too wide) in paragraph at lines 261--261
[]            \OT1/cmtt/m/n/10 stem(BarVar,'Marker','none','LineWidth',2,'Color
',[.8 .8 0]);[] 
 []


Overfull \hbox (27.74675pt too wide) in paragraph at lines 261--261
[]            \OT1/cmtt/m/n/10 stem(M.nbar,'Marker','none','LineWidth',2,'Color
',[0 .5 0])[] 
 []


Overfull \hbox (43.49661pt too wide) in paragraph at lines 261--261
[]        \OT1/cmtt/m/n/10 M_best  = M;                     % required for outp
ut of function[] 
 []

[5]
Overfull \hbox (64.49643pt too wide) in paragraph at lines 272--272
[]\OT1/cmtt/m/n/10 F           = max(F,eps);   % in case there are any zeros in
 the F time series[] 
 []

[6] (./GOOPSI_main_v1_0.aux) ) 
Here is how much of TeX's memory you used:
 910 strings out of 94073
 11577 string characters out of 1164797
 62986 words of memory out of 1500000
 4245 multiletter control sequences out of 10000+50000
 4413 words of font info for 17 fonts, out of 1200000 for 2000
 645 hyphenation exceptions out of 8191
 25i,5n,19p,211b,245s stack positions out of 5000i,500n,6000p,200000b,5000s
</opt/local/share/texmf-dist/fonts/type1/bluesky/
cm/cmbx12.pfb></opt/local/share/texmf-dist/fonts/type1/bluesky/cm/cmr10.pfb></o
pt/local/share/texmf-dist/fonts/type1/bluesky/cm/cmsy10.pfb></opt/local/share/t
exmf-dist/fonts/type1/bluesky/cm/cmtt10.pfb>
Output written on GOOPSI_main_v1_0.pdf (6 pages, 38633 bytes).
PDF statistics:
 37 PDF objects out of 1000 (max. 8388607)
 0 named destinations out of 1000 (max. 131072)
 1 words of extra memory for PDF output out of 10000 (max. 10000000)

